21:04:29.399  INFO  manager.ApplicationManager  Testing on Firefox Driver
21:04:29.861  INFO  tests.TestBase             ############### Start  test loginNegativeTestWrongEmail
21:04:29.864  INFO  manager.NGListener  Start of the test: loginNegativeTestWrongEmail
21:04:29.866  INFO  manager.MyListener  Start searching element by By.xpath: //a[@href='/login']
21:04:29.886  INFO  manager.MyListener  The element with locator by By.xpath: //a[@href='/login'] is found successfully
21:04:30.168  INFO  manager.MyListener  Start searching element by By.xpath: //input[1]
21:04:30.187  INFO  manager.MyListener  The element with locator by By.xpath: //input[1] is found successfully
21:04:30.463  INFO  manager.MyListener  Start searching element by By.xpath: //input[2]
21:04:30.477  INFO  manager.MyListener  The element with locator by By.xpath: //input[2] is found successfully
21:04:30.755  INFO  manager.MyListener  Start searching element by By.xpath: //button[1]
21:04:30.774  INFO  manager.MyListener  The element with locator by By.xpath: //button[1] is found successfully
21:04:31.003  INFO  manager.NGListener  Test Success: loginNegativeTestWrongEmail
21:04:31.004  INFO  tests.TestBase       ###### Finished  #########
21:04:31.005  INFO  tests.TestBase             ############### Start  test loginPositiveTest
21:04:31.005  INFO  manager.NGListener  Start of the test: loginPositiveTest
21:04:31.006  INFO  manager.MyListener  Start searching element by By.xpath: //a[@href='/login']
21:04:31.021  INFO  manager.MyListener  The element with locator by By.xpath: //a[@href='/login'] is found successfully
21:04:31.243  INFO  manager.MyListener  Start searching element by By.xpath: //input[1]
21:04:31.960  INFO  manager.MyListener  Something went wrong!
21:04:31.960  INFO  manager.MyListener  Failed to convert data to an object
Build info: version: '3.141.59', revision: 'e82be7d358', time: '2018-11-14T08:17:03'
System info: host: 'LAPTOP-QKHLCVKT', ip: '192.168.88.107', os.name: 'Windows 11', os.arch: 'amd64', os.version: '10.0', java.version: '1.8.0_333'
Driver info: org.openqa.selenium.firefox.FirefoxDriver
Capabilities {acceptInsecureCerts: true, browserName: firefox, browserVersion: 113.0.1, javascriptEnabled: true, moz:accessibilityChecks: false, moz:buildID: 20230511191846, moz:geckodriverVersion: 0.32.0, moz:headless: false, moz:platformVersion: 10.0, moz:processID: 19988, moz:profile: C:\Users\Liora\AppData\Loca..., moz:shutdownTimeout: 60000, moz:useNonSpecCompliantPointerOrigin: false, moz:webdriverClick: true, moz:windowless: false, pageLoadStrategy: normal, platform: WINDOWS, platformName: WINDOWS, proxy: Proxy(), setWindowRect: true, strictFileInteractability: false, timeouts: {implicit: 0, pageLoad: 300000, script: 30000}, unhandledPromptBehavior: dismiss and notify}
Session ID: b9657197-dad9-4f9f-b1d9-a70913aeb3d2
*** Element info: {Using=xpath, value=//input[1]}
21:04:31.960  INFO  manager.MyListener  org.openqa.selenium.WebDriverException: Failed to convert data to an object
Build info: version: '3.141.59', revision: 'e82be7d358', time: '2018-11-14T08:17:03'
System info: host: 'LAPTOP-QKHLCVKT', ip: '192.168.88.107', os.name: 'Windows 11', os.arch: 'amd64', os.version: '10.0', java.version: '1.8.0_333'
Driver info: org.openqa.selenium.firefox.FirefoxDriver
Capabilities {acceptInsecureCerts: true, browserName: firefox, browserVersion: 113.0.1, javascriptEnabled: true, moz:accessibilityChecks: false, moz:buildID: 20230511191846, moz:geckodriverVersion: 0.32.0, moz:headless: false, moz:platformVersion: 10.0, moz:processID: 19988, moz:profile: C:\Users\Liora\AppData\Loca..., moz:shutdownTimeout: 60000, moz:useNonSpecCompliantPointerOrigin: false, moz:webdriverClick: true, moz:windowless: false, pageLoadStrategy: normal, platform: WINDOWS, platformName: WINDOWS, proxy: Proxy(), setWindowRect: true, strictFileInteractability: false, timeouts: {implicit: 0, pageLoad: 300000, script: 30000}, unhandledPromptBehavior: dismiss and notify}
Session ID: b9657197-dad9-4f9f-b1d9-a70913aeb3d2
*** Element info: {Using=xpath, value=//input[1]}
21:04:31.981  INFO  manager.NGListener  Test Failure: org.openqa.selenium.UnhandledAlertException: Dismissed user prompt dialog: Wrong email or password: 
Build info: version: '3.141.59', revision: 'e82be7d358', time: '2018-11-14T08:17:03'
System info: host: 'LAPTOP-QKHLCVKT', ip: '192.168.88.107', os.name: 'Windows 11', os.arch: 'amd64', os.version: '10.0', java.version: '1.8.0_333'
Driver info: org.openqa.selenium.firefox.FirefoxDriver
Capabilities {acceptInsecureCerts: true, browserName: firefox, browserVersion: 113.0.1, javascriptEnabled: true, moz:accessibilityChecks: false, moz:buildID: 20230511191846, moz:geckodriverVersion: 0.32.0, moz:headless: false, moz:platformVersion: 10.0, moz:processID: 19988, moz:profile: C:\Users\Liora\AppData\Loca..., moz:shutdownTimeout: 60000, moz:useNonSpecCompliantPointerOrigin: false, moz:webdriverClick: true, moz:windowless: false, pageLoadStrategy: normal, platform: WINDOWS, platformName: WINDOWS, proxy: Proxy(), setWindowRect: true, strictFileInteractability: false, timeouts: {implicit: 0, pageLoad: 300000, script: 30000}, unhandledPromptBehavior: dismiss and notify}
Session ID: b9657197-dad9-4f9f-b1d9-a70913aeb3d2
21:04:31.981  INFO  tests.TestBase       ###### Finished  #########
21:04:31.985  INFO  tests.TestBase             ############### Start  test loginNegativeTestWrongEmail
21:04:31.985  INFO  manager.NGListener  Start of the test: loginNegativeTestWrongEmail
21:04:31.985  INFO  manager.MyListener  Start searching element by By.xpath: //a[@href='/login']
21:04:32.001  INFO  manager.MyListener  The element with locator by By.xpath: //a[@href='/login'] is found successfully
21:04:32.224  INFO  manager.MyListener  Start searching element by By.xpath: //input[1]
21:04:32.241  INFO  manager.MyListener  The element with locator by By.xpath: //input[1] is found successfully
21:04:32.500  INFO  manager.MyListener  Start searching element by By.xpath: //input[2]
21:04:32.507  INFO  manager.MyListener  The element with locator by By.xpath: //input[2] is found successfully
21:04:32.783  INFO  manager.MyListener  Start searching element by By.xpath: //button[1]
21:04:32.803  INFO  manager.MyListener  The element with locator by By.xpath: //button[1] is found successfully
21:04:33.025  INFO  manager.NGListener  Test Success: loginNegativeTestWrongEmail
21:04:33.025  INFO  tests.TestBase       ###### Finished  #########
21:04:33.026  INFO  tests.TestBase             ############### Start  test loginPositiveTest
21:04:33.026  INFO  manager.NGListener  Start of the test: loginPositiveTest
21:04:33.026  INFO  manager.MyListener  Start searching element by By.xpath: //a[@href='/login']
21:04:33.035  INFO  manager.MyListener  The element with locator by By.xpath: //a[@href='/login'] is found successfully
21:04:33.216  INFO  manager.MyListener  Start searching element by By.xpath: //input[1]
21:04:33.230  INFO  manager.MyListener  Something went wrong!
21:04:33.230  INFO  manager.MyListener  Dismissed user prompt dialog: Wrong email or password: 
Build info: version: '3.141.59', revision: 'e82be7d358', time: '2018-11-14T08:17:03'
System info: host: 'LAPTOP-QKHLCVKT', ip: '192.168.88.107', os.name: 'Windows 11', os.arch: 'amd64', os.version: '10.0', java.version: '1.8.0_333'
Driver info: org.openqa.selenium.firefox.FirefoxDriver
Capabilities {acceptInsecureCerts: true, browserName: firefox, browserVersion: 113.0.1, javascriptEnabled: true, moz:accessibilityChecks: false, moz:buildID: 20230511191846, moz:geckodriverVersion: 0.32.0, moz:headless: false, moz:platformVersion: 10.0, moz:processID: 19988, moz:profile: C:\Users\Liora\AppData\Loca..., moz:shutdownTimeout: 60000, moz:useNonSpecCompliantPointerOrigin: false, moz:webdriverClick: true, moz:windowless: false, pageLoadStrategy: normal, platform: WINDOWS, platformName: WINDOWS, proxy: Proxy(), setWindowRect: true, strictFileInteractability: false, timeouts: {implicit: 0, pageLoad: 300000, script: 30000}, unhandledPromptBehavior: dismiss and notify}
Session ID: b9657197-dad9-4f9f-b1d9-a70913aeb3d2
*** Element info: {Using=xpath, value=//input[1]}
21:04:33.230  INFO  manager.MyListener  org.openqa.selenium.UnhandledAlertException: Dismissed user prompt dialog: Wrong email or password: 
Build info: version: '3.141.59', revision: 'e82be7d358', time: '2018-11-14T08:17:03'
System info: host: 'LAPTOP-QKHLCVKT', ip: '192.168.88.107', os.name: 'Windows 11', os.arch: 'amd64', os.version: '10.0', java.version: '1.8.0_333'
Driver info: org.openqa.selenium.firefox.FirefoxDriver
Capabilities {acceptInsecureCerts: true, browserName: firefox, browserVersion: 113.0.1, javascriptEnabled: true, moz:accessibilityChecks: false, moz:buildID: 20230511191846, moz:geckodriverVersion: 0.32.0, moz:headless: false, moz:platformVersion: 10.0, moz:processID: 19988, moz:profile: C:\Users\Liora\AppData\Loca..., moz:shutdownTimeout: 60000, moz:useNonSpecCompliantPointerOrigin: false, moz:webdriverClick: true, moz:windowless: false, pageLoadStrategy: normal, platform: WINDOWS, platformName: WINDOWS, proxy: Proxy(), setWindowRect: true, strictFileInteractability: false, timeouts: {implicit: 0, pageLoad: 300000, script: 30000}, unhandledPromptBehavior: dismiss and notify}
Session ID: b9657197-dad9-4f9f-b1d9-a70913aeb3d2
*** Element info: {Using=xpath, value=//input[1]}
21:04:33.474  INFO  manager.MyListener  Here is the link to screenshot with error: src/test/screenshots/screenshot - 273.png
21:04:33.474  INFO  manager.NGListener  Test Failure: org.openqa.selenium.UnhandledAlertException: Dismissed user prompt dialog: Wrong email or password: 
Build info: version: '3.141.59', revision: 'e82be7d358', time: '2018-11-14T08:17:03'
System info: host: 'LAPTOP-QKHLCVKT', ip: '192.168.88.107', os.name: 'Windows 11', os.arch: 'amd64', os.version: '10.0', java.version: '1.8.0_333'
Driver info: org.openqa.selenium.firefox.FirefoxDriver
Capabilities {acceptInsecureCerts: true, browserName: firefox, browserVersion: 113.0.1, javascriptEnabled: true, moz:accessibilityChecks: false, moz:buildID: 20230511191846, moz:geckodriverVersion: 0.32.0, moz:headless: false, moz:platformVersion: 10.0, moz:processID: 19988, moz:profile: C:\Users\Liora\AppData\Loca..., moz:shutdownTimeout: 60000, moz:useNonSpecCompliantPointerOrigin: false, moz:webdriverClick: true, moz:windowless: false, pageLoadStrategy: normal, platform: WINDOWS, platformName: WINDOWS, proxy: Proxy(), setWindowRect: true, strictFileInteractability: false, timeouts: {implicit: 0, pageLoad: 300000, script: 30000}, unhandledPromptBehavior: dismiss and notify}
Session ID: b9657197-dad9-4f9f-b1d9-a70913aeb3d2
*** Element info: {Using=xpath, value=//input[1]}
21:04:33.474  INFO  tests.TestBase       ###### Finished  #########
21:04:33.476  INFO  tests.TestBase             ############### Start  test regPositiveTest
21:04:33.476  INFO  manager.MyListener  Start searching element by By.xpath: //button[.='Sign Out']
21:04:43.495  INFO  manager.MyListener  The element with locator by By.xpath: //button[.='Sign Out'] is found successfully
21:04:43.495  INFO  manager.NGListener  Start of the test: regPositiveTest
21:04:43.495  INFO  manager.MyListener  Start searching element by By.xpath: //a[@href='/login']
21:04:43.510  INFO  manager.MyListener  The element with locator by By.xpath: //a[@href='/login'] is found successfully
21:04:43.735  INFO  manager.MyListener  Start searching element by By.xpath: //input[1]
21:04:43.744  INFO  manager.MyListener  The element with locator by By.xpath: //input[1] is found successfully
21:04:44.011  INFO  manager.MyListener  Start searching element by By.xpath: //input[2]
21:04:44.024  INFO  manager.MyListener  The element with locator by By.xpath: //input[2] is found successfully
21:04:44.282  INFO  manager.MyListener  Start searching element by By.xpath: //button[2]
21:04:44.289  INFO  manager.MyListener  The element with locator by By.xpath: //button[2] is found successfully
21:04:44.513  INFO  manager.MyListener  Start searching element by By.xpath: //a[text()='ADD']
21:04:44.774  INFO  manager.MyListener  The element with locator by By.xpath: //a[text()='ADD'] is found successfully
21:04:44.775  INFO  manager.NGListener  Test Success: regPositiveTest
21:04:44.775  INFO  tests.TestBase       ###### Finished  #########
21:04:44.777  INFO  tests.TestBase             ############### Start  test registrationWrongEmail
21:04:44.777  INFO  manager.MyListener  Start searching element by By.xpath: //button[.='Sign Out']
21:04:44.790  INFO  manager.MyListener  The element with locator by By.xpath: //button[.='Sign Out'] is found successfully
21:04:44.791  INFO  manager.MyListener  Start searching element by By.xpath: //button[.='Sign Out']
21:04:44.805  INFO  manager.MyListener  The element with locator by By.xpath: //button[.='Sign Out'] is found successfully
21:04:45.029  INFO  manager.NGListener  Start of the test: registrationWrongEmail
21:04:45.029  INFO  manager.MyListener  Start searching element by By.xpath: //a[@href='/login']
21:04:45.041  INFO  manager.MyListener  The element with locator by By.xpath: //a[@href='/login'] is found successfully
21:04:45.264  INFO  tests.TestBase  registrationWrongEmail starts with name285mail.com & $Abcd1234
21:04:45.264  INFO  manager.MyListener  Start searching element by By.xpath: //input[1]
21:04:45.274  INFO  manager.MyListener  The element with locator by By.xpath: //input[1] is found successfully
21:04:45.535  INFO  manager.MyListener  Start searching element by By.xpath: //input[2]
21:04:45.554  INFO  manager.MyListener  The element with locator by By.xpath: //input[2] is found successfully
21:04:45.813  INFO  manager.MyListener  Start searching element by By.xpath: //button[2]
21:04:45.820  INFO  manager.MyListener  The element with locator by By.xpath: //button[2] is found successfully
21:04:46.095  INFO  manager.NGListener  Test Success: registrationWrongEmail
21:04:46.099  INFO  tests.TestBase       ###### Finished  #########
