15:32:06.110  INFO  manager.ApplicationManager  Testing on Firefox Driver
15:32:06.594  INFO  tests.TestBase             ############### Start  test loginNegativeTestWrongEmail
15:32:06.595  INFO  manager.NGListener  Start of the test: loginNegativeTestWrongEmail
15:32:06.598  INFO  manager.MyListener  Start searching element by By.xpath: //a[@href='/login']
15:32:06.618  INFO  manager.MyListener  The element with locator by By.xpath: //a[@href='/login'] is found successfully
15:32:06.884  INFO  manager.MyListener  Start searching element by By.xpath: //input[1]
15:32:06.903  INFO  manager.MyListener  The element with locator by By.xpath: //input[1] is found successfully
15:32:07.183  INFO  manager.MyListener  Start searching element by By.xpath: //input[2]
15:32:07.197  INFO  manager.MyListener  The element with locator by By.xpath: //input[2] is found successfully
15:32:07.475  INFO  manager.MyListener  Start searching element by By.xpath: //button[1]
15:32:07.482  INFO  manager.MyListener  The element with locator by By.xpath: //button[1] is found successfully
15:32:07.711  INFO  manager.NGListener  Test Success: loginNegativeTestWrongEmail
15:32:07.712  INFO  tests.TestBase       ###### Finished  #########
15:32:07.714  INFO  tests.TestBase             ############### Start  test loginNegativeTestWrongPassword
15:32:07.714  INFO  manager.NGListener  Start of the test: loginNegativeTestWrongPassword
15:32:07.714  INFO  manager.MyListener  Start searching element by By.xpath: //a[@href='/login']
15:32:07.728  INFO  manager.MyListener  The element with locator by By.xpath: //a[@href='/login'] is found successfully
15:32:07.949  INFO  manager.MyListener  Start searching element by By.xpath: //input[1]
15:32:08.581  INFO  manager.MyListener  Something went wrong!
15:32:08.581  INFO  manager.MyListener  Failed to convert data to an object
Build info: version: '3.141.59', revision: 'e82be7d358', time: '2018-11-14T08:17:03'
System info: host: 'LAPTOP-QKHLCVKT', ip: '192.168.88.107', os.name: 'Windows 11', os.arch: 'amd64', os.version: '10.0', java.version: '1.8.0_333'
Driver info: org.openqa.selenium.firefox.FirefoxDriver
Capabilities {acceptInsecureCerts: true, browserName: firefox, browserVersion: 113.0.1, javascriptEnabled: true, moz:accessibilityChecks: false, moz:buildID: 20230511191846, moz:geckodriverVersion: 0.32.0, moz:headless: false, moz:platformVersion: 10.0, moz:processID: 10952, moz:profile: C:\Users\Liora\AppData\Loca..., moz:shutdownTimeout: 60000, moz:useNonSpecCompliantPointerOrigin: false, moz:webdriverClick: true, moz:windowless: false, pageLoadStrategy: normal, platform: WINDOWS, platformName: WINDOWS, proxy: Proxy(), setWindowRect: true, strictFileInteractability: false, timeouts: {implicit: 0, pageLoad: 300000, script: 30000}, unhandledPromptBehavior: dismiss and notify}
Session ID: 6390a4a4-3c2a-4e37-a801-d490e1c28fc3
*** Element info: {Using=xpath, value=//input[1]}
15:32:08.581  INFO  manager.MyListener  org.openqa.selenium.WebDriverException: Failed to convert data to an object
Build info: version: '3.141.59', revision: 'e82be7d358', time: '2018-11-14T08:17:03'
System info: host: 'LAPTOP-QKHLCVKT', ip: '192.168.88.107', os.name: 'Windows 11', os.arch: 'amd64', os.version: '10.0', java.version: '1.8.0_333'
Driver info: org.openqa.selenium.firefox.FirefoxDriver
Capabilities {acceptInsecureCerts: true, browserName: firefox, browserVersion: 113.0.1, javascriptEnabled: true, moz:accessibilityChecks: false, moz:buildID: 20230511191846, moz:geckodriverVersion: 0.32.0, moz:headless: false, moz:platformVersion: 10.0, moz:processID: 10952, moz:profile: C:\Users\Liora\AppData\Loca..., moz:shutdownTimeout: 60000, moz:useNonSpecCompliantPointerOrigin: false, moz:webdriverClick: true, moz:windowless: false, pageLoadStrategy: normal, platform: WINDOWS, platformName: WINDOWS, proxy: Proxy(), setWindowRect: true, strictFileInteractability: false, timeouts: {implicit: 0, pageLoad: 300000, script: 30000}, unhandledPromptBehavior: dismiss and notify}
Session ID: 6390a4a4-3c2a-4e37-a801-d490e1c28fc3
*** Element info: {Using=xpath, value=//input[1]}
15:32:08.791  INFO  manager.NGListener  Test Failure: org.openqa.selenium.UnhandledAlertException: Dismissed user prompt dialog: Wrong email or password: 
Build info: version: '3.141.59', revision: 'e82be7d358', time: '2018-11-14T08:17:03'
System info: host: 'LAPTOP-QKHLCVKT', ip: '192.168.88.107', os.name: 'Windows 11', os.arch: 'amd64', os.version: '10.0', java.version: '1.8.0_333'
Driver info: org.openqa.selenium.firefox.FirefoxDriver
Capabilities {acceptInsecureCerts: true, browserName: firefox, browserVersion: 113.0.1, javascriptEnabled: true, moz:accessibilityChecks: false, moz:buildID: 20230511191846, moz:geckodriverVersion: 0.32.0, moz:headless: false, moz:platformVersion: 10.0, moz:processID: 10952, moz:profile: C:\Users\Liora\AppData\Loca..., moz:shutdownTimeout: 60000, moz:useNonSpecCompliantPointerOrigin: false, moz:webdriverClick: true, moz:windowless: false, pageLoadStrategy: normal, platform: WINDOWS, platformName: WINDOWS, proxy: Proxy(), setWindowRect: true, strictFileInteractability: false, timeouts: {implicit: 0, pageLoad: 300000, script: 30000}, unhandledPromptBehavior: dismiss and notify}
Session ID: 6390a4a4-3c2a-4e37-a801-d490e1c28fc3
15:32:08.791  INFO  tests.TestBase       ###### Finished  #########
15:32:08.792  INFO  tests.TestBase             ############### Start  test loginPositiveTest
15:32:08.792  INFO  manager.NGListener  Start of the test: loginPositiveTest
15:32:08.792  INFO  manager.MyListener  Start searching element by By.xpath: //a[@href='/login']
15:32:08.804  INFO  manager.MyListener  The element with locator by By.xpath: //a[@href='/login'] is found successfully
15:32:09.534  INFO  manager.MyListener  Start searching element by By.xpath: //input[1]
15:32:09.539  INFO  manager.MyListener  The element with locator by By.xpath: //input[1] is found successfully
15:32:10.083  INFO  manager.MyListener  Start searching element by By.xpath: //input[2]
15:32:10.099  INFO  manager.MyListener  The element with locator by By.xpath: //input[2] is found successfully
15:32:10.861  INFO  manager.MyListener  Start searching element by By.xpath: //button[1]
15:32:10.866  INFO  manager.MyListener  The element with locator by By.xpath: //button[1] is found successfully
15:32:11.331  INFO  manager.MyListener  Start searching element by By.xpath: //button[.='Sign Out']
15:32:11.353  INFO  manager.MyListener  The element with locator by By.xpath: //button[.='Sign Out'] is found successfully
15:32:11.355  INFO  manager.NGListener  Test Success: loginPositiveTest
15:32:11.356  INFO  tests.TestBase       ###### Finished  #########
15:32:11.356  INFO  tests.TestBase             ############### Start  test loginPositiveTest
15:32:11.356  INFO  manager.NGListener  Start of the test: loginPositiveTest
15:32:11.356  INFO  manager.MyListener  Start searching element by By.xpath: //a[@href='/login']
15:32:21.371  INFO  manager.MyListener  Something went wrong!
15:32:21.371  INFO  manager.MyListener  Unable to locate element: //a[@href='/login']
For documentation on this error, please visit: https://www.seleniumhq.org/exceptions/no_such_element.html
Build info: version: '3.141.59', revision: 'e82be7d358', time: '2018-11-14T08:17:03'
System info: host: 'LAPTOP-QKHLCVKT', ip: '192.168.88.107', os.name: 'Windows 11', os.arch: 'amd64', os.version: '10.0', java.version: '1.8.0_333'
Driver info: org.openqa.selenium.firefox.FirefoxDriver
Capabilities {acceptInsecureCerts: true, browserName: firefox, browserVersion: 113.0.1, javascriptEnabled: true, moz:accessibilityChecks: false, moz:buildID: 20230511191846, moz:geckodriverVersion: 0.32.0, moz:headless: false, moz:platformVersion: 10.0, moz:processID: 10952, moz:profile: C:\Users\Liora\AppData\Loca..., moz:shutdownTimeout: 60000, moz:useNonSpecCompliantPointerOrigin: false, moz:webdriverClick: true, moz:windowless: false, pageLoadStrategy: normal, platform: WINDOWS, platformName: WINDOWS, proxy: Proxy(), setWindowRect: true, strictFileInteractability: false, timeouts: {implicit: 0, pageLoad: 300000, script: 30000}, unhandledPromptBehavior: dismiss and notify}
Session ID: 6390a4a4-3c2a-4e37-a801-d490e1c28fc3
*** Element info: {Using=xpath, value=//a[@href='/login']}
15:32:21.371  INFO  manager.MyListener  org.openqa.selenium.NoSuchElementException: Unable to locate element: //a[@href='/login']
For documentation on this error, please visit: https://www.seleniumhq.org/exceptions/no_such_element.html
Build info: version: '3.141.59', revision: 'e82be7d358', time: '2018-11-14T08:17:03'
System info: host: 'LAPTOP-QKHLCVKT', ip: '192.168.88.107', os.name: 'Windows 11', os.arch: 'amd64', os.version: '10.0', java.version: '1.8.0_333'
Driver info: org.openqa.selenium.firefox.FirefoxDriver
Capabilities {acceptInsecureCerts: true, browserName: firefox, browserVersion: 113.0.1, javascriptEnabled: true, moz:accessibilityChecks: false, moz:buildID: 20230511191846, moz:geckodriverVersion: 0.32.0, moz:headless: false, moz:platformVersion: 10.0, moz:processID: 10952, moz:profile: C:\Users\Liora\AppData\Loca..., moz:shutdownTimeout: 60000, moz:useNonSpecCompliantPointerOrigin: false, moz:webdriverClick: true, moz:windowless: false, pageLoadStrategy: normal, platform: WINDOWS, platformName: WINDOWS, proxy: Proxy(), setWindowRect: true, strictFileInteractability: false, timeouts: {implicit: 0, pageLoad: 300000, script: 30000}, unhandledPromptBehavior: dismiss and notify}
Session ID: 6390a4a4-3c2a-4e37-a801-d490e1c28fc3
*** Element info: {Using=xpath, value=//a[@href='/login']}
15:32:21.693  INFO  manager.MyListener  Here is the link to screenshot with error: src/test/screenshots/screenshot - 1941.png
15:32:21.693  INFO  manager.NGListener  Test Failure: org.openqa.selenium.NoSuchElementException: Unable to locate element: //a[@href='/login']
For documentation on this error, please visit: https://www.seleniumhq.org/exceptions/no_such_element.html
Build info: version: '3.141.59', revision: 'e82be7d358', time: '2018-11-14T08:17:03'
System info: host: 'LAPTOP-QKHLCVKT', ip: '192.168.88.107', os.name: 'Windows 11', os.arch: 'amd64', os.version: '10.0', java.version: '1.8.0_333'
Driver info: org.openqa.selenium.firefox.FirefoxDriver
Capabilities {acceptInsecureCerts: true, browserName: firefox, browserVersion: 113.0.1, javascriptEnabled: true, moz:accessibilityChecks: false, moz:buildID: 20230511191846, moz:geckodriverVersion: 0.32.0, moz:headless: false, moz:platformVersion: 10.0, moz:processID: 10952, moz:profile: C:\Users\Liora\AppData\Loca..., moz:shutdownTimeout: 60000, moz:useNonSpecCompliantPointerOrigin: false, moz:webdriverClick: true, moz:windowless: false, pageLoadStrategy: normal, platform: WINDOWS, platformName: WINDOWS, proxy: Proxy(), setWindowRect: true, strictFileInteractability: false, timeouts: {implicit: 0, pageLoad: 300000, script: 30000}, unhandledPromptBehavior: dismiss and notify}
Session ID: 6390a4a4-3c2a-4e37-a801-d490e1c28fc3
*** Element info: {Using=xpath, value=//a[@href='/login']}
15:32:21.693  INFO  tests.TestBase       ###### Finished  #########
15:32:21.694  INFO  tests.TestBase             ############### Start  test loginPositiveTest
15:32:21.695  INFO  manager.NGListener  Start of the test: loginPositiveTest
15:32:21.695  INFO  manager.MyListener  Start searching element by By.xpath: //a[@href='/login']
15:32:31.725  INFO  manager.MyListener  Something went wrong!
15:32:31.725  INFO  manager.MyListener  Unable to locate element: //a[@href='/login']
For documentation on this error, please visit: https://www.seleniumhq.org/exceptions/no_such_element.html
Build info: version: '3.141.59', revision: 'e82be7d358', time: '2018-11-14T08:17:03'
System info: host: 'LAPTOP-QKHLCVKT', ip: '192.168.88.107', os.name: 'Windows 11', os.arch: 'amd64', os.version: '10.0', java.version: '1.8.0_333'
Driver info: org.openqa.selenium.firefox.FirefoxDriver
Capabilities {acceptInsecureCerts: true, browserName: firefox, browserVersion: 113.0.1, javascriptEnabled: true, moz:accessibilityChecks: false, moz:buildID: 20230511191846, moz:geckodriverVersion: 0.32.0, moz:headless: false, moz:platformVersion: 10.0, moz:processID: 10952, moz:profile: C:\Users\Liora\AppData\Loca..., moz:shutdownTimeout: 60000, moz:useNonSpecCompliantPointerOrigin: false, moz:webdriverClick: true, moz:windowless: false, pageLoadStrategy: normal, platform: WINDOWS, platformName: WINDOWS, proxy: Proxy(), setWindowRect: true, strictFileInteractability: false, timeouts: {implicit: 0, pageLoad: 300000, script: 30000}, unhandledPromptBehavior: dismiss and notify}
Session ID: 6390a4a4-3c2a-4e37-a801-d490e1c28fc3
*** Element info: {Using=xpath, value=//a[@href='/login']}
15:32:31.725  INFO  manager.MyListener  org.openqa.selenium.NoSuchElementException: Unable to locate element: //a[@href='/login']
For documentation on this error, please visit: https://www.seleniumhq.org/exceptions/no_such_element.html
Build info: version: '3.141.59', revision: 'e82be7d358', time: '2018-11-14T08:17:03'
System info: host: 'LAPTOP-QKHLCVKT', ip: '192.168.88.107', os.name: 'Windows 11', os.arch: 'amd64', os.version: '10.0', java.version: '1.8.0_333'
Driver info: org.openqa.selenium.firefox.FirefoxDriver
Capabilities {acceptInsecureCerts: true, browserName: firefox, browserVersion: 113.0.1, javascriptEnabled: true, moz:accessibilityChecks: false, moz:buildID: 20230511191846, moz:geckodriverVersion: 0.32.0, moz:headless: false, moz:platformVersion: 10.0, moz:processID: 10952, moz:profile: C:\Users\Liora\AppData\Loca..., moz:shutdownTimeout: 60000, moz:useNonSpecCompliantPointerOrigin: false, moz:webdriverClick: true, moz:windowless: false, pageLoadStrategy: normal, platform: WINDOWS, platformName: WINDOWS, proxy: Proxy(), setWindowRect: true, strictFileInteractability: false, timeouts: {implicit: 0, pageLoad: 300000, script: 30000}, unhandledPromptBehavior: dismiss and notify}
Session ID: 6390a4a4-3c2a-4e37-a801-d490e1c28fc3
*** Element info: {Using=xpath, value=//a[@href='/login']}
15:32:31.958  INFO  manager.MyListener  Here is the link to screenshot with error: src/test/screenshots/screenshot - 1951.png
15:32:31.958  INFO  manager.NGListener  Test Failure: org.openqa.selenium.NoSuchElementException: Unable to locate element: //a[@href='/login']
For documentation on this error, please visit: https://www.seleniumhq.org/exceptions/no_such_element.html
Build info: version: '3.141.59', revision: 'e82be7d358', time: '2018-11-14T08:17:03'
System info: host: 'LAPTOP-QKHLCVKT', ip: '192.168.88.107', os.name: 'Windows 11', os.arch: 'amd64', os.version: '10.0', java.version: '1.8.0_333'
Driver info: org.openqa.selenium.firefox.FirefoxDriver
Capabilities {acceptInsecureCerts: true, browserName: firefox, browserVersion: 113.0.1, javascriptEnabled: true, moz:accessibilityChecks: false, moz:buildID: 20230511191846, moz:geckodriverVersion: 0.32.0, moz:headless: false, moz:platformVersion: 10.0, moz:processID: 10952, moz:profile: C:\Users\Liora\AppData\Loca..., moz:shutdownTimeout: 60000, moz:useNonSpecCompliantPointerOrigin: false, moz:webdriverClick: true, moz:windowless: false, pageLoadStrategy: normal, platform: WINDOWS, platformName: WINDOWS, proxy: Proxy(), setWindowRect: true, strictFileInteractability: false, timeouts: {implicit: 0, pageLoad: 300000, script: 30000}, unhandledPromptBehavior: dismiss and notify}
Session ID: 6390a4a4-3c2a-4e37-a801-d490e1c28fc3
*** Element info: {Using=xpath, value=//a[@href='/login']}
15:32:31.960  INFO  tests.TestBase       ###### Finished  #########
