20:43:52.749  INFO  manager.ApplicationManager  Testing on Firefox Driver
20:43:53.229  INFO  tests.TestBase             ############### Start  test loginNegativeTestWrongEmail
20:43:53.230  INFO  manager.NGListener  Start of the test: loginNegativeTestWrongEmail
20:43:53.231  INFO  manager.MyListener  Start searching element by By.xpath: //a[@href='/login']
20:43:53.252  INFO  manager.MyListener  The element with locator by By.xpath: //a[@href='/login'] is found successfully
20:43:53.512  INFO  manager.MyListener  Start searching element by By.xpath: //input[1]
20:43:53.531  INFO  manager.MyListener  The element with locator by By.xpath: //input[1] is found successfully
20:43:53.810  INFO  manager.MyListener  Start searching element by By.xpath: //input[2]
20:43:53.826  INFO  manager.MyListener  The element with locator by By.xpath: //input[2] is found successfully
20:43:54.102  INFO  manager.MyListener  Start searching element by By.xpath: //button[1]
20:43:54.121  INFO  manager.MyListener  The element with locator by By.xpath: //button[1] is found successfully
20:43:54.361  INFO  manager.NGListener  Test Success: loginNegativeTestWrongEmail
20:43:54.361  INFO  tests.TestBase       ###### Finished  #########
20:43:54.363  INFO  tests.TestBase             ############### Start  test loginPositiveTest
20:43:54.363  INFO  manager.NGListener  Start of the test: loginPositiveTest
20:43:54.363  INFO  manager.MyListener  Start searching element by By.xpath: //a[@href='/login']
20:43:54.371  INFO  manager.MyListener  The element with locator by By.xpath: //a[@href='/login'] is found successfully
20:43:54.590  INFO  manager.MyListener  Start searching element by By.xpath: //input[1]
20:43:55.319  INFO  manager.MyListener  Something went wrong!
20:43:55.319  INFO  manager.MyListener  Failed to convert data to an object
Build info: version: '3.141.59', revision: 'e82be7d358', time: '2018-11-14T08:17:03'
System info: host: 'LAPTOP-QKHLCVKT', ip: '192.168.88.107', os.name: 'Windows 11', os.arch: 'amd64', os.version: '10.0', java.version: '1.8.0_333'
Driver info: org.openqa.selenium.firefox.FirefoxDriver
Capabilities {acceptInsecureCerts: true, browserName: firefox, browserVersion: 113.0.1, javascriptEnabled: true, moz:accessibilityChecks: false, moz:buildID: 20230511191846, moz:geckodriverVersion: 0.32.0, moz:headless: false, moz:platformVersion: 10.0, moz:processID: 7912, moz:profile: C:\Users\Liora\AppData\Loca..., moz:shutdownTimeout: 60000, moz:useNonSpecCompliantPointerOrigin: false, moz:webdriverClick: true, moz:windowless: false, pageLoadStrategy: normal, platform: WINDOWS, platformName: WINDOWS, proxy: Proxy(), setWindowRect: true, strictFileInteractability: false, timeouts: {implicit: 0, pageLoad: 300000, script: 30000}, unhandledPromptBehavior: dismiss and notify}
Session ID: 4cf68b79-96d5-4f58-8d84-fd78b8cf269f
*** Element info: {Using=xpath, value=//input[1]}
20:43:55.319  INFO  manager.MyListener  org.openqa.selenium.WebDriverException: Failed to convert data to an object
Build info: version: '3.141.59', revision: 'e82be7d358', time: '2018-11-14T08:17:03'
System info: host: 'LAPTOP-QKHLCVKT', ip: '192.168.88.107', os.name: 'Windows 11', os.arch: 'amd64', os.version: '10.0', java.version: '1.8.0_333'
Driver info: org.openqa.selenium.firefox.FirefoxDriver
Capabilities {acceptInsecureCerts: true, browserName: firefox, browserVersion: 113.0.1, javascriptEnabled: true, moz:accessibilityChecks: false, moz:buildID: 20230511191846, moz:geckodriverVersion: 0.32.0, moz:headless: false, moz:platformVersion: 10.0, moz:processID: 7912, moz:profile: C:\Users\Liora\AppData\Loca..., moz:shutdownTimeout: 60000, moz:useNonSpecCompliantPointerOrigin: false, moz:webdriverClick: true, moz:windowless: false, pageLoadStrategy: normal, platform: WINDOWS, platformName: WINDOWS, proxy: Proxy(), setWindowRect: true, strictFileInteractability: false, timeouts: {implicit: 0, pageLoad: 300000, script: 30000}, unhandledPromptBehavior: dismiss and notify}
Session ID: 4cf68b79-96d5-4f58-8d84-fd78b8cf269f
*** Element info: {Using=xpath, value=//input[1]}
20:43:55.341  INFO  manager.NGListener  Test Failure: org.openqa.selenium.UnhandledAlertException: Dismissed user prompt dialog: Wrong email or password: 
Build info: version: '3.141.59', revision: 'e82be7d358', time: '2018-11-14T08:17:03'
System info: host: 'LAPTOP-QKHLCVKT', ip: '192.168.88.107', os.name: 'Windows 11', os.arch: 'amd64', os.version: '10.0', java.version: '1.8.0_333'
Driver info: org.openqa.selenium.firefox.FirefoxDriver
Capabilities {acceptInsecureCerts: true, browserName: firefox, browserVersion: 113.0.1, javascriptEnabled: true, moz:accessibilityChecks: false, moz:buildID: 20230511191846, moz:geckodriverVersion: 0.32.0, moz:headless: false, moz:platformVersion: 10.0, moz:processID: 7912, moz:profile: C:\Users\Liora\AppData\Loca..., moz:shutdownTimeout: 60000, moz:useNonSpecCompliantPointerOrigin: false, moz:webdriverClick: true, moz:windowless: false, pageLoadStrategy: normal, platform: WINDOWS, platformName: WINDOWS, proxy: Proxy(), setWindowRect: true, strictFileInteractability: false, timeouts: {implicit: 0, pageLoad: 300000, script: 30000}, unhandledPromptBehavior: dismiss and notify}
Session ID: 4cf68b79-96d5-4f58-8d84-fd78b8cf269f
20:43:55.341  INFO  tests.TestBase       ###### Finished  #########
20:43:55.345  INFO  tests.TestBase             ############### Start  test loginNegativeTestWrongEmail
20:43:55.346  INFO  manager.NGListener  Start of the test: loginNegativeTestWrongEmail
20:43:55.346  INFO  manager.MyListener  Start searching element by By.xpath: //a[@href='/login']
20:43:55.352  INFO  manager.MyListener  The element with locator by By.xpath: //a[@href='/login'] is found successfully
20:43:55.575  INFO  manager.MyListener  Start searching element by By.xpath: //input[1]
20:43:55.587  INFO  manager.MyListener  The element with locator by By.xpath: //input[1] is found successfully
20:43:55.848  INFO  manager.MyListener  Start searching element by By.xpath: //input[2]
20:43:55.852  INFO  manager.MyListener  The element with locator by By.xpath: //input[2] is found successfully
20:43:56.111  INFO  manager.MyListener  Start searching element by By.xpath: //button[1]
20:43:56.115  INFO  manager.MyListener  The element with locator by By.xpath: //button[1] is found successfully
20:43:56.339  INFO  manager.NGListener  Test Success: loginNegativeTestWrongEmail
20:43:56.340  INFO  tests.TestBase       ###### Finished  #########
20:43:56.340  INFO  tests.TestBase             ############### Start  test loginPositiveTest
20:43:56.340  INFO  manager.NGListener  Start of the test: loginPositiveTest
20:43:56.340  INFO  manager.MyListener  Start searching element by By.xpath: //a[@href='/login']
20:43:56.349  INFO  manager.MyListener  The element with locator by By.xpath: //a[@href='/login'] is found successfully
20:43:56.528  INFO  manager.MyListener  Start searching element by By.xpath: //input[1]
20:43:56.556  INFO  manager.MyListener  Something went wrong!
20:43:56.556  INFO  manager.MyListener  Dismissed user prompt dialog: Wrong email or password: 
Build info: version: '3.141.59', revision: 'e82be7d358', time: '2018-11-14T08:17:03'
System info: host: 'LAPTOP-QKHLCVKT', ip: '192.168.88.107', os.name: 'Windows 11', os.arch: 'amd64', os.version: '10.0', java.version: '1.8.0_333'
Driver info: org.openqa.selenium.firefox.FirefoxDriver
Capabilities {acceptInsecureCerts: true, browserName: firefox, browserVersion: 113.0.1, javascriptEnabled: true, moz:accessibilityChecks: false, moz:buildID: 20230511191846, moz:geckodriverVersion: 0.32.0, moz:headless: false, moz:platformVersion: 10.0, moz:processID: 7912, moz:profile: C:\Users\Liora\AppData\Loca..., moz:shutdownTimeout: 60000, moz:useNonSpecCompliantPointerOrigin: false, moz:webdriverClick: true, moz:windowless: false, pageLoadStrategy: normal, platform: WINDOWS, platformName: WINDOWS, proxy: Proxy(), setWindowRect: true, strictFileInteractability: false, timeouts: {implicit: 0, pageLoad: 300000, script: 30000}, unhandledPromptBehavior: dismiss and notify}
Session ID: 4cf68b79-96d5-4f58-8d84-fd78b8cf269f
*** Element info: {Using=xpath, value=//input[1]}
20:43:56.556  INFO  manager.MyListener  org.openqa.selenium.UnhandledAlertException: Dismissed user prompt dialog: Wrong email or password: 
Build info: version: '3.141.59', revision: 'e82be7d358', time: '2018-11-14T08:17:03'
System info: host: 'LAPTOP-QKHLCVKT', ip: '192.168.88.107', os.name: 'Windows 11', os.arch: 'amd64', os.version: '10.0', java.version: '1.8.0_333'
Driver info: org.openqa.selenium.firefox.FirefoxDriver
Capabilities {acceptInsecureCerts: true, browserName: firefox, browserVersion: 113.0.1, javascriptEnabled: true, moz:accessibilityChecks: false, moz:buildID: 20230511191846, moz:geckodriverVersion: 0.32.0, moz:headless: false, moz:platformVersion: 10.0, moz:processID: 7912, moz:profile: C:\Users\Liora\AppData\Loca..., moz:shutdownTimeout: 60000, moz:useNonSpecCompliantPointerOrigin: false, moz:webdriverClick: true, moz:windowless: false, pageLoadStrategy: normal, platform: WINDOWS, platformName: WINDOWS, proxy: Proxy(), setWindowRect: true, strictFileInteractability: false, timeouts: {implicit: 0, pageLoad: 300000, script: 30000}, unhandledPromptBehavior: dismiss and notify}
Session ID: 4cf68b79-96d5-4f58-8d84-fd78b8cf269f
*** Element info: {Using=xpath, value=//input[1]}
20:43:56.759  INFO  manager.MyListener  Here is the link to screenshot with error: src/test/screenshots/screenshot - 2636.png
20:43:56.759  INFO  manager.NGListener  Test Failure: org.openqa.selenium.UnhandledAlertException: Dismissed user prompt dialog: Wrong email or password: 
Build info: version: '3.141.59', revision: 'e82be7d358', time: '2018-11-14T08:17:03'
System info: host: 'LAPTOP-QKHLCVKT', ip: '192.168.88.107', os.name: 'Windows 11', os.arch: 'amd64', os.version: '10.0', java.version: '1.8.0_333'
Driver info: org.openqa.selenium.firefox.FirefoxDriver
Capabilities {acceptInsecureCerts: true, browserName: firefox, browserVersion: 113.0.1, javascriptEnabled: true, moz:accessibilityChecks: false, moz:buildID: 20230511191846, moz:geckodriverVersion: 0.32.0, moz:headless: false, moz:platformVersion: 10.0, moz:processID: 7912, moz:profile: C:\Users\Liora\AppData\Loca..., moz:shutdownTimeout: 60000, moz:useNonSpecCompliantPointerOrigin: false, moz:webdriverClick: true, moz:windowless: false, pageLoadStrategy: normal, platform: WINDOWS, platformName: WINDOWS, proxy: Proxy(), setWindowRect: true, strictFileInteractability: false, timeouts: {implicit: 0, pageLoad: 300000, script: 30000}, unhandledPromptBehavior: dismiss and notify}
Session ID: 4cf68b79-96d5-4f58-8d84-fd78b8cf269f
*** Element info: {Using=xpath, value=//input[1]}
20:43:56.760  INFO  tests.TestBase       ###### Finished  #########
20:43:56.760  INFO  tests.TestBase             ############### Start  test regPositiveTest
20:43:56.761  INFO  manager.MyListener  Start searching element by By.xpath: //button[.='Sign Out']
20:44:02.970  INFO  manager.MyListener  Something went wrong!
20:44:02.972  INFO  manager.MyListener  TypeError: browsingContext.currentWindowGlobal is null
Build info: version: '3.141.59', revision: 'e82be7d358', time: '2018-11-14T08:17:03'
System info: host: 'LAPTOP-QKHLCVKT', ip: '192.168.88.107', os.name: 'Windows 11', os.arch: 'amd64', os.version: '10.0', java.version: '1.8.0_333'
Driver info: org.openqa.selenium.firefox.FirefoxDriver
Capabilities {acceptInsecureCerts: true, browserName: firefox, browserVersion: 113.0.1, javascriptEnabled: true, moz:accessibilityChecks: false, moz:buildID: 20230511191846, moz:geckodriverVersion: 0.32.0, moz:headless: false, moz:platformVersion: 10.0, moz:processID: 7912, moz:profile: C:\Users\Liora\AppData\Loca..., moz:shutdownTimeout: 60000, moz:useNonSpecCompliantPointerOrigin: false, moz:webdriverClick: true, moz:windowless: false, pageLoadStrategy: normal, platform: WINDOWS, platformName: WINDOWS, proxy: Proxy(), setWindowRect: true, strictFileInteractability: false, timeouts: {implicit: 0, pageLoad: 300000, script: 30000}, unhandledPromptBehavior: dismiss and notify}
Session ID: 4cf68b79-96d5-4f58-8d84-fd78b8cf269f
*** Element info: {Using=xpath, value=//button[.='Sign Out']}
20:44:02.972  INFO  manager.MyListener  org.openqa.selenium.WebDriverException: TypeError: browsingContext.currentWindowGlobal is null
Build info: version: '3.141.59', revision: 'e82be7d358', time: '2018-11-14T08:17:03'
System info: host: 'LAPTOP-QKHLCVKT', ip: '192.168.88.107', os.name: 'Windows 11', os.arch: 'amd64', os.version: '10.0', java.version: '1.8.0_333'
Driver info: org.openqa.selenium.firefox.FirefoxDriver
Capabilities {acceptInsecureCerts: true, browserName: firefox, browserVersion: 113.0.1, javascriptEnabled: true, moz:accessibilityChecks: false, moz:buildID: 20230511191846, moz:geckodriverVersion: 0.32.0, moz:headless: false, moz:platformVersion: 10.0, moz:processID: 7912, moz:profile: C:\Users\Liora\AppData\Loca..., moz:shutdownTimeout: 60000, moz:useNonSpecCompliantPointerOrigin: false, moz:webdriverClick: true, moz:windowless: false, pageLoadStrategy: normal, platform: WINDOWS, platformName: WINDOWS, proxy: Proxy(), setWindowRect: true, strictFileInteractability: false, timeouts: {implicit: 0, pageLoad: 300000, script: 30000}, unhandledPromptBehavior: dismiss and notify}
Session ID: 4cf68b79-96d5-4f58-8d84-fd78b8cf269f
*** Element info: {Using=xpath, value=//button[.='Sign Out']}
20:44:02.980  INFO  manager.NGListener  Start of the test: regPositiveTest
20:44:02.983  INFO  manager.NGListener  Start of the test: registrationWrongEmail
