15:16:44.918  INFO  manager.ApplicationManager  Testing on Firefox Driver
15:16:45.358  INFO  tests.TestBase             ############### Start  test loginNegativeTestWrongEmail
15:16:45.359  INFO  manager.NGListener  Start of the test: loginNegativeTestWrongEmail
15:16:45.360  INFO  manager.MyListener  Start searching element by By.xpath: //a[@href='/login']
15:16:45.377  INFO  manager.MyListener  The element with locator by By.xpath: //a[@href='/login'] is found successfully
15:16:45.643  INFO  manager.MyListener  Start searching element by By.xpath: //input[1]
15:16:45.659  INFO  manager.MyListener  The element with locator by By.xpath: //input[1] is found successfully
15:16:45.940  INFO  manager.MyListener  Start searching element by By.xpath: //input[2]
15:16:45.954  INFO  manager.MyListener  The element with locator by By.xpath: //input[2] is found successfully
15:16:46.215  INFO  manager.MyListener  Start searching element by By.xpath: //button[1]
15:16:46.234  INFO  manager.MyListener  The element with locator by By.xpath: //button[1] is found successfully
15:16:46.970  INFO  manager.NGListener  Test Success: loginNegativeTestWrongEmail
15:16:46.970  INFO  tests.TestBase       ###### Finished  #########
15:16:46.972  INFO  tests.TestBase             ############### Start  test loginPositiveTest
15:16:46.972  INFO  manager.NGListener  Start of the test: loginPositiveTest
15:16:46.972  INFO  manager.MyListener  Start searching element by By.xpath: //a[@href='/login']
15:16:46.981  INFO  manager.MyListener  The element with locator by By.xpath: //a[@href='/login'] is found successfully
15:16:47.369  INFO  manager.MyListener  Start searching element by By.xpath: //input[1]
15:16:49.744  INFO  manager.MyListener  Something went wrong!
15:16:49.744  INFO  manager.MyListener  Dismissed user prompt dialog: Wrong email or password: 
Build info: version: '3.141.59', revision: 'e82be7d358', time: '2018-11-14T08:17:03'
System info: host: 'LAPTOP-QKHLCVKT', ip: '192.168.88.107', os.name: 'Windows 11', os.arch: 'amd64', os.version: '10.0', java.version: '1.8.0_333'
Driver info: org.openqa.selenium.firefox.FirefoxDriver
Capabilities {acceptInsecureCerts: true, browserName: firefox, browserVersion: 113.0.1, javascriptEnabled: true, moz:accessibilityChecks: false, moz:buildID: 20230511191846, moz:geckodriverVersion: 0.32.0, moz:headless: false, moz:platformVersion: 10.0, moz:processID: 21116, moz:profile: C:\Users\Liora\AppData\Loca..., moz:shutdownTimeout: 60000, moz:useNonSpecCompliantPointerOrigin: false, moz:webdriverClick: true, moz:windowless: false, pageLoadStrategy: normal, platform: WINDOWS, platformName: WINDOWS, proxy: Proxy(), setWindowRect: true, strictFileInteractability: false, timeouts: {implicit: 0, pageLoad: 300000, script: 30000}, unhandledPromptBehavior: dismiss and notify}
Session ID: c5d5f438-fb63-4f2e-b679-efd7ea768c8c
*** Element info: {Using=xpath, value=//input[1]}
15:16:49.744  INFO  manager.MyListener  org.openqa.selenium.UnhandledAlertException: Dismissed user prompt dialog: Wrong email or password: 
Build info: version: '3.141.59', revision: 'e82be7d358', time: '2018-11-14T08:17:03'
System info: host: 'LAPTOP-QKHLCVKT', ip: '192.168.88.107', os.name: 'Windows 11', os.arch: 'amd64', os.version: '10.0', java.version: '1.8.0_333'
Driver info: org.openqa.selenium.firefox.FirefoxDriver
Capabilities {acceptInsecureCerts: true, browserName: firefox, browserVersion: 113.0.1, javascriptEnabled: true, moz:accessibilityChecks: false, moz:buildID: 20230511191846, moz:geckodriverVersion: 0.32.0, moz:headless: false, moz:platformVersion: 10.0, moz:processID: 21116, moz:profile: C:\Users\Liora\AppData\Loca..., moz:shutdownTimeout: 60000, moz:useNonSpecCompliantPointerOrigin: false, moz:webdriverClick: true, moz:windowless: false, pageLoadStrategy: normal, platform: WINDOWS, platformName: WINDOWS, proxy: Proxy(), setWindowRect: true, strictFileInteractability: false, timeouts: {implicit: 0, pageLoad: 300000, script: 30000}, unhandledPromptBehavior: dismiss and notify}
Session ID: c5d5f438-fb63-4f2e-b679-efd7ea768c8c
*** Element info: {Using=xpath, value=//input[1]}
15:16:49.935  INFO  manager.MyListener  Here is the link to screenshot with error: src/test/screenshots/screenshot - 1009.png
15:16:49.936  INFO  manager.NGListener  Test Failure: org.openqa.selenium.UnhandledAlertException: Dismissed user prompt dialog: Wrong email or password: 
Build info: version: '3.141.59', revision: 'e82be7d358', time: '2018-11-14T08:17:03'
System info: host: 'LAPTOP-QKHLCVKT', ip: '192.168.88.107', os.name: 'Windows 11', os.arch: 'amd64', os.version: '10.0', java.version: '1.8.0_333'
Driver info: org.openqa.selenium.firefox.FirefoxDriver
Capabilities {acceptInsecureCerts: true, browserName: firefox, browserVersion: 113.0.1, javascriptEnabled: true, moz:accessibilityChecks: false, moz:buildID: 20230511191846, moz:geckodriverVersion: 0.32.0, moz:headless: false, moz:platformVersion: 10.0, moz:processID: 21116, moz:profile: C:\Users\Liora\AppData\Loca..., moz:shutdownTimeout: 60000, moz:useNonSpecCompliantPointerOrigin: false, moz:webdriverClick: true, moz:windowless: false, pageLoadStrategy: normal, platform: WINDOWS, platformName: WINDOWS, proxy: Proxy(), setWindowRect: true, strictFileInteractability: false, timeouts: {implicit: 0, pageLoad: 300000, script: 30000}, unhandledPromptBehavior: dismiss and notify}
Session ID: c5d5f438-fb63-4f2e-b679-efd7ea768c8c
*** Element info: {Using=xpath, value=//input[1]}
15:16:49.936  INFO  tests.TestBase       ###### Finished  #########
15:16:49.936  INFO  tests.TestBase             ############### Start  test loginPositiveTest
15:16:49.937  INFO  manager.NGListener  Start of the test: loginPositiveTest
15:16:49.937  INFO  manager.MyListener  Start searching element by By.xpath: //a[@href='/login']
15:16:49.948  INFO  manager.MyListener  The element with locator by By.xpath: //a[@href='/login'] is found successfully
15:16:50.683  INFO  manager.MyListener  Start searching element by By.xpath: //input[1]
15:16:50.702  INFO  manager.MyListener  The element with locator by By.xpath: //input[1] is found successfully
15:16:51.226  INFO  manager.MyListener  Start searching element by By.xpath: //input[2]
15:16:51.231  INFO  manager.MyListener  The element with locator by By.xpath: //input[2] is found successfully
15:16:52.021  INFO  manager.MyListener  Start searching element by By.xpath: //button[1]
15:16:52.026  INFO  manager.MyListener  The element with locator by By.xpath: //button[1] is found successfully
15:16:52.461  INFO  manager.MyListener  Start searching element by By.xpath: //button[.='Sign Out']
15:16:52.481  INFO  manager.MyListener  The element with locator by By.xpath: //button[.='Sign Out'] is found successfully
15:16:52.483  INFO  manager.NGListener  Test Success: loginPositiveTest
15:16:52.483  INFO  tests.TestBase       ###### Finished  #########
15:16:52.484  INFO  tests.TestBase             ############### Start  test loginPositiveTest
15:16:52.484  INFO  manager.NGListener  Start of the test: loginPositiveTest
15:16:52.484  INFO  manager.MyListener  Start searching element by By.xpath: //a[@href='/login']
15:17:02.501  INFO  manager.MyListener  Something went wrong!
15:17:02.501  INFO  manager.MyListener  Unable to locate element: //a[@href='/login']
For documentation on this error, please visit: https://www.seleniumhq.org/exceptions/no_such_element.html
Build info: version: '3.141.59', revision: 'e82be7d358', time: '2018-11-14T08:17:03'
System info: host: 'LAPTOP-QKHLCVKT', ip: '192.168.88.107', os.name: 'Windows 11', os.arch: 'amd64', os.version: '10.0', java.version: '1.8.0_333'
Driver info: org.openqa.selenium.firefox.FirefoxDriver
Capabilities {acceptInsecureCerts: true, browserName: firefox, browserVersion: 113.0.1, javascriptEnabled: true, moz:accessibilityChecks: false, moz:buildID: 20230511191846, moz:geckodriverVersion: 0.32.0, moz:headless: false, moz:platformVersion: 10.0, moz:processID: 21116, moz:profile: C:\Users\Liora\AppData\Loca..., moz:shutdownTimeout: 60000, moz:useNonSpecCompliantPointerOrigin: false, moz:webdriverClick: true, moz:windowless: false, pageLoadStrategy: normal, platform: WINDOWS, platformName: WINDOWS, proxy: Proxy(), setWindowRect: true, strictFileInteractability: false, timeouts: {implicit: 0, pageLoad: 300000, script: 30000}, unhandledPromptBehavior: dismiss and notify}
Session ID: c5d5f438-fb63-4f2e-b679-efd7ea768c8c
*** Element info: {Using=xpath, value=//a[@href='/login']}
15:17:02.502  INFO  manager.MyListener  org.openqa.selenium.NoSuchElementException: Unable to locate element: //a[@href='/login']
For documentation on this error, please visit: https://www.seleniumhq.org/exceptions/no_such_element.html
Build info: version: '3.141.59', revision: 'e82be7d358', time: '2018-11-14T08:17:03'
System info: host: 'LAPTOP-QKHLCVKT', ip: '192.168.88.107', os.name: 'Windows 11', os.arch: 'amd64', os.version: '10.0', java.version: '1.8.0_333'
Driver info: org.openqa.selenium.firefox.FirefoxDriver
Capabilities {acceptInsecureCerts: true, browserName: firefox, browserVersion: 113.0.1, javascriptEnabled: true, moz:accessibilityChecks: false, moz:buildID: 20230511191846, moz:geckodriverVersion: 0.32.0, moz:headless: false, moz:platformVersion: 10.0, moz:processID: 21116, moz:profile: C:\Users\Liora\AppData\Loca..., moz:shutdownTimeout: 60000, moz:useNonSpecCompliantPointerOrigin: false, moz:webdriverClick: true, moz:windowless: false, pageLoadStrategy: normal, platform: WINDOWS, platformName: WINDOWS, proxy: Proxy(), setWindowRect: true, strictFileInteractability: false, timeouts: {implicit: 0, pageLoad: 300000, script: 30000}, unhandledPromptBehavior: dismiss and notify}
Session ID: c5d5f438-fb63-4f2e-b679-efd7ea768c8c
*** Element info: {Using=xpath, value=//a[@href='/login']}
15:17:02.735  INFO  manager.MyListener  Here is the link to screenshot with error: src/test/screenshots/screenshot - 1022.png
15:17:02.735  INFO  manager.NGListener  Test Failure: org.openqa.selenium.NoSuchElementException: Unable to locate element: //a[@href='/login']
For documentation on this error, please visit: https://www.seleniumhq.org/exceptions/no_such_element.html
Build info: version: '3.141.59', revision: 'e82be7d358', time: '2018-11-14T08:17:03'
System info: host: 'LAPTOP-QKHLCVKT', ip: '192.168.88.107', os.name: 'Windows 11', os.arch: 'amd64', os.version: '10.0', java.version: '1.8.0_333'
Driver info: org.openqa.selenium.firefox.FirefoxDriver
Capabilities {acceptInsecureCerts: true, browserName: firefox, browserVersion: 113.0.1, javascriptEnabled: true, moz:accessibilityChecks: false, moz:buildID: 20230511191846, moz:geckodriverVersion: 0.32.0, moz:headless: false, moz:platformVersion: 10.0, moz:processID: 21116, moz:profile: C:\Users\Liora\AppData\Loca..., moz:shutdownTimeout: 60000, moz:useNonSpecCompliantPointerOrigin: false, moz:webdriverClick: true, moz:windowless: false, pageLoadStrategy: normal, platform: WINDOWS, platformName: WINDOWS, proxy: Proxy(), setWindowRect: true, strictFileInteractability: false, timeouts: {implicit: 0, pageLoad: 300000, script: 30000}, unhandledPromptBehavior: dismiss and notify}
Session ID: c5d5f438-fb63-4f2e-b679-efd7ea768c8c
*** Element info: {Using=xpath, value=//a[@href='/login']}
15:17:02.736  INFO  tests.TestBase       ###### Finished  #########
15:17:02.743  INFO  tests.TestBase             ############### Start  test loginNegativeTestWrongEmail
15:17:02.744  INFO  manager.NGListener  Start of the test: loginNegativeTestWrongEmail
15:17:02.744  INFO  manager.MyListener  Start searching element by By.xpath: //a[@href='/login']
15:17:12.782  INFO  manager.MyListener  Something went wrong!
15:17:12.782  INFO  manager.MyListener  Unable to locate element: //a[@href='/login']
For documentation on this error, please visit: https://www.seleniumhq.org/exceptions/no_such_element.html
Build info: version: '3.141.59', revision: 'e82be7d358', time: '2018-11-14T08:17:03'
System info: host: 'LAPTOP-QKHLCVKT', ip: '192.168.88.107', os.name: 'Windows 11', os.arch: 'amd64', os.version: '10.0', java.version: '1.8.0_333'
Driver info: org.openqa.selenium.firefox.FirefoxDriver
Capabilities {acceptInsecureCerts: true, browserName: firefox, browserVersion: 113.0.1, javascriptEnabled: true, moz:accessibilityChecks: false, moz:buildID: 20230511191846, moz:geckodriverVersion: 0.32.0, moz:headless: false, moz:platformVersion: 10.0, moz:processID: 21116, moz:profile: C:\Users\Liora\AppData\Loca..., moz:shutdownTimeout: 60000, moz:useNonSpecCompliantPointerOrigin: false, moz:webdriverClick: true, moz:windowless: false, pageLoadStrategy: normal, platform: WINDOWS, platformName: WINDOWS, proxy: Proxy(), setWindowRect: true, strictFileInteractability: false, timeouts: {implicit: 0, pageLoad: 300000, script: 30000}, unhandledPromptBehavior: dismiss and notify}
Session ID: c5d5f438-fb63-4f2e-b679-efd7ea768c8c
*** Element info: {Using=xpath, value=//a[@href='/login']}
15:17:12.783  INFO  manager.MyListener  org.openqa.selenium.NoSuchElementException: Unable to locate element: //a[@href='/login']
For documentation on this error, please visit: https://www.seleniumhq.org/exceptions/no_such_element.html
Build info: version: '3.141.59', revision: 'e82be7d358', time: '2018-11-14T08:17:03'
System info: host: 'LAPTOP-QKHLCVKT', ip: '192.168.88.107', os.name: 'Windows 11', os.arch: 'amd64', os.version: '10.0', java.version: '1.8.0_333'
Driver info: org.openqa.selenium.firefox.FirefoxDriver
Capabilities {acceptInsecureCerts: true, browserName: firefox, browserVersion: 113.0.1, javascriptEnabled: true, moz:accessibilityChecks: false, moz:buildID: 20230511191846, moz:geckodriverVersion: 0.32.0, moz:headless: false, moz:platformVersion: 10.0, moz:processID: 21116, moz:profile: C:\Users\Liora\AppData\Loca..., moz:shutdownTimeout: 60000, moz:useNonSpecCompliantPointerOrigin: false, moz:webdriverClick: true, moz:windowless: false, pageLoadStrategy: normal, platform: WINDOWS, platformName: WINDOWS, proxy: Proxy(), setWindowRect: true, strictFileInteractability: false, timeouts: {implicit: 0, pageLoad: 300000, script: 30000}, unhandledPromptBehavior: dismiss and notify}
Session ID: c5d5f438-fb63-4f2e-b679-efd7ea768c8c
*** Element info: {Using=xpath, value=//a[@href='/login']}
15:17:13.031  INFO  manager.MyListener  Here is the link to screenshot with error: src/test/screenshots/screenshot - 1032.png
15:17:13.032  INFO  manager.NGListener  Test Failure: org.openqa.selenium.NoSuchElementException: Unable to locate element: //a[@href='/login']
For documentation on this error, please visit: https://www.seleniumhq.org/exceptions/no_such_element.html
Build info: version: '3.141.59', revision: 'e82be7d358', time: '2018-11-14T08:17:03'
System info: host: 'LAPTOP-QKHLCVKT', ip: '192.168.88.107', os.name: 'Windows 11', os.arch: 'amd64', os.version: '10.0', java.version: '1.8.0_333'
Driver info: org.openqa.selenium.firefox.FirefoxDriver
Capabilities {acceptInsecureCerts: true, browserName: firefox, browserVersion: 113.0.1, javascriptEnabled: true, moz:accessibilityChecks: false, moz:buildID: 20230511191846, moz:geckodriverVersion: 0.32.0, moz:headless: false, moz:platformVersion: 10.0, moz:processID: 21116, moz:profile: C:\Users\Liora\AppData\Loca..., moz:shutdownTimeout: 60000, moz:useNonSpecCompliantPointerOrigin: false, moz:webdriverClick: true, moz:windowless: false, pageLoadStrategy: normal, platform: WINDOWS, platformName: WINDOWS, proxy: Proxy(), setWindowRect: true, strictFileInteractability: false, timeouts: {implicit: 0, pageLoad: 300000, script: 30000}, unhandledPromptBehavior: dismiss and notify}
Session ID: c5d5f438-fb63-4f2e-b679-efd7ea768c8c
*** Element info: {Using=xpath, value=//a[@href='/login']}
15:17:13.033  INFO  tests.TestBase       ###### Finished  #########
15:17:13.033  INFO  tests.TestBase             ############### Start  test loginPositiveTest
15:17:13.033  INFO  manager.NGListener  Start of the test: loginPositiveTest
15:17:13.033  INFO  manager.MyListener  Start searching element by By.xpath: //a[@href='/login']
15:17:23.054  INFO  manager.MyListener  Something went wrong!
15:17:23.054  INFO  manager.MyListener  Unable to locate element: //a[@href='/login']
For documentation on this error, please visit: https://www.seleniumhq.org/exceptions/no_such_element.html
Build info: version: '3.141.59', revision: 'e82be7d358', time: '2018-11-14T08:17:03'
System info: host: 'LAPTOP-QKHLCVKT', ip: '192.168.88.107', os.name: 'Windows 11', os.arch: 'amd64', os.version: '10.0', java.version: '1.8.0_333'
Driver info: org.openqa.selenium.firefox.FirefoxDriver
Capabilities {acceptInsecureCerts: true, browserName: firefox, browserVersion: 113.0.1, javascriptEnabled: true, moz:accessibilityChecks: false, moz:buildID: 20230511191846, moz:geckodriverVersion: 0.32.0, moz:headless: false, moz:platformVersion: 10.0, moz:processID: 21116, moz:profile: C:\Users\Liora\AppData\Loca..., moz:shutdownTimeout: 60000, moz:useNonSpecCompliantPointerOrigin: false, moz:webdriverClick: true, moz:windowless: false, pageLoadStrategy: normal, platform: WINDOWS, platformName: WINDOWS, proxy: Proxy(), setWindowRect: true, strictFileInteractability: false, timeouts: {implicit: 0, pageLoad: 300000, script: 30000}, unhandledPromptBehavior: dismiss and notify}
Session ID: c5d5f438-fb63-4f2e-b679-efd7ea768c8c
*** Element info: {Using=xpath, value=//a[@href='/login']}
15:17:23.055  INFO  manager.MyListener  org.openqa.selenium.NoSuchElementException: Unable to locate element: //a[@href='/login']
For documentation on this error, please visit: https://www.seleniumhq.org/exceptions/no_such_element.html
Build info: version: '3.141.59', revision: 'e82be7d358', time: '2018-11-14T08:17:03'
System info: host: 'LAPTOP-QKHLCVKT', ip: '192.168.88.107', os.name: 'Windows 11', os.arch: 'amd64', os.version: '10.0', java.version: '1.8.0_333'
Driver info: org.openqa.selenium.firefox.FirefoxDriver
Capabilities {acceptInsecureCerts: true, browserName: firefox, browserVersion: 113.0.1, javascriptEnabled: true, moz:accessibilityChecks: false, moz:buildID: 20230511191846, moz:geckodriverVersion: 0.32.0, moz:headless: false, moz:platformVersion: 10.0, moz:processID: 21116, moz:profile: C:\Users\Liora\AppData\Loca..., moz:shutdownTimeout: 60000, moz:useNonSpecCompliantPointerOrigin: false, moz:webdriverClick: true, moz:windowless: false, pageLoadStrategy: normal, platform: WINDOWS, platformName: WINDOWS, proxy: Proxy(), setWindowRect: true, strictFileInteractability: false, timeouts: {implicit: 0, pageLoad: 300000, script: 30000}, unhandledPromptBehavior: dismiss and notify}
Session ID: c5d5f438-fb63-4f2e-b679-efd7ea768c8c
*** Element info: {Using=xpath, value=//a[@href='/login']}
15:17:23.342  INFO  manager.MyListener  Here is the link to screenshot with error: src/test/screenshots/screenshot - 1043.png
15:17:23.342  INFO  manager.NGListener  Test Failure: org.openqa.selenium.NoSuchElementException: Unable to locate element: //a[@href='/login']
For documentation on this error, please visit: https://www.seleniumhq.org/exceptions/no_such_element.html
Build info: version: '3.141.59', revision: 'e82be7d358', time: '2018-11-14T08:17:03'
System info: host: 'LAPTOP-QKHLCVKT', ip: '192.168.88.107', os.name: 'Windows 11', os.arch: 'amd64', os.version: '10.0', java.version: '1.8.0_333'
Driver info: org.openqa.selenium.firefox.FirefoxDriver
Capabilities {acceptInsecureCerts: true, browserName: firefox, browserVersion: 113.0.1, javascriptEnabled: true, moz:accessibilityChecks: false, moz:buildID: 20230511191846, moz:geckodriverVersion: 0.32.0, moz:headless: false, moz:platformVersion: 10.0, moz:processID: 21116, moz:profile: C:\Users\Liora\AppData\Loca..., moz:shutdownTimeout: 60000, moz:useNonSpecCompliantPointerOrigin: false, moz:webdriverClick: true, moz:windowless: false, pageLoadStrategy: normal, platform: WINDOWS, platformName: WINDOWS, proxy: Proxy(), setWindowRect: true, strictFileInteractability: false, timeouts: {implicit: 0, pageLoad: 300000, script: 30000}, unhandledPromptBehavior: dismiss and notify}
Session ID: c5d5f438-fb63-4f2e-b679-efd7ea768c8c
*** Element info: {Using=xpath, value=//a[@href='/login']}
15:17:23.343  INFO  tests.TestBase       ###### Finished  #########
15:17:23.343  INFO  tests.TestBase             ############### Start  test loginPositiveTest
15:17:23.343  INFO  manager.NGListener  Start of the test: loginPositiveTest
15:17:23.344  INFO  manager.MyListener  Start searching element by By.xpath: //a[@href='/login']
15:17:33.364  INFO  manager.MyListener  Something went wrong!
15:17:33.364  INFO  manager.MyListener  Unable to locate element: //a[@href='/login']
For documentation on this error, please visit: https://www.seleniumhq.org/exceptions/no_such_element.html
Build info: version: '3.141.59', revision: 'e82be7d358', time: '2018-11-14T08:17:03'
System info: host: 'LAPTOP-QKHLCVKT', ip: '192.168.88.107', os.name: 'Windows 11', os.arch: 'amd64', os.version: '10.0', java.version: '1.8.0_333'
Driver info: org.openqa.selenium.firefox.FirefoxDriver
Capabilities {acceptInsecureCerts: true, browserName: firefox, browserVersion: 113.0.1, javascriptEnabled: true, moz:accessibilityChecks: false, moz:buildID: 20230511191846, moz:geckodriverVersion: 0.32.0, moz:headless: false, moz:platformVersion: 10.0, moz:processID: 21116, moz:profile: C:\Users\Liora\AppData\Loca..., moz:shutdownTimeout: 60000, moz:useNonSpecCompliantPointerOrigin: false, moz:webdriverClick: true, moz:windowless: false, pageLoadStrategy: normal, platform: WINDOWS, platformName: WINDOWS, proxy: Proxy(), setWindowRect: true, strictFileInteractability: false, timeouts: {implicit: 0, pageLoad: 300000, script: 30000}, unhandledPromptBehavior: dismiss and notify}
Session ID: c5d5f438-fb63-4f2e-b679-efd7ea768c8c
*** Element info: {Using=xpath, value=//a[@href='/login']}
15:17:33.365  INFO  manager.MyListener  org.openqa.selenium.NoSuchElementException: Unable to locate element: //a[@href='/login']
For documentation on this error, please visit: https://www.seleniumhq.org/exceptions/no_such_element.html
Build info: version: '3.141.59', revision: 'e82be7d358', time: '2018-11-14T08:17:03'
System info: host: 'LAPTOP-QKHLCVKT', ip: '192.168.88.107', os.name: 'Windows 11', os.arch: 'amd64', os.version: '10.0', java.version: '1.8.0_333'
Driver info: org.openqa.selenium.firefox.FirefoxDriver
Capabilities {acceptInsecureCerts: true, browserName: firefox, browserVersion: 113.0.1, javascriptEnabled: true, moz:accessibilityChecks: false, moz:buildID: 20230511191846, moz:geckodriverVersion: 0.32.0, moz:headless: false, moz:platformVersion: 10.0, moz:processID: 21116, moz:profile: C:\Users\Liora\AppData\Loca..., moz:shutdownTimeout: 60000, moz:useNonSpecCompliantPointerOrigin: false, moz:webdriverClick: true, moz:windowless: false, pageLoadStrategy: normal, platform: WINDOWS, platformName: WINDOWS, proxy: Proxy(), setWindowRect: true, strictFileInteractability: false, timeouts: {implicit: 0, pageLoad: 300000, script: 30000}, unhandledPromptBehavior: dismiss and notify}
Session ID: c5d5f438-fb63-4f2e-b679-efd7ea768c8c
*** Element info: {Using=xpath, value=//a[@href='/login']}
15:17:33.621  INFO  manager.MyListener  Here is the link to screenshot with error: src/test/screenshots/screenshot - 1053.png
15:17:33.621  INFO  manager.NGListener  Test Failure: org.openqa.selenium.NoSuchElementException: Unable to locate element: //a[@href='/login']
For documentation on this error, please visit: https://www.seleniumhq.org/exceptions/no_such_element.html
Build info: version: '3.141.59', revision: 'e82be7d358', time: '2018-11-14T08:17:03'
System info: host: 'LAPTOP-QKHLCVKT', ip: '192.168.88.107', os.name: 'Windows 11', os.arch: 'amd64', os.version: '10.0', java.version: '1.8.0_333'
Driver info: org.openqa.selenium.firefox.FirefoxDriver
Capabilities {acceptInsecureCerts: true, browserName: firefox, browserVersion: 113.0.1, javascriptEnabled: true, moz:accessibilityChecks: false, moz:buildID: 20230511191846, moz:geckodriverVersion: 0.32.0, moz:headless: false, moz:platformVersion: 10.0, moz:processID: 21116, moz:profile: C:\Users\Liora\AppData\Loca..., moz:shutdownTimeout: 60000, moz:useNonSpecCompliantPointerOrigin: false, moz:webdriverClick: true, moz:windowless: false, pageLoadStrategy: normal, platform: WINDOWS, platformName: WINDOWS, proxy: Proxy(), setWindowRect: true, strictFileInteractability: false, timeouts: {implicit: 0, pageLoad: 300000, script: 30000}, unhandledPromptBehavior: dismiss and notify}
Session ID: c5d5f438-fb63-4f2e-b679-efd7ea768c8c
*** Element info: {Using=xpath, value=//a[@href='/login']}
15:17:33.621  INFO  tests.TestBase       ###### Finished  #########
15:17:33.622  INFO  tests.TestBase             ############### Start  test loginPositiveTest
15:17:33.623  INFO  manager.NGListener  Start of the test: loginPositiveTest
15:17:33.623  INFO  manager.MyListener  Start searching element by By.xpath: //a[@href='/login']
15:17:43.651  INFO  manager.MyListener  Something went wrong!
15:17:43.651  INFO  manager.MyListener  Unable to locate element: //a[@href='/login']
For documentation on this error, please visit: https://www.seleniumhq.org/exceptions/no_such_element.html
Build info: version: '3.141.59', revision: 'e82be7d358', time: '2018-11-14T08:17:03'
System info: host: 'LAPTOP-QKHLCVKT', ip: '192.168.88.107', os.name: 'Windows 11', os.arch: 'amd64', os.version: '10.0', java.version: '1.8.0_333'
Driver info: org.openqa.selenium.firefox.FirefoxDriver
Capabilities {acceptInsecureCerts: true, browserName: firefox, browserVersion: 113.0.1, javascriptEnabled: true, moz:accessibilityChecks: false, moz:buildID: 20230511191846, moz:geckodriverVersion: 0.32.0, moz:headless: false, moz:platformVersion: 10.0, moz:processID: 21116, moz:profile: C:\Users\Liora\AppData\Loca..., moz:shutdownTimeout: 60000, moz:useNonSpecCompliantPointerOrigin: false, moz:webdriverClick: true, moz:windowless: false, pageLoadStrategy: normal, platform: WINDOWS, platformName: WINDOWS, proxy: Proxy(), setWindowRect: true, strictFileInteractability: false, timeouts: {implicit: 0, pageLoad: 300000, script: 30000}, unhandledPromptBehavior: dismiss and notify}
Session ID: c5d5f438-fb63-4f2e-b679-efd7ea768c8c
*** Element info: {Using=xpath, value=//a[@href='/login']}
15:17:43.651  INFO  manager.MyListener  org.openqa.selenium.NoSuchElementException: Unable to locate element: //a[@href='/login']
For documentation on this error, please visit: https://www.seleniumhq.org/exceptions/no_such_element.html
Build info: version: '3.141.59', revision: 'e82be7d358', time: '2018-11-14T08:17:03'
System info: host: 'LAPTOP-QKHLCVKT', ip: '192.168.88.107', os.name: 'Windows 11', os.arch: 'amd64', os.version: '10.0', java.version: '1.8.0_333'
Driver info: org.openqa.selenium.firefox.FirefoxDriver
Capabilities {acceptInsecureCerts: true, browserName: firefox, browserVersion: 113.0.1, javascriptEnabled: true, moz:accessibilityChecks: false, moz:buildID: 20230511191846, moz:geckodriverVersion: 0.32.0, moz:headless: false, moz:platformVersion: 10.0, moz:processID: 21116, moz:profile: C:\Users\Liora\AppData\Loca..., moz:shutdownTimeout: 60000, moz:useNonSpecCompliantPointerOrigin: false, moz:webdriverClick: true, moz:windowless: false, pageLoadStrategy: normal, platform: WINDOWS, platformName: WINDOWS, proxy: Proxy(), setWindowRect: true, strictFileInteractability: false, timeouts: {implicit: 0, pageLoad: 300000, script: 30000}, unhandledPromptBehavior: dismiss and notify}
Session ID: c5d5f438-fb63-4f2e-b679-efd7ea768c8c
*** Element info: {Using=xpath, value=//a[@href='/login']}
15:17:43.878  INFO  manager.MyListener  Here is the link to screenshot with error: src/test/screenshots/screenshot - 1063.png
15:17:43.878  INFO  manager.NGListener  Test Failure: org.openqa.selenium.NoSuchElementException: Unable to locate element: //a[@href='/login']
For documentation on this error, please visit: https://www.seleniumhq.org/exceptions/no_such_element.html
Build info: version: '3.141.59', revision: 'e82be7d358', time: '2018-11-14T08:17:03'
System info: host: 'LAPTOP-QKHLCVKT', ip: '192.168.88.107', os.name: 'Windows 11', os.arch: 'amd64', os.version: '10.0', java.version: '1.8.0_333'
Driver info: org.openqa.selenium.firefox.FirefoxDriver
Capabilities {acceptInsecureCerts: true, browserName: firefox, browserVersion: 113.0.1, javascriptEnabled: true, moz:accessibilityChecks: false, moz:buildID: 20230511191846, moz:geckodriverVersion: 0.32.0, moz:headless: false, moz:platformVersion: 10.0, moz:processID: 21116, moz:profile: C:\Users\Liora\AppData\Loca..., moz:shutdownTimeout: 60000, moz:useNonSpecCompliantPointerOrigin: false, moz:webdriverClick: true, moz:windowless: false, pageLoadStrategy: normal, platform: WINDOWS, platformName: WINDOWS, proxy: Proxy(), setWindowRect: true, strictFileInteractability: false, timeouts: {implicit: 0, pageLoad: 300000, script: 30000}, unhandledPromptBehavior: dismiss and notify}
Session ID: c5d5f438-fb63-4f2e-b679-efd7ea768c8c
*** Element info: {Using=xpath, value=//a[@href='/login']}
15:17:43.880  INFO  tests.TestBase       ###### Finished  #########
15:17:43.881  INFO  tests.TestBase             ############### Start  test regPositiveTest
15:17:43.881  INFO  manager.MyListener  Start searching element by By.xpath: //button[.='Sign Out']
15:17:43.900  INFO  manager.MyListener  The element with locator by By.xpath: //button[.='Sign Out'] is found successfully
15:17:43.900  INFO  manager.MyListener  Start searching element by By.xpath: //button[.='Sign Out']
15:17:43.917  INFO  manager.MyListener  The element with locator by By.xpath: //button[.='Sign Out'] is found successfully
15:17:44.663  INFO  manager.NGListener  Start of the test: regPositiveTest
15:17:44.663  INFO  manager.MyListener  Start searching element by By.xpath: //a[@href='/login']
15:17:44.679  INFO  manager.MyListener  The element with locator by By.xpath: //a[@href='/login'] is found successfully
15:17:45.181  INFO  manager.MyListener  Start searching element by By.xpath: //input[1]
15:17:45.203  INFO  manager.MyListener  The element with locator by By.xpath: //input[1] is found successfully
15:17:46.064  INFO  manager.MyListener  Start searching element by By.xpath: //input[2]
15:17:46.081  INFO  manager.MyListener  The element with locator by By.xpath: //input[2] is found successfully
15:17:46.532  INFO  manager.MyListener  Start searching element by By.xpath: //button[2]
15:17:46.548  INFO  manager.MyListener  The element with locator by By.xpath: //button[2] is found successfully
15:17:47.281  INFO  manager.MyListener  Start searching element by By.xpath: //a[text()='ADD']
15:17:47.299  INFO  manager.MyListener  The element with locator by By.xpath: //a[text()='ADD'] is found successfully
15:17:47.300  INFO  manager.NGListener  Test Success: regPositiveTest
15:17:47.301  INFO  tests.TestBase       ###### Finished  #########
