20:44:15.152  INFO  manager.ApplicationManager  Testing on Firefox Driver
20:44:15.606  INFO  tests.TestBase             ############### Start  test loginNegativeTestWrongEmail
20:44:15.607  INFO  manager.NGListener  Start of the test: loginNegativeTestWrongEmail
20:44:15.609  INFO  manager.MyListener  Start searching element by By.xpath: //a[@href='/login']
20:44:15.624  INFO  manager.MyListener  The element with locator by By.xpath: //a[@href='/login'] is found successfully
20:44:15.896  INFO  manager.MyListener  Start searching element by By.xpath: //input[1]
20:44:15.918  INFO  manager.MyListener  The element with locator by By.xpath: //input[1] is found successfully
20:44:16.185  INFO  manager.MyListener  Start searching element by By.xpath: //input[2]
20:44:16.206  INFO  manager.MyListener  The element with locator by By.xpath: //input[2] is found successfully
20:44:16.482  INFO  manager.MyListener  Start searching element by By.xpath: //button[1]
20:44:16.498  INFO  manager.MyListener  The element with locator by By.xpath: //button[1] is found successfully
20:44:16.730  INFO  manager.NGListener  Test Success: loginNegativeTestWrongEmail
20:44:16.731  INFO  tests.TestBase       ###### Finished  #########
20:44:16.732  INFO  tests.TestBase             ############### Start  test loginPositiveTest
20:44:16.732  INFO  manager.NGListener  Start of the test: loginPositiveTest
20:44:16.732  INFO  manager.MyListener  Start searching element by By.xpath: //a[@href='/login']
20:44:16.751  INFO  manager.MyListener  The element with locator by By.xpath: //a[@href='/login'] is found successfully
20:44:16.979  INFO  manager.MyListener  Start searching element by By.xpath: //input[1]
20:44:17.752  INFO  manager.MyListener  Something went wrong!
20:44:17.752  INFO  manager.MyListener  Failed to convert data to an object
Build info: version: '3.141.59', revision: 'e82be7d358', time: '2018-11-14T08:17:03'
System info: host: 'LAPTOP-QKHLCVKT', ip: '192.168.88.107', os.name: 'Windows 11', os.arch: 'amd64', os.version: '10.0', java.version: '1.8.0_333'
Driver info: org.openqa.selenium.firefox.FirefoxDriver
Capabilities {acceptInsecureCerts: true, browserName: firefox, browserVersion: 113.0.1, javascriptEnabled: true, moz:accessibilityChecks: false, moz:buildID: 20230511191846, moz:geckodriverVersion: 0.32.0, moz:headless: false, moz:platformVersion: 10.0, moz:processID: 8060, moz:profile: C:\Users\Liora\AppData\Loca..., moz:shutdownTimeout: 60000, moz:useNonSpecCompliantPointerOrigin: false, moz:webdriverClick: true, moz:windowless: false, pageLoadStrategy: normal, platform: WINDOWS, platformName: WINDOWS, proxy: Proxy(), setWindowRect: true, strictFileInteractability: false, timeouts: {implicit: 0, pageLoad: 300000, script: 30000}, unhandledPromptBehavior: dismiss and notify}
Session ID: 7221d73f-bcf5-40a9-8d60-31ef4b89a018
*** Element info: {Using=xpath, value=//input[1]}
20:44:17.752  INFO  manager.MyListener  org.openqa.selenium.WebDriverException: Failed to convert data to an object
Build info: version: '3.141.59', revision: 'e82be7d358', time: '2018-11-14T08:17:03'
System info: host: 'LAPTOP-QKHLCVKT', ip: '192.168.88.107', os.name: 'Windows 11', os.arch: 'amd64', os.version: '10.0', java.version: '1.8.0_333'
Driver info: org.openqa.selenium.firefox.FirefoxDriver
Capabilities {acceptInsecureCerts: true, browserName: firefox, browserVersion: 113.0.1, javascriptEnabled: true, moz:accessibilityChecks: false, moz:buildID: 20230511191846, moz:geckodriverVersion: 0.32.0, moz:headless: false, moz:platformVersion: 10.0, moz:processID: 8060, moz:profile: C:\Users\Liora\AppData\Loca..., moz:shutdownTimeout: 60000, moz:useNonSpecCompliantPointerOrigin: false, moz:webdriverClick: true, moz:windowless: false, pageLoadStrategy: normal, platform: WINDOWS, platformName: WINDOWS, proxy: Proxy(), setWindowRect: true, strictFileInteractability: false, timeouts: {implicit: 0, pageLoad: 300000, script: 30000}, unhandledPromptBehavior: dismiss and notify}
Session ID: 7221d73f-bcf5-40a9-8d60-31ef4b89a018
*** Element info: {Using=xpath, value=//input[1]}
20:44:17.772  INFO  manager.NGListener  Test Failure: org.openqa.selenium.UnhandledAlertException: Dismissed user prompt dialog: Wrong email or password: 
Build info: version: '3.141.59', revision: 'e82be7d358', time: '2018-11-14T08:17:03'
System info: host: 'LAPTOP-QKHLCVKT', ip: '192.168.88.107', os.name: 'Windows 11', os.arch: 'amd64', os.version: '10.0', java.version: '1.8.0_333'
Driver info: org.openqa.selenium.firefox.FirefoxDriver
Capabilities {acceptInsecureCerts: true, browserName: firefox, browserVersion: 113.0.1, javascriptEnabled: true, moz:accessibilityChecks: false, moz:buildID: 20230511191846, moz:geckodriverVersion: 0.32.0, moz:headless: false, moz:platformVersion: 10.0, moz:processID: 8060, moz:profile: C:\Users\Liora\AppData\Loca..., moz:shutdownTimeout: 60000, moz:useNonSpecCompliantPointerOrigin: false, moz:webdriverClick: true, moz:windowless: false, pageLoadStrategy: normal, platform: WINDOWS, platformName: WINDOWS, proxy: Proxy(), setWindowRect: true, strictFileInteractability: false, timeouts: {implicit: 0, pageLoad: 300000, script: 30000}, unhandledPromptBehavior: dismiss and notify}
Session ID: 7221d73f-bcf5-40a9-8d60-31ef4b89a018
20:44:17.772  INFO  tests.TestBase       ###### Finished  #########
20:44:17.775  INFO  tests.TestBase             ############### Start  test loginNegativeTestWrongEmail
20:44:17.775  INFO  manager.NGListener  Start of the test: loginNegativeTestWrongEmail
20:44:17.775  INFO  manager.MyListener  Start searching element by By.xpath: //a[@href='/login']
20:44:17.788  INFO  manager.MyListener  The element with locator by By.xpath: //a[@href='/login'] is found successfully
20:44:18.010  INFO  manager.MyListener  Start searching element by By.xpath: //input[1]
20:44:18.024  INFO  manager.MyListener  The element with locator by By.xpath: //input[1] is found successfully
20:44:18.280  INFO  manager.MyListener  Start searching element by By.xpath: //input[2]
20:44:18.283  INFO  manager.MyListener  The element with locator by By.xpath: //input[2] is found successfully
20:44:18.544  INFO  manager.MyListener  Start searching element by By.xpath: //button[1]
20:44:18.549  INFO  manager.MyListener  The element with locator by By.xpath: //button[1] is found successfully
20:44:18.775  INFO  manager.NGListener  Test Success: loginNegativeTestWrongEmail
20:44:18.776  INFO  tests.TestBase       ###### Finished  #########
20:44:18.777  INFO  tests.TestBase             ############### Start  test loginPositiveTest
20:44:18.777  INFO  manager.NGListener  Start of the test: loginPositiveTest
20:44:18.777  INFO  manager.MyListener  Start searching element by By.xpath: //a[@href='/login']
20:44:18.790  INFO  manager.MyListener  The element with locator by By.xpath: //a[@href='/login'] is found successfully
20:44:18.960  INFO  manager.MyListener  Start searching element by By.xpath: //input[1]
20:44:18.988  INFO  manager.MyListener  Something went wrong!
20:44:18.988  INFO  manager.MyListener  Dismissed user prompt dialog: Wrong email or password: 
Build info: version: '3.141.59', revision: 'e82be7d358', time: '2018-11-14T08:17:03'
System info: host: 'LAPTOP-QKHLCVKT', ip: '192.168.88.107', os.name: 'Windows 11', os.arch: 'amd64', os.version: '10.0', java.version: '1.8.0_333'
Driver info: org.openqa.selenium.firefox.FirefoxDriver
Capabilities {acceptInsecureCerts: true, browserName: firefox, browserVersion: 113.0.1, javascriptEnabled: true, moz:accessibilityChecks: false, moz:buildID: 20230511191846, moz:geckodriverVersion: 0.32.0, moz:headless: false, moz:platformVersion: 10.0, moz:processID: 8060, moz:profile: C:\Users\Liora\AppData\Loca..., moz:shutdownTimeout: 60000, moz:useNonSpecCompliantPointerOrigin: false, moz:webdriverClick: true, moz:windowless: false, pageLoadStrategy: normal, platform: WINDOWS, platformName: WINDOWS, proxy: Proxy(), setWindowRect: true, strictFileInteractability: false, timeouts: {implicit: 0, pageLoad: 300000, script: 30000}, unhandledPromptBehavior: dismiss and notify}
Session ID: 7221d73f-bcf5-40a9-8d60-31ef4b89a018
*** Element info: {Using=xpath, value=//input[1]}
20:44:18.988  INFO  manager.MyListener  org.openqa.selenium.UnhandledAlertException: Dismissed user prompt dialog: Wrong email or password: 
Build info: version: '3.141.59', revision: 'e82be7d358', time: '2018-11-14T08:17:03'
System info: host: 'LAPTOP-QKHLCVKT', ip: '192.168.88.107', os.name: 'Windows 11', os.arch: 'amd64', os.version: '10.0', java.version: '1.8.0_333'
Driver info: org.openqa.selenium.firefox.FirefoxDriver
Capabilities {acceptInsecureCerts: true, browserName: firefox, browserVersion: 113.0.1, javascriptEnabled: true, moz:accessibilityChecks: false, moz:buildID: 20230511191846, moz:geckodriverVersion: 0.32.0, moz:headless: false, moz:platformVersion: 10.0, moz:processID: 8060, moz:profile: C:\Users\Liora\AppData\Loca..., moz:shutdownTimeout: 60000, moz:useNonSpecCompliantPointerOrigin: false, moz:webdriverClick: true, moz:windowless: false, pageLoadStrategy: normal, platform: WINDOWS, platformName: WINDOWS, proxy: Proxy(), setWindowRect: true, strictFileInteractability: false, timeouts: {implicit: 0, pageLoad: 300000, script: 30000}, unhandledPromptBehavior: dismiss and notify}
Session ID: 7221d73f-bcf5-40a9-8d60-31ef4b89a018
*** Element info: {Using=xpath, value=//input[1]}
20:44:19.195  INFO  manager.MyListener  Here is the link to screenshot with error: src/test/screenshots/screenshot - 2658.png
20:44:19.195  INFO  manager.NGListener  Test Failure: org.openqa.selenium.UnhandledAlertException: Dismissed user prompt dialog: Wrong email or password: 
Build info: version: '3.141.59', revision: 'e82be7d358', time: '2018-11-14T08:17:03'
System info: host: 'LAPTOP-QKHLCVKT', ip: '192.168.88.107', os.name: 'Windows 11', os.arch: 'amd64', os.version: '10.0', java.version: '1.8.0_333'
Driver info: org.openqa.selenium.firefox.FirefoxDriver
Capabilities {acceptInsecureCerts: true, browserName: firefox, browserVersion: 113.0.1, javascriptEnabled: true, moz:accessibilityChecks: false, moz:buildID: 20230511191846, moz:geckodriverVersion: 0.32.0, moz:headless: false, moz:platformVersion: 10.0, moz:processID: 8060, moz:profile: C:\Users\Liora\AppData\Loca..., moz:shutdownTimeout: 60000, moz:useNonSpecCompliantPointerOrigin: false, moz:webdriverClick: true, moz:windowless: false, pageLoadStrategy: normal, platform: WINDOWS, platformName: WINDOWS, proxy: Proxy(), setWindowRect: true, strictFileInteractability: false, timeouts: {implicit: 0, pageLoad: 300000, script: 30000}, unhandledPromptBehavior: dismiss and notify}
Session ID: 7221d73f-bcf5-40a9-8d60-31ef4b89a018
*** Element info: {Using=xpath, value=//input[1]}
20:44:19.197  INFO  tests.TestBase       ###### Finished  #########
20:44:19.198  INFO  tests.TestBase             ############### Start  test regPositiveTest
20:44:19.198  INFO  manager.MyListener  Start searching element by By.xpath: //button[.='Sign Out']
20:44:29.222  INFO  manager.MyListener  The element with locator by By.xpath: //button[.='Sign Out'] is found successfully
20:44:29.223  INFO  manager.NGListener  Start of the test: regPositiveTest
20:44:29.223  INFO  manager.MyListener  Start searching element by By.xpath: //a[@href='/login']
20:44:29.237  INFO  manager.MyListener  The element with locator by By.xpath: //a[@href='/login'] is found successfully
20:44:29.463  INFO  manager.MyListener  Start searching element by By.xpath: //input[1]
20:44:29.473  INFO  manager.MyListener  The element with locator by By.xpath: //input[1] is found successfully
20:44:29.740  INFO  manager.MyListener  Start searching element by By.xpath: //input[2]
20:44:29.753  INFO  manager.MyListener  The element with locator by By.xpath: //input[2] is found successfully
20:44:30.034  INFO  manager.MyListener  Start searching element by By.xpath: //button[2]
20:44:30.049  INFO  manager.MyListener  The element with locator by By.xpath: //button[2] is found successfully
20:44:30.277  INFO  manager.MyListener  Start searching element by By.xpath: //a[text()='ADD']
20:44:30.525  INFO  manager.MyListener  The element with locator by By.xpath: //a[text()='ADD'] is found successfully
20:44:30.528  INFO  manager.NGListener  Test Success: regPositiveTest
20:44:30.530  INFO  tests.TestBase       ###### Finished  #########
20:44:30.530  INFO  tests.TestBase             ############### Start  test registrationWrongEmail
20:44:30.531  INFO  manager.MyListener  Start searching element by By.xpath: //button[.='Sign Out']
20:44:30.547  INFO  manager.MyListener  The element with locator by By.xpath: //button[.='Sign Out'] is found successfully
20:44:30.547  INFO  manager.MyListener  Start searching element by By.xpath: //button[.='Sign Out']
20:44:30.563  INFO  manager.MyListener  The element with locator by By.xpath: //button[.='Sign Out'] is found successfully
20:44:30.791  INFO  manager.NGListener  Start of the test: registrationWrongEmail
20:44:30.791  INFO  manager.MyListener  Start searching element by By.xpath: //a[@href='/login']
20:44:30.813  INFO  manager.MyListener  The element with locator by By.xpath: //a[@href='/login'] is found successfully
20:44:31.035  INFO  tests.TestBase  registrationWrongEmail starts with name2671mail.com & $Abcd1234
20:44:31.035  INFO  manager.MyListener  Start searching element by By.xpath: //input[1]
20:44:31.050  INFO  manager.MyListener  The element with locator by By.xpath: //input[1] is found successfully
20:44:31.329  INFO  manager.MyListener  Start searching element by By.xpath: //input[2]
20:44:31.343  INFO  manager.MyListener  The element with locator by By.xpath: //input[2] is found successfully
20:44:31.614  INFO  manager.MyListener  Start searching element by By.xpath: //button[2]
20:44:31.625  INFO  manager.MyListener  The element with locator by By.xpath: //button[2] is found successfully
20:44:31.918  INFO  manager.NGListener  Test Success: registrationWrongEmail
20:44:31.920  INFO  tests.TestBase       ###### Finished  #########
