21:06:08.335  INFO  manager.ApplicationManager  Testing on Firefox Driver
21:06:08.790  INFO  tests.TestBase             ############### Start  test loginNegativeTestWrongEmail
21:06:08.791  INFO  manager.NGListener  Start of the test: loginNegativeTestWrongEmail
21:06:08.793  INFO  manager.MyListener  Start searching element by By.xpath: //a[@href='/login']
21:06:08.816  INFO  manager.MyListener  The element with locator by By.xpath: //a[@href='/login'] is found successfully
21:06:09.080  INFO  manager.MyListener  Start searching element by By.xpath: //input[1]
21:06:09.100  INFO  manager.MyListener  The element with locator by By.xpath: //input[1] is found successfully
21:06:09.399  INFO  manager.MyListener  Start searching element by By.xpath: //input[2]
21:06:09.418  INFO  manager.MyListener  The element with locator by By.xpath: //input[2] is found successfully
21:06:09.689  INFO  manager.MyListener  Start searching element by By.xpath: //button[1]
21:06:09.709  INFO  manager.MyListener  The element with locator by By.xpath: //button[1] is found successfully
21:06:09.953  INFO  manager.NGListener  Test Success: loginNegativeTestWrongEmail
21:06:09.954  INFO  tests.TestBase       ###### Finished  #########
21:06:09.956  INFO  tests.TestBase             ############### Start  test loginPositiveTest
21:06:09.956  INFO  manager.NGListener  Start of the test: loginPositiveTest
21:06:09.956  INFO  manager.MyListener  Start searching element by By.xpath: //a[@href='/login']
21:06:09.969  INFO  manager.MyListener  The element with locator by By.xpath: //a[@href='/login'] is found successfully
21:06:10.192  INFO  manager.MyListener  Start searching element by By.xpath: //input[1]
21:06:10.874  INFO  manager.MyListener  Something went wrong!
21:06:10.875  INFO  manager.MyListener  Failed to convert data to an object
Build info: version: '3.141.59', revision: 'e82be7d358', time: '2018-11-14T08:17:03'
System info: host: 'LAPTOP-QKHLCVKT', ip: '192.168.88.107', os.name: 'Windows 11', os.arch: 'amd64', os.version: '10.0', java.version: '1.8.0_333'
Driver info: org.openqa.selenium.firefox.FirefoxDriver
Capabilities {acceptInsecureCerts: true, browserName: firefox, browserVersion: 113.0.1, javascriptEnabled: true, moz:accessibilityChecks: false, moz:buildID: 20230511191846, moz:geckodriverVersion: 0.32.0, moz:headless: false, moz:platformVersion: 10.0, moz:processID: 23884, moz:profile: C:\Users\Liora\AppData\Loca..., moz:shutdownTimeout: 60000, moz:useNonSpecCompliantPointerOrigin: false, moz:webdriverClick: true, moz:windowless: false, pageLoadStrategy: normal, platform: WINDOWS, platformName: WINDOWS, proxy: Proxy(), setWindowRect: true, strictFileInteractability: false, timeouts: {implicit: 0, pageLoad: 300000, script: 30000}, unhandledPromptBehavior: dismiss and notify}
Session ID: c15047ca-7899-40a3-a87a-a7a73ad9f2e3
*** Element info: {Using=xpath, value=//input[1]}
21:06:10.875  INFO  manager.MyListener  org.openqa.selenium.WebDriverException: Failed to convert data to an object
Build info: version: '3.141.59', revision: 'e82be7d358', time: '2018-11-14T08:17:03'
System info: host: 'LAPTOP-QKHLCVKT', ip: '192.168.88.107', os.name: 'Windows 11', os.arch: 'amd64', os.version: '10.0', java.version: '1.8.0_333'
Driver info: org.openqa.selenium.firefox.FirefoxDriver
Capabilities {acceptInsecureCerts: true, browserName: firefox, browserVersion: 113.0.1, javascriptEnabled: true, moz:accessibilityChecks: false, moz:buildID: 20230511191846, moz:geckodriverVersion: 0.32.0, moz:headless: false, moz:platformVersion: 10.0, moz:processID: 23884, moz:profile: C:\Users\Liora\AppData\Loca..., moz:shutdownTimeout: 60000, moz:useNonSpecCompliantPointerOrigin: false, moz:webdriverClick: true, moz:windowless: false, pageLoadStrategy: normal, platform: WINDOWS, platformName: WINDOWS, proxy: Proxy(), setWindowRect: true, strictFileInteractability: false, timeouts: {implicit: 0, pageLoad: 300000, script: 30000}, unhandledPromptBehavior: dismiss and notify}
Session ID: c15047ca-7899-40a3-a87a-a7a73ad9f2e3
*** Element info: {Using=xpath, value=//input[1]}
21:06:10.885  INFO  manager.NGListener  Test Failure: org.openqa.selenium.UnhandledAlertException: Dismissed user prompt dialog: Wrong email or password: 
Build info: version: '3.141.59', revision: 'e82be7d358', time: '2018-11-14T08:17:03'
System info: host: 'LAPTOP-QKHLCVKT', ip: '192.168.88.107', os.name: 'Windows 11', os.arch: 'amd64', os.version: '10.0', java.version: '1.8.0_333'
Driver info: org.openqa.selenium.firefox.FirefoxDriver
Capabilities {acceptInsecureCerts: true, browserName: firefox, browserVersion: 113.0.1, javascriptEnabled: true, moz:accessibilityChecks: false, moz:buildID: 20230511191846, moz:geckodriverVersion: 0.32.0, moz:headless: false, moz:platformVersion: 10.0, moz:processID: 23884, moz:profile: C:\Users\Liora\AppData\Loca..., moz:shutdownTimeout: 60000, moz:useNonSpecCompliantPointerOrigin: false, moz:webdriverClick: true, moz:windowless: false, pageLoadStrategy: normal, platform: WINDOWS, platformName: WINDOWS, proxy: Proxy(), setWindowRect: true, strictFileInteractability: false, timeouts: {implicit: 0, pageLoad: 300000, script: 30000}, unhandledPromptBehavior: dismiss and notify}
Session ID: c15047ca-7899-40a3-a87a-a7a73ad9f2e3
21:06:10.886  INFO  tests.TestBase       ###### Finished  #########
21:06:10.889  INFO  tests.TestBase             ############### Start  test loginNegativeTestWrongEmail
21:06:10.889  INFO  manager.NGListener  Start of the test: loginNegativeTestWrongEmail
21:06:10.889  INFO  manager.MyListener  Start searching element by By.xpath: //a[@href='/login']
21:06:10.906  INFO  manager.MyListener  The element with locator by By.xpath: //a[@href='/login'] is found successfully
21:06:11.126  INFO  manager.MyListener  Start searching element by By.xpath: //input[1]
21:06:11.140  INFO  manager.MyListener  The element with locator by By.xpath: //input[1] is found successfully
21:06:11.395  INFO  manager.MyListener  Start searching element by By.xpath: //input[2]
21:06:11.405  INFO  manager.MyListener  The element with locator by By.xpath: //input[2] is found successfully
21:06:11.663  INFO  manager.MyListener  Start searching element by By.xpath: //button[1]
21:06:11.681  INFO  manager.MyListener  The element with locator by By.xpath: //button[1] is found successfully
21:06:11.906  INFO  manager.NGListener  Test Success: loginNegativeTestWrongEmail
21:06:11.906  INFO  tests.TestBase       ###### Finished  #########
21:06:11.907  INFO  tests.TestBase             ############### Start  test loginPositiveTest
21:06:11.908  INFO  manager.NGListener  Start of the test: loginPositiveTest
21:06:11.908  INFO  manager.MyListener  Start searching element by By.xpath: //a[@href='/login']
21:06:11.916  INFO  manager.MyListener  The element with locator by By.xpath: //a[@href='/login'] is found successfully
21:06:12.091  INFO  manager.MyListener  Start searching element by By.xpath: //input[1]
21:06:12.118  INFO  manager.MyListener  Something went wrong!
21:06:12.118  INFO  manager.MyListener  Dismissed user prompt dialog: Wrong email or password: 
Build info: version: '3.141.59', revision: 'e82be7d358', time: '2018-11-14T08:17:03'
System info: host: 'LAPTOP-QKHLCVKT', ip: '192.168.88.107', os.name: 'Windows 11', os.arch: 'amd64', os.version: '10.0', java.version: '1.8.0_333'
Driver info: org.openqa.selenium.firefox.FirefoxDriver
Capabilities {acceptInsecureCerts: true, browserName: firefox, browserVersion: 113.0.1, javascriptEnabled: true, moz:accessibilityChecks: false, moz:buildID: 20230511191846, moz:geckodriverVersion: 0.32.0, moz:headless: false, moz:platformVersion: 10.0, moz:processID: 23884, moz:profile: C:\Users\Liora\AppData\Loca..., moz:shutdownTimeout: 60000, moz:useNonSpecCompliantPointerOrigin: false, moz:webdriverClick: true, moz:windowless: false, pageLoadStrategy: normal, platform: WINDOWS, platformName: WINDOWS, proxy: Proxy(), setWindowRect: true, strictFileInteractability: false, timeouts: {implicit: 0, pageLoad: 300000, script: 30000}, unhandledPromptBehavior: dismiss and notify}
Session ID: c15047ca-7899-40a3-a87a-a7a73ad9f2e3
*** Element info: {Using=xpath, value=//input[1]}
21:06:12.118  INFO  manager.MyListener  org.openqa.selenium.UnhandledAlertException: Dismissed user prompt dialog: Wrong email or password: 
Build info: version: '3.141.59', revision: 'e82be7d358', time: '2018-11-14T08:17:03'
System info: host: 'LAPTOP-QKHLCVKT', ip: '192.168.88.107', os.name: 'Windows 11', os.arch: 'amd64', os.version: '10.0', java.version: '1.8.0_333'
Driver info: org.openqa.selenium.firefox.FirefoxDriver
Capabilities {acceptInsecureCerts: true, browserName: firefox, browserVersion: 113.0.1, javascriptEnabled: true, moz:accessibilityChecks: false, moz:buildID: 20230511191846, moz:geckodriverVersion: 0.32.0, moz:headless: false, moz:platformVersion: 10.0, moz:processID: 23884, moz:profile: C:\Users\Liora\AppData\Loca..., moz:shutdownTimeout: 60000, moz:useNonSpecCompliantPointerOrigin: false, moz:webdriverClick: true, moz:windowless: false, pageLoadStrategy: normal, platform: WINDOWS, platformName: WINDOWS, proxy: Proxy(), setWindowRect: true, strictFileInteractability: false, timeouts: {implicit: 0, pageLoad: 300000, script: 30000}, unhandledPromptBehavior: dismiss and notify}
Session ID: c15047ca-7899-40a3-a87a-a7a73ad9f2e3
*** Element info: {Using=xpath, value=//input[1]}
21:06:12.353  INFO  manager.MyListener  Here is the link to screenshot with error: src/test/screenshots/screenshot - 372.png
21:06:12.353  INFO  manager.NGListener  Test Failure: org.openqa.selenium.UnhandledAlertException: Dismissed user prompt dialog: Wrong email or password: 
Build info: version: '3.141.59', revision: 'e82be7d358', time: '2018-11-14T08:17:03'
System info: host: 'LAPTOP-QKHLCVKT', ip: '192.168.88.107', os.name: 'Windows 11', os.arch: 'amd64', os.version: '10.0', java.version: '1.8.0_333'
Driver info: org.openqa.selenium.firefox.FirefoxDriver
Capabilities {acceptInsecureCerts: true, browserName: firefox, browserVersion: 113.0.1, javascriptEnabled: true, moz:accessibilityChecks: false, moz:buildID: 20230511191846, moz:geckodriverVersion: 0.32.0, moz:headless: false, moz:platformVersion: 10.0, moz:processID: 23884, moz:profile: C:\Users\Liora\AppData\Loca..., moz:shutdownTimeout: 60000, moz:useNonSpecCompliantPointerOrigin: false, moz:webdriverClick: true, moz:windowless: false, pageLoadStrategy: normal, platform: WINDOWS, platformName: WINDOWS, proxy: Proxy(), setWindowRect: true, strictFileInteractability: false, timeouts: {implicit: 0, pageLoad: 300000, script: 30000}, unhandledPromptBehavior: dismiss and notify}
Session ID: c15047ca-7899-40a3-a87a-a7a73ad9f2e3
*** Element info: {Using=xpath, value=//input[1]}
21:06:12.354  INFO  tests.TestBase       ###### Finished  #########
21:06:12.356  INFO  tests.TestBase             ############### Start  test regPositiveTest
21:06:12.356  INFO  manager.MyListener  Start searching element by By.xpath: //button[.='Sign Out']
21:06:13.087  INFO  manager.MyListener  Something went wrong!
21:06:13.088  INFO  manager.MyListener  TypeError: browsingContext.currentWindowGlobal is null
Build info: version: '3.141.59', revision: 'e82be7d358', time: '2018-11-14T08:17:03'
System info: host: 'LAPTOP-QKHLCVKT', ip: '192.168.88.107', os.name: 'Windows 11', os.arch: 'amd64', os.version: '10.0', java.version: '1.8.0_333'
Driver info: org.openqa.selenium.firefox.FirefoxDriver
Capabilities {acceptInsecureCerts: true, browserName: firefox, browserVersion: 113.0.1, javascriptEnabled: true, moz:accessibilityChecks: false, moz:buildID: 20230511191846, moz:geckodriverVersion: 0.32.0, moz:headless: false, moz:platformVersion: 10.0, moz:processID: 23884, moz:profile: C:\Users\Liora\AppData\Loca..., moz:shutdownTimeout: 60000, moz:useNonSpecCompliantPointerOrigin: false, moz:webdriverClick: true, moz:windowless: false, pageLoadStrategy: normal, platform: WINDOWS, platformName: WINDOWS, proxy: Proxy(), setWindowRect: true, strictFileInteractability: false, timeouts: {implicit: 0, pageLoad: 300000, script: 30000}, unhandledPromptBehavior: dismiss and notify}
Session ID: c15047ca-7899-40a3-a87a-a7a73ad9f2e3
*** Element info: {Using=xpath, value=//button[.='Sign Out']}
21:06:13.088  INFO  manager.MyListener  org.openqa.selenium.WebDriverException: TypeError: browsingContext.currentWindowGlobal is null
Build info: version: '3.141.59', revision: 'e82be7d358', time: '2018-11-14T08:17:03'
System info: host: 'LAPTOP-QKHLCVKT', ip: '192.168.88.107', os.name: 'Windows 11', os.arch: 'amd64', os.version: '10.0', java.version: '1.8.0_333'
Driver info: org.openqa.selenium.firefox.FirefoxDriver
Capabilities {acceptInsecureCerts: true, browserName: firefox, browserVersion: 113.0.1, javascriptEnabled: true, moz:accessibilityChecks: false, moz:buildID: 20230511191846, moz:geckodriverVersion: 0.32.0, moz:headless: false, moz:platformVersion: 10.0, moz:processID: 23884, moz:profile: C:\Users\Liora\AppData\Loca..., moz:shutdownTimeout: 60000, moz:useNonSpecCompliantPointerOrigin: false, moz:webdriverClick: true, moz:windowless: false, pageLoadStrategy: normal, platform: WINDOWS, platformName: WINDOWS, proxy: Proxy(), setWindowRect: true, strictFileInteractability: false, timeouts: {implicit: 0, pageLoad: 300000, script: 30000}, unhandledPromptBehavior: dismiss and notify}
Session ID: c15047ca-7899-40a3-a87a-a7a73ad9f2e3
*** Element info: {Using=xpath, value=//button[.='Sign Out']}
21:06:13.102  INFO  manager.NGListener  Start of the test: regPositiveTest
21:06:13.104  INFO  manager.NGListener  Start of the test: registrationWrongEmail
