15:19:35.303  INFO  manager.ApplicationManager  Testing on Firefox Driver
15:19:35.742  INFO  tests.TestBase             ############### Start  test loginNegativeTestWrongEmail
15:19:35.743  INFO  manager.NGListener  Start of the test: loginNegativeTestWrongEmail
15:19:35.745  INFO  manager.MyListener  Start searching element by By.xpath: //a[@href='/login']
15:19:35.765  INFO  manager.MyListener  The element with locator by By.xpath: //a[@href='/login'] is found successfully
15:19:36.030  INFO  manager.MyListener  Start searching element by By.xpath: //input[1]
15:19:36.049  INFO  manager.MyListener  The element with locator by By.xpath: //input[1] is found successfully
15:19:36.315  INFO  manager.MyListener  Start searching element by By.xpath: //input[2]
15:19:36.329  INFO  manager.MyListener  The element with locator by By.xpath: //input[2] is found successfully
15:19:36.603  INFO  manager.MyListener  Start searching element by By.xpath: //button[1]
15:19:36.607  INFO  manager.MyListener  The element with locator by By.xpath: //button[1] is found successfully
15:19:37.337  INFO  manager.NGListener  Test Success: loginNegativeTestWrongEmail
15:19:37.338  INFO  tests.TestBase       ###### Finished  #########
15:19:37.340  INFO  tests.TestBase             ############### Start  test loginNegativeTestWrongPassword
15:19:37.340  INFO  manager.NGListener  Start of the test: loginNegativeTestWrongPassword
15:19:37.341  INFO  manager.MyListener  Start searching element by By.xpath: //a[@href='/login']
15:19:37.352  INFO  manager.MyListener  The element with locator by By.xpath: //a[@href='/login'] is found successfully
15:19:37.710  INFO  manager.MyListener  Start searching element by By.xpath: //input[1]
15:19:40.144  INFO  manager.MyListener  Something went wrong!
15:19:40.144  INFO  manager.MyListener  Dismissed user prompt dialog: Wrong email or password: 
Build info: version: '3.141.59', revision: 'e82be7d358', time: '2018-11-14T08:17:03'
System info: host: 'LAPTOP-QKHLCVKT', ip: '192.168.88.107', os.name: 'Windows 11', os.arch: 'amd64', os.version: '10.0', java.version: '1.8.0_333'
Driver info: org.openqa.selenium.firefox.FirefoxDriver
Capabilities {acceptInsecureCerts: true, browserName: firefox, browserVersion: 113.0.1, javascriptEnabled: true, moz:accessibilityChecks: false, moz:buildID: 20230511191846, moz:geckodriverVersion: 0.32.0, moz:headless: false, moz:platformVersion: 10.0, moz:processID: 25764, moz:profile: C:\Users\Liora\AppData\Loca..., moz:shutdownTimeout: 60000, moz:useNonSpecCompliantPointerOrigin: false, moz:webdriverClick: true, moz:windowless: false, pageLoadStrategy: normal, platform: WINDOWS, platformName: WINDOWS, proxy: Proxy(), setWindowRect: true, strictFileInteractability: false, timeouts: {implicit: 0, pageLoad: 300000, script: 30000}, unhandledPromptBehavior: dismiss and notify}
Session ID: 08081b8d-1653-4775-8db0-cd800cafb097
*** Element info: {Using=xpath, value=//input[1]}
15:19:40.145  INFO  manager.MyListener  org.openqa.selenium.UnhandledAlertException: Dismissed user prompt dialog: Wrong email or password: 
Build info: version: '3.141.59', revision: 'e82be7d358', time: '2018-11-14T08:17:03'
System info: host: 'LAPTOP-QKHLCVKT', ip: '192.168.88.107', os.name: 'Windows 11', os.arch: 'amd64', os.version: '10.0', java.version: '1.8.0_333'
Driver info: org.openqa.selenium.firefox.FirefoxDriver
Capabilities {acceptInsecureCerts: true, browserName: firefox, browserVersion: 113.0.1, javascriptEnabled: true, moz:accessibilityChecks: false, moz:buildID: 20230511191846, moz:geckodriverVersion: 0.32.0, moz:headless: false, moz:platformVersion: 10.0, moz:processID: 25764, moz:profile: C:\Users\Liora\AppData\Loca..., moz:shutdownTimeout: 60000, moz:useNonSpecCompliantPointerOrigin: false, moz:webdriverClick: true, moz:windowless: false, pageLoadStrategy: normal, platform: WINDOWS, platformName: WINDOWS, proxy: Proxy(), setWindowRect: true, strictFileInteractability: false, timeouts: {implicit: 0, pageLoad: 300000, script: 30000}, unhandledPromptBehavior: dismiss and notify}
Session ID: 08081b8d-1653-4775-8db0-cd800cafb097
*** Element info: {Using=xpath, value=//input[1]}
15:19:40.413  INFO  manager.MyListener  Here is the link to screenshot with error: src/test/screenshots/screenshot - 1180.png
15:19:40.413  INFO  manager.NGListener  Test Failure: org.openqa.selenium.UnhandledAlertException: Dismissed user prompt dialog: Wrong email or password: 
Build info: version: '3.141.59', revision: 'e82be7d358', time: '2018-11-14T08:17:03'
System info: host: 'LAPTOP-QKHLCVKT', ip: '192.168.88.107', os.name: 'Windows 11', os.arch: 'amd64', os.version: '10.0', java.version: '1.8.0_333'
Driver info: org.openqa.selenium.firefox.FirefoxDriver
Capabilities {acceptInsecureCerts: true, browserName: firefox, browserVersion: 113.0.1, javascriptEnabled: true, moz:accessibilityChecks: false, moz:buildID: 20230511191846, moz:geckodriverVersion: 0.32.0, moz:headless: false, moz:platformVersion: 10.0, moz:processID: 25764, moz:profile: C:\Users\Liora\AppData\Loca..., moz:shutdownTimeout: 60000, moz:useNonSpecCompliantPointerOrigin: false, moz:webdriverClick: true, moz:windowless: false, pageLoadStrategy: normal, platform: WINDOWS, platformName: WINDOWS, proxy: Proxy(), setWindowRect: true, strictFileInteractability: false, timeouts: {implicit: 0, pageLoad: 300000, script: 30000}, unhandledPromptBehavior: dismiss and notify}
Session ID: 08081b8d-1653-4775-8db0-cd800cafb097
*** Element info: {Using=xpath, value=//input[1]}
15:19:40.414  INFO  tests.TestBase       ###### Finished  #########
15:19:40.416  INFO  tests.TestBase             ############### Start  test loginNegativeTestWrongEmail
15:19:40.417  INFO  manager.NGListener  Start of the test: loginNegativeTestWrongEmail
15:19:40.417  INFO  manager.MyListener  Start searching element by By.xpath: //a[@href='/login']
15:19:40.436  INFO  manager.MyListener  The element with locator by By.xpath: //a[@href='/login'] is found successfully
15:19:41.167  INFO  manager.MyListener  Start searching element by By.xpath: //input[1]
15:19:41.184  INFO  manager.MyListener  The element with locator by By.xpath: //input[1] is found successfully
15:19:41.709  INFO  manager.MyListener  Start searching element by By.xpath: //input[2]
15:19:41.716  INFO  manager.MyListener  The element with locator by By.xpath: //input[2] is found successfully
15:19:42.492  INFO  manager.MyListener  Start searching element by By.xpath: //button[1]
15:19:42.505  INFO  manager.MyListener  The element with locator by By.xpath: //button[1] is found successfully
15:19:42.969  INFO  manager.NGListener  Test Success: loginNegativeTestWrongEmail
15:19:42.969  INFO  tests.TestBase       ###### Finished  #########
15:19:42.970  INFO  tests.TestBase             ############### Start  test loginNegativeTestWrongPassword
15:19:42.970  INFO  manager.NGListener  Start of the test: loginNegativeTestWrongPassword
15:19:42.971  INFO  manager.MyListener  Start searching element by By.xpath: //a[@href='/login']
15:19:44.144  INFO  manager.MyListener  Something went wrong!
15:19:44.146  INFO  manager.MyListener  Dismissed user prompt dialog: Wrong email or password: 
Build info: version: '3.141.59', revision: 'e82be7d358', time: '2018-11-14T08:17:03'
System info: host: 'LAPTOP-QKHLCVKT', ip: '192.168.88.107', os.name: 'Windows 11', os.arch: 'amd64', os.version: '10.0', java.version: '1.8.0_333'
Driver info: org.openqa.selenium.firefox.FirefoxDriver
Capabilities {acceptInsecureCerts: true, browserName: firefox, browserVersion: 113.0.1, javascriptEnabled: true, moz:accessibilityChecks: false, moz:buildID: 20230511191846, moz:geckodriverVersion: 0.32.0, moz:headless: false, moz:platformVersion: 10.0, moz:processID: 25764, moz:profile: C:\Users\Liora\AppData\Loca..., moz:shutdownTimeout: 60000, moz:useNonSpecCompliantPointerOrigin: false, moz:webdriverClick: true, moz:windowless: false, pageLoadStrategy: normal, platform: WINDOWS, platformName: WINDOWS, proxy: Proxy(), setWindowRect: true, strictFileInteractability: false, timeouts: {implicit: 0, pageLoad: 300000, script: 30000}, unhandledPromptBehavior: dismiss and notify}
Session ID: 08081b8d-1653-4775-8db0-cd800cafb097
*** Element info: {Using=xpath, value=//a[@href='/login']}
15:19:44.146  INFO  manager.MyListener  org.openqa.selenium.UnhandledAlertException: Dismissed user prompt dialog: Wrong email or password: 
Build info: version: '3.141.59', revision: 'e82be7d358', time: '2018-11-14T08:17:03'
System info: host: 'LAPTOP-QKHLCVKT', ip: '192.168.88.107', os.name: 'Windows 11', os.arch: 'amd64', os.version: '10.0', java.version: '1.8.0_333'
Driver info: org.openqa.selenium.firefox.FirefoxDriver
Capabilities {acceptInsecureCerts: true, browserName: firefox, browserVersion: 113.0.1, javascriptEnabled: true, moz:accessibilityChecks: false, moz:buildID: 20230511191846, moz:geckodriverVersion: 0.32.0, moz:headless: false, moz:platformVersion: 10.0, moz:processID: 25764, moz:profile: C:\Users\Liora\AppData\Loca..., moz:shutdownTimeout: 60000, moz:useNonSpecCompliantPointerOrigin: false, moz:webdriverClick: true, moz:windowless: false, pageLoadStrategy: normal, platform: WINDOWS, platformName: WINDOWS, proxy: Proxy(), setWindowRect: true, strictFileInteractability: false, timeouts: {implicit: 0, pageLoad: 300000, script: 30000}, unhandledPromptBehavior: dismiss and notify}
Session ID: 08081b8d-1653-4775-8db0-cd800cafb097
*** Element info: {Using=xpath, value=//a[@href='/login']}
15:19:44.351  INFO  manager.MyListener  Here is the link to screenshot with error: src/test/screenshots/screenshot - 1184.png
15:19:44.352  INFO  manager.NGListener  Test Failure: org.openqa.selenium.UnhandledAlertException: Dismissed user prompt dialog: Wrong email or password: 
Build info: version: '3.141.59', revision: 'e82be7d358', time: '2018-11-14T08:17:03'
System info: host: 'LAPTOP-QKHLCVKT', ip: '192.168.88.107', os.name: 'Windows 11', os.arch: 'amd64', os.version: '10.0', java.version: '1.8.0_333'
Driver info: org.openqa.selenium.firefox.FirefoxDriver
Capabilities {acceptInsecureCerts: true, browserName: firefox, browserVersion: 113.0.1, javascriptEnabled: true, moz:accessibilityChecks: false, moz:buildID: 20230511191846, moz:geckodriverVersion: 0.32.0, moz:headless: false, moz:platformVersion: 10.0, moz:processID: 25764, moz:profile: C:\Users\Liora\AppData\Loca..., moz:shutdownTimeout: 60000, moz:useNonSpecCompliantPointerOrigin: false, moz:webdriverClick: true, moz:windowless: false, pageLoadStrategy: normal, platform: WINDOWS, platformName: WINDOWS, proxy: Proxy(), setWindowRect: true, strictFileInteractability: false, timeouts: {implicit: 0, pageLoad: 300000, script: 30000}, unhandledPromptBehavior: dismiss and notify}
Session ID: 08081b8d-1653-4775-8db0-cd800cafb097
*** Element info: {Using=xpath, value=//a[@href='/login']}
15:19:44.352  INFO  tests.TestBase       ###### Finished  #########
