15:27:48.433  INFO  manager.ApplicationManager  Testing on Firefox Driver
15:27:48.944  INFO  tests.TestBase             ############### Start  test loginNegativeTestWrongEmail
15:27:48.945  INFO  manager.NGListener  Start of the test: loginNegativeTestWrongEmail
15:27:48.948  INFO  manager.MyListener  Start searching element by By.xpath: //a[@href='/login']
15:27:48.974  INFO  manager.MyListener  The element with locator by By.xpath: //a[@href='/login'] is found successfully
15:27:49.242  INFO  manager.MyListener  Start searching element by By.xpath: //input[1]
15:27:49.260  INFO  manager.MyListener  The element with locator by By.xpath: //input[1] is found successfully
15:27:49.539  INFO  manager.MyListener  Start searching element by By.xpath: //input[2]
15:27:49.552  INFO  manager.MyListener  The element with locator by By.xpath: //input[2] is found successfully
15:27:49.831  INFO  manager.MyListener  Start searching element by By.xpath: //button[1]
15:27:49.853  INFO  manager.MyListener  The element with locator by By.xpath: //button[1] is found successfully
15:27:50.097  INFO  manager.NGListener  Test Success: loginNegativeTestWrongEmail
15:27:50.097  INFO  tests.TestBase       ###### Finished  #########
15:27:50.101  INFO  tests.TestBase             ############### Start  test loginPositiveTest
15:27:50.102  INFO  manager.NGListener  Start of the test: loginPositiveTest
15:27:50.102  INFO  manager.MyListener  Start searching element by By.xpath: //a[@href='/login']
15:27:50.115  INFO  manager.MyListener  The element with locator by By.xpath: //a[@href='/login'] is found successfully
15:27:50.336  INFO  manager.MyListener  Start searching element by By.xpath: //input[1]
15:27:51.022  INFO  manager.MyListener  Something went wrong!
15:27:51.022  INFO  manager.MyListener  Failed to convert data to an object
Build info: version: '3.141.59', revision: 'e82be7d358', time: '2018-11-14T08:17:03'
System info: host: 'LAPTOP-QKHLCVKT', ip: '192.168.88.107', os.name: 'Windows 11', os.arch: 'amd64', os.version: '10.0', java.version: '1.8.0_333'
Driver info: org.openqa.selenium.firefox.FirefoxDriver
Capabilities {acceptInsecureCerts: true, browserName: firefox, browserVersion: 113.0.1, javascriptEnabled: true, moz:accessibilityChecks: false, moz:buildID: 20230511191846, moz:geckodriverVersion: 0.32.0, moz:headless: false, moz:platformVersion: 10.0, moz:processID: 16224, moz:profile: C:\Users\Liora\AppData\Loca..., moz:shutdownTimeout: 60000, moz:useNonSpecCompliantPointerOrigin: false, moz:webdriverClick: true, moz:windowless: false, pageLoadStrategy: normal, platform: WINDOWS, platformName: WINDOWS, proxy: Proxy(), setWindowRect: true, strictFileInteractability: false, timeouts: {implicit: 0, pageLoad: 300000, script: 30000}, unhandledPromptBehavior: dismiss and notify}
Session ID: 276598a5-058c-40fb-b13f-f23e11203cd4
*** Element info: {Using=xpath, value=//input[1]}
15:27:51.022  INFO  manager.MyListener  org.openqa.selenium.WebDriverException: Failed to convert data to an object
Build info: version: '3.141.59', revision: 'e82be7d358', time: '2018-11-14T08:17:03'
System info: host: 'LAPTOP-QKHLCVKT', ip: '192.168.88.107', os.name: 'Windows 11', os.arch: 'amd64', os.version: '10.0', java.version: '1.8.0_333'
Driver info: org.openqa.selenium.firefox.FirefoxDriver
Capabilities {acceptInsecureCerts: true, browserName: firefox, browserVersion: 113.0.1, javascriptEnabled: true, moz:accessibilityChecks: false, moz:buildID: 20230511191846, moz:geckodriverVersion: 0.32.0, moz:headless: false, moz:platformVersion: 10.0, moz:processID: 16224, moz:profile: C:\Users\Liora\AppData\Loca..., moz:shutdownTimeout: 60000, moz:useNonSpecCompliantPointerOrigin: false, moz:webdriverClick: true, moz:windowless: false, pageLoadStrategy: normal, platform: WINDOWS, platformName: WINDOWS, proxy: Proxy(), setWindowRect: true, strictFileInteractability: false, timeouts: {implicit: 0, pageLoad: 300000, script: 30000}, unhandledPromptBehavior: dismiss and notify}
Session ID: 276598a5-058c-40fb-b13f-f23e11203cd4
*** Element info: {Using=xpath, value=//input[1]}
15:27:51.033  INFO  manager.NGListener  Test Failure: org.openqa.selenium.UnhandledAlertException: Dismissed user prompt dialog: Wrong email or password: 
Build info: version: '3.141.59', revision: 'e82be7d358', time: '2018-11-14T08:17:03'
System info: host: 'LAPTOP-QKHLCVKT', ip: '192.168.88.107', os.name: 'Windows 11', os.arch: 'amd64', os.version: '10.0', java.version: '1.8.0_333'
Driver info: org.openqa.selenium.firefox.FirefoxDriver
Capabilities {acceptInsecureCerts: true, browserName: firefox, browserVersion: 113.0.1, javascriptEnabled: true, moz:accessibilityChecks: false, moz:buildID: 20230511191846, moz:geckodriverVersion: 0.32.0, moz:headless: false, moz:platformVersion: 10.0, moz:processID: 16224, moz:profile: C:\Users\Liora\AppData\Loca..., moz:shutdownTimeout: 60000, moz:useNonSpecCompliantPointerOrigin: false, moz:webdriverClick: true, moz:windowless: false, pageLoadStrategy: normal, platform: WINDOWS, platformName: WINDOWS, proxy: Proxy(), setWindowRect: true, strictFileInteractability: false, timeouts: {implicit: 0, pageLoad: 300000, script: 30000}, unhandledPromptBehavior: dismiss and notify}
Session ID: 276598a5-058c-40fb-b13f-f23e11203cd4
15:27:51.033  INFO  tests.TestBase       ###### Finished  #########
15:27:51.034  INFO  tests.TestBase             ############### Start  test loginPositiveTest
15:27:51.034  INFO  manager.NGListener  Start of the test: loginPositiveTest
15:27:51.034  INFO  manager.MyListener  Start searching element by By.xpath: //a[@href='/login']
15:27:51.043  INFO  manager.MyListener  The element with locator by By.xpath: //a[@href='/login'] is found successfully
15:27:51.267  INFO  manager.MyListener  Start searching element by By.xpath: //input[1]
15:27:51.282  INFO  manager.MyListener  The element with locator by By.xpath: //input[1] is found successfully
15:27:51.537  INFO  manager.MyListener  Start searching element by By.xpath: //input[2]
15:27:51.556  INFO  manager.MyListener  The element with locator by By.xpath: //input[2] is found successfully
15:27:51.834  INFO  manager.MyListener  Start searching element by By.xpath: //button[1]
15:27:51.853  INFO  manager.MyListener  The element with locator by By.xpath: //button[1] is found successfully
15:27:52.095  INFO  manager.MyListener  Start searching element by By.xpath: //button[.='Sign Out']
15:27:52.169  INFO  manager.MyListener  The element with locator by By.xpath: //button[.='Sign Out'] is found successfully
15:27:52.171  INFO  manager.NGListener  Test Success: loginPositiveTest
15:27:52.172  INFO  tests.TestBase       ###### Finished  #########
15:27:52.172  INFO  tests.TestBase             ############### Start  test loginPositiveTest
15:27:52.173  INFO  manager.NGListener  Start of the test: loginPositiveTest
15:27:52.173  INFO  manager.MyListener  Start searching element by By.xpath: //a[@href='/login']
15:28:02.195  INFO  manager.MyListener  Something went wrong!
15:28:02.195  INFO  manager.MyListener  Unable to locate element: //a[@href='/login']
For documentation on this error, please visit: https://www.seleniumhq.org/exceptions/no_such_element.html
Build info: version: '3.141.59', revision: 'e82be7d358', time: '2018-11-14T08:17:03'
System info: host: 'LAPTOP-QKHLCVKT', ip: '192.168.88.107', os.name: 'Windows 11', os.arch: 'amd64', os.version: '10.0', java.version: '1.8.0_333'
Driver info: org.openqa.selenium.firefox.FirefoxDriver
Capabilities {acceptInsecureCerts: true, browserName: firefox, browserVersion: 113.0.1, javascriptEnabled: true, moz:accessibilityChecks: false, moz:buildID: 20230511191846, moz:geckodriverVersion: 0.32.0, moz:headless: false, moz:platformVersion: 10.0, moz:processID: 16224, moz:profile: C:\Users\Liora\AppData\Loca..., moz:shutdownTimeout: 60000, moz:useNonSpecCompliantPointerOrigin: false, moz:webdriverClick: true, moz:windowless: false, pageLoadStrategy: normal, platform: WINDOWS, platformName: WINDOWS, proxy: Proxy(), setWindowRect: true, strictFileInteractability: false, timeouts: {implicit: 0, pageLoad: 300000, script: 30000}, unhandledPromptBehavior: dismiss and notify}
Session ID: 276598a5-058c-40fb-b13f-f23e11203cd4
*** Element info: {Using=xpath, value=//a[@href='/login']}
15:28:02.196  INFO  manager.MyListener  org.openqa.selenium.NoSuchElementException: Unable to locate element: //a[@href='/login']
For documentation on this error, please visit: https://www.seleniumhq.org/exceptions/no_such_element.html
Build info: version: '3.141.59', revision: 'e82be7d358', time: '2018-11-14T08:17:03'
System info: host: 'LAPTOP-QKHLCVKT', ip: '192.168.88.107', os.name: 'Windows 11', os.arch: 'amd64', os.version: '10.0', java.version: '1.8.0_333'
Driver info: org.openqa.selenium.firefox.FirefoxDriver
Capabilities {acceptInsecureCerts: true, browserName: firefox, browserVersion: 113.0.1, javascriptEnabled: true, moz:accessibilityChecks: false, moz:buildID: 20230511191846, moz:geckodriverVersion: 0.32.0, moz:headless: false, moz:platformVersion: 10.0, moz:processID: 16224, moz:profile: C:\Users\Liora\AppData\Loca..., moz:shutdownTimeout: 60000, moz:useNonSpecCompliantPointerOrigin: false, moz:webdriverClick: true, moz:windowless: false, pageLoadStrategy: normal, platform: WINDOWS, platformName: WINDOWS, proxy: Proxy(), setWindowRect: true, strictFileInteractability: false, timeouts: {implicit: 0, pageLoad: 300000, script: 30000}, unhandledPromptBehavior: dismiss and notify}
Session ID: 276598a5-058c-40fb-b13f-f23e11203cd4
*** Element info: {Using=xpath, value=//a[@href='/login']}
15:28:02.446  INFO  manager.MyListener  Here is the link to screenshot with error: src/test/screenshots/screenshot - 1682.png
15:28:02.446  INFO  manager.NGListener  Test Failure: org.openqa.selenium.NoSuchElementException: Unable to locate element: //a[@href='/login']
For documentation on this error, please visit: https://www.seleniumhq.org/exceptions/no_such_element.html
Build info: version: '3.141.59', revision: 'e82be7d358', time: '2018-11-14T08:17:03'
System info: host: 'LAPTOP-QKHLCVKT', ip: '192.168.88.107', os.name: 'Windows 11', os.arch: 'amd64', os.version: '10.0', java.version: '1.8.0_333'
Driver info: org.openqa.selenium.firefox.FirefoxDriver
Capabilities {acceptInsecureCerts: true, browserName: firefox, browserVersion: 113.0.1, javascriptEnabled: true, moz:accessibilityChecks: false, moz:buildID: 20230511191846, moz:geckodriverVersion: 0.32.0, moz:headless: false, moz:platformVersion: 10.0, moz:processID: 16224, moz:profile: C:\Users\Liora\AppData\Loca..., moz:shutdownTimeout: 60000, moz:useNonSpecCompliantPointerOrigin: false, moz:webdriverClick: true, moz:windowless: false, pageLoadStrategy: normal, platform: WINDOWS, platformName: WINDOWS, proxy: Proxy(), setWindowRect: true, strictFileInteractability: false, timeouts: {implicit: 0, pageLoad: 300000, script: 30000}, unhandledPromptBehavior: dismiss and notify}
Session ID: 276598a5-058c-40fb-b13f-f23e11203cd4
*** Element info: {Using=xpath, value=//a[@href='/login']}
15:28:02.446  INFO  tests.TestBase       ###### Finished  #########
