23:46:47.514  INFO  tests.TestBase             ############### Start  test regPositiveTest
23:46:47.524  INFO  manager.MyListener  Start searching element by By.xpath: //button[.='Sign Out']
23:46:57.580  INFO  manager.MyListener  The element with locator by By.xpath: //button[.='Sign Out'] is found successfully
23:46:57.583  INFO  manager.MyListener  Start searching element by By.xpath: //a[@href='/login']
23:46:57.611  INFO  manager.MyListener  The element with locator by By.xpath: //a[@href='/login'] is found successfully
23:46:57.659  INFO  manager.MyListener  Start searching element by By.xpath: //input[]
23:46:57.693  INFO  manager.MyListener  Something went wrong!
23:46:57.694  INFO  manager.MyListener  invalid selector: Unable to locate an element with the xpath expression //input[] because of the following error:
SyntaxError: Failed to execute 'evaluate' on 'Document': The string '//input[]' is not a valid XPath expression.
  (Session info: chrome=112.0.5615.87)
For documentation on this error, please visit: https://www.seleniumhq.org/exceptions/invalid_selector_exception.html
Build info: version: '3.141.59', revision: 'e82be7d358', time: '2018-11-14T08:17:03'
System info: host: 'LAPTOP-QKHLCVKT', ip: '192.168.88.107', os.name: 'Windows 11', os.arch: 'amd64', os.version: '10.0', java.version: '1.8.0_333'
Driver info: org.openqa.selenium.chrome.ChromeDriver
Capabilities {acceptInsecureCerts: false, browserName: chrome, browserVersion: 112.0.5615.87, chrome: {chromedriverVersion: 112.0.5615.49 (bd2a7bcb881c..., userDataDir: C:\Users\Liora\AppData\Loca...}, goog:chromeOptions: {debuggerAddress: localhost:57989}, javascriptEnabled: true, networkConnectionEnabled: false, pageLoadStrategy: normal, platform: WINDOWS, platformName: WINDOWS, proxy: Proxy(), setWindowRect: true, strictFileInteractability: false, timeouts: {implicit: 0, pageLoad: 300000, script: 30000}, unhandledPromptBehavior: dismiss and notify, webauthn:extension:credBlob: true, webauthn:extension:largeBlob: true, webauthn:extension:minPinLength: true, webauthn:extension:prf: true, webauthn:virtualAuthenticators: true}
Session ID: 5fe7158f2620997622029603304f7809
*** Element info: {Using=xpath, value=//input[]}
23:46:57.694  INFO  manager.MyListener  org.openqa.selenium.InvalidSelectorException: invalid selector: Unable to locate an element with the xpath expression //input[] because of the following error:
SyntaxError: Failed to execute 'evaluate' on 'Document': The string '//input[]' is not a valid XPath expression.
  (Session info: chrome=112.0.5615.87)
For documentation on this error, please visit: https://www.seleniumhq.org/exceptions/invalid_selector_exception.html
Build info: version: '3.141.59', revision: 'e82be7d358', time: '2018-11-14T08:17:03'
System info: host: 'LAPTOP-QKHLCVKT', ip: '192.168.88.107', os.name: 'Windows 11', os.arch: 'amd64', os.version: '10.0', java.version: '1.8.0_333'
Driver info: org.openqa.selenium.chrome.ChromeDriver
Capabilities {acceptInsecureCerts: false, browserName: chrome, browserVersion: 112.0.5615.87, chrome: {chromedriverVersion: 112.0.5615.49 (bd2a7bcb881c..., userDataDir: C:\Users\Liora\AppData\Loca...}, goog:chromeOptions: {debuggerAddress: localhost:57989}, javascriptEnabled: true, networkConnectionEnabled: false, pageLoadStrategy: normal, platform: WINDOWS, platformName: WINDOWS, proxy: Proxy(), setWindowRect: true, strictFileInteractability: false, timeouts: {implicit: 0, pageLoad: 300000, script: 30000}, unhandledPromptBehavior: dismiss and notify, webauthn:extension:credBlob: true, webauthn:extension:largeBlob: true, webauthn:extension:minPinLength: true, webauthn:extension:prf: true, webauthn:virtualAuthenticators: true}
Session ID: 5fe7158f2620997622029603304f7809
*** Element info: {Using=xpath, value=//input[]}
23:46:58.207  INFO  manager.MyListener  Here is the link to screenshot with error: src/test/screenshots/screenshot - 2817.png
23:46:58.210  INFO  tests.TestBase       ###### Finished  #########
