14:44:37.813  INFO  manager.ApplicationManager  Testing on Firefox Driver
14:44:38.382  INFO  tests.TestBase             ############### Start  test loginNegativeTestWrongEmail
14:44:38.383  INFO  manager.NGListener  Start of the test: loginNegativeTestWrongEmail
14:44:38.385  INFO  manager.MyListener  Start searching element by By.xpath: //a[@href='/login']
14:44:38.399  INFO  manager.MyListener  The element with locator by By.xpath: //a[@href='/login'] is found successfully
14:44:38.669  INFO  manager.MyListener  Start searching element by By.xpath: //input[1]
14:44:38.685  INFO  manager.MyListener  The element with locator by By.xpath: //input[1] is found successfully
14:44:38.965  INFO  manager.MyListener  Start searching element by By.xpath: //input[2]
14:44:38.981  INFO  manager.MyListener  The element with locator by By.xpath: //input[2] is found successfully
14:44:39.243  INFO  manager.MyListener  Start searching element by By.xpath: //button[1]
14:44:39.261  INFO  manager.MyListener  The element with locator by By.xpath: //button[1] is found successfully
14:44:39.491  INFO  manager.NGListener  Test Success: loginNegativeTestWrongEmail
14:44:39.492  INFO  tests.TestBase       ###### Finished  #########
14:44:39.495  INFO  tests.TestBase             ############### Start  test loginNegativeTestWrongPassword
14:44:39.495  INFO  manager.NGListener  Start of the test: loginNegativeTestWrongPassword
14:44:39.495  INFO  manager.MyListener  Start searching element by By.xpath: //a[@href='/login']
14:44:39.506  INFO  manager.MyListener  The element with locator by By.xpath: //a[@href='/login'] is found successfully
14:44:39.729  INFO  manager.MyListener  Start searching element by By.xpath: //input[1]
14:44:40.372  INFO  manager.MyListener  Something went wrong!
14:44:40.372  INFO  manager.MyListener  Failed to convert data to an object
Build info: version: '3.141.59', revision: 'e82be7d358', time: '2018-11-14T08:17:03'
System info: host: 'LAPTOP-QKHLCVKT', ip: '192.168.88.107', os.name: 'Windows 11', os.arch: 'amd64', os.version: '10.0', java.version: '1.8.0_333'
Driver info: org.openqa.selenium.firefox.FirefoxDriver
Capabilities {acceptInsecureCerts: true, browserName: firefox, browserVersion: 113.0.1, javascriptEnabled: true, moz:accessibilityChecks: false, moz:buildID: 20230511191846, moz:geckodriverVersion: 0.32.0, moz:headless: false, moz:platformVersion: 10.0, moz:processID: 8564, moz:profile: C:\Users\Liora\AppData\Loca..., moz:shutdownTimeout: 60000, moz:useNonSpecCompliantPointerOrigin: false, moz:webdriverClick: true, moz:windowless: false, pageLoadStrategy: normal, platform: WINDOWS, platformName: WINDOWS, proxy: Proxy(), setWindowRect: true, strictFileInteractability: false, timeouts: {implicit: 0, pageLoad: 300000, script: 30000}, unhandledPromptBehavior: dismiss and notify}
Session ID: ba15c937-fbdc-4116-b91f-6f81cd00bce9
*** Element info: {Using=xpath, value=//input[1]}
14:44:40.373  INFO  manager.MyListener  org.openqa.selenium.WebDriverException: Failed to convert data to an object
Build info: version: '3.141.59', revision: 'e82be7d358', time: '2018-11-14T08:17:03'
System info: host: 'LAPTOP-QKHLCVKT', ip: '192.168.88.107', os.name: 'Windows 11', os.arch: 'amd64', os.version: '10.0', java.version: '1.8.0_333'
Driver info: org.openqa.selenium.firefox.FirefoxDriver
Capabilities {acceptInsecureCerts: true, browserName: firefox, browserVersion: 113.0.1, javascriptEnabled: true, moz:accessibilityChecks: false, moz:buildID: 20230511191846, moz:geckodriverVersion: 0.32.0, moz:headless: false, moz:platformVersion: 10.0, moz:processID: 8564, moz:profile: C:\Users\Liora\AppData\Loca..., moz:shutdownTimeout: 60000, moz:useNonSpecCompliantPointerOrigin: false, moz:webdriverClick: true, moz:windowless: false, pageLoadStrategy: normal, platform: WINDOWS, platformName: WINDOWS, proxy: Proxy(), setWindowRect: true, strictFileInteractability: false, timeouts: {implicit: 0, pageLoad: 300000, script: 30000}, unhandledPromptBehavior: dismiss and notify}
Session ID: ba15c937-fbdc-4116-b91f-6f81cd00bce9
*** Element info: {Using=xpath, value=//input[1]}
14:44:40.660  INFO  manager.NGListener  Test Failure: org.openqa.selenium.UnhandledAlertException: Dismissed user prompt dialog: Wrong email or password: 
Build info: version: '3.141.59', revision: 'e82be7d358', time: '2018-11-14T08:17:03'
System info: host: 'LAPTOP-QKHLCVKT', ip: '192.168.88.107', os.name: 'Windows 11', os.arch: 'amd64', os.version: '10.0', java.version: '1.8.0_333'
Driver info: org.openqa.selenium.firefox.FirefoxDriver
Capabilities {acceptInsecureCerts: true, browserName: firefox, browserVersion: 113.0.1, javascriptEnabled: true, moz:accessibilityChecks: false, moz:buildID: 20230511191846, moz:geckodriverVersion: 0.32.0, moz:headless: false, moz:platformVersion: 10.0, moz:processID: 8564, moz:profile: C:\Users\Liora\AppData\Loca..., moz:shutdownTimeout: 60000, moz:useNonSpecCompliantPointerOrigin: false, moz:webdriverClick: true, moz:windowless: false, pageLoadStrategy: normal, platform: WINDOWS, platformName: WINDOWS, proxy: Proxy(), setWindowRect: true, strictFileInteractability: false, timeouts: {implicit: 0, pageLoad: 300000, script: 30000}, unhandledPromptBehavior: dismiss and notify}
Session ID: ba15c937-fbdc-4116-b91f-6f81cd00bce9
14:44:40.661  INFO  tests.TestBase       ###### Finished  #########
