01:51:05.419  INFO  manager.ApplicationManager  Testing on Firefox Driver
01:51:05.908  INFO  tests.TestBase             ############### Start  test loginNegativeTestWrongEmail
01:51:05.909  INFO  manager.NGListener  Start of the test: loginNegativeTestWrongEmail
01:51:05.911  INFO  manager.MyListener  Start searching element by By.xpath: //a[@href='/login']
01:51:05.926  INFO  manager.MyListener  The element with locator by By.xpath: //a[@href='/login'] is found successfully
01:51:06.195  INFO  manager.MyListener  Start searching element by By.xpath: //input[1]
01:51:06.213  INFO  manager.MyListener  The element with locator by By.xpath: //input[1] is found successfully
01:51:06.477  INFO  manager.MyListener  Start searching element by By.xpath: //input[2]
01:51:06.491  INFO  manager.MyListener  The element with locator by By.xpath: //input[2] is found successfully
01:51:07.265  INFO  manager.MyListener  Start searching element by By.xpath: //button[1]
01:51:07.285  INFO  manager.MyListener  The element with locator by By.xpath: //button[1] is found successfully
01:51:07.719  INFO  manager.NGListener  Test Success: loginNegativeTestWrongEmail
01:51:07.719  INFO  tests.TestBase       ###### Finished  #########
01:51:07.721  INFO  tests.TestBase             ############### Start  test loginPositiveTest
01:51:07.721  INFO  manager.NGListener  Start of the test: loginPositiveTest
01:51:07.721  INFO  manager.MyListener  Start searching element by By.xpath: //a[@href='/login']
01:51:07.734  INFO  manager.MyListener  The element with locator by By.xpath: //a[@href='/login'] is found successfully
01:51:08.388  INFO  manager.MyListener  Start searching element by By.xpath: //input[1]
01:51:10.196  INFO  manager.MyListener  Something went wrong!
01:51:10.196  INFO  manager.MyListener  Dismissed user prompt dialog: Wrong email or password: 
Build info: version: '3.141.59', revision: 'e82be7d358', time: '2018-11-14T08:17:03'
System info: host: 'LAPTOP-QKHLCVKT', ip: '192.168.88.107', os.name: 'Windows 11', os.arch: 'amd64', os.version: '10.0', java.version: '1.8.0_333'
Driver info: org.openqa.selenium.firefox.FirefoxDriver
Capabilities {acceptInsecureCerts: true, browserName: firefox, browserVersion: 113.0.1, javascriptEnabled: true, moz:accessibilityChecks: false, moz:buildID: 20230511191846, moz:geckodriverVersion: 0.32.0, moz:headless: false, moz:platformVersion: 10.0, moz:processID: 4208, moz:profile: C:\Users\Liora\AppData\Loca..., moz:shutdownTimeout: 60000, moz:useNonSpecCompliantPointerOrigin: false, moz:webdriverClick: true, moz:windowless: false, pageLoadStrategy: normal, platform: WINDOWS, platformName: WINDOWS, proxy: Proxy(), setWindowRect: true, strictFileInteractability: false, timeouts: {implicit: 0, pageLoad: 300000, script: 30000}, unhandledPromptBehavior: dismiss and notify}
Session ID: 39bd569f-62f9-4df1-8c88-a55388c3311a
*** Element info: {Using=xpath, value=//input[1]}
01:51:10.198  INFO  manager.MyListener  org.openqa.selenium.UnhandledAlertException: Dismissed user prompt dialog: Wrong email or password: 
Build info: version: '3.141.59', revision: 'e82be7d358', time: '2018-11-14T08:17:03'
System info: host: 'LAPTOP-QKHLCVKT', ip: '192.168.88.107', os.name: 'Windows 11', os.arch: 'amd64', os.version: '10.0', java.version: '1.8.0_333'
Driver info: org.openqa.selenium.firefox.FirefoxDriver
Capabilities {acceptInsecureCerts: true, browserName: firefox, browserVersion: 113.0.1, javascriptEnabled: true, moz:accessibilityChecks: false, moz:buildID: 20230511191846, moz:geckodriverVersion: 0.32.0, moz:headless: false, moz:platformVersion: 10.0, moz:processID: 4208, moz:profile: C:\Users\Liora\AppData\Loca..., moz:shutdownTimeout: 60000, moz:useNonSpecCompliantPointerOrigin: false, moz:webdriverClick: true, moz:windowless: false, pageLoadStrategy: normal, platform: WINDOWS, platformName: WINDOWS, proxy: Proxy(), setWindowRect: true, strictFileInteractability: false, timeouts: {implicit: 0, pageLoad: 300000, script: 30000}, unhandledPromptBehavior: dismiss and notify}
Session ID: 39bd569f-62f9-4df1-8c88-a55388c3311a
*** Element info: {Using=xpath, value=//input[1]}
01:51:10.401  INFO  manager.MyListener  Here is the link to screenshot with error: src/test/screenshots/screenshot - 3070.png
01:51:10.402  INFO  manager.NGListener  Test Failure: org.openqa.selenium.UnhandledAlertException: Dismissed user prompt dialog: Wrong email or password: 
Build info: version: '3.141.59', revision: 'e82be7d358', time: '2018-11-14T08:17:03'
System info: host: 'LAPTOP-QKHLCVKT', ip: '192.168.88.107', os.name: 'Windows 11', os.arch: 'amd64', os.version: '10.0', java.version: '1.8.0_333'
Driver info: org.openqa.selenium.firefox.FirefoxDriver
Capabilities {acceptInsecureCerts: true, browserName: firefox, browserVersion: 113.0.1, javascriptEnabled: true, moz:accessibilityChecks: false, moz:buildID: 20230511191846, moz:geckodriverVersion: 0.32.0, moz:headless: false, moz:platformVersion: 10.0, moz:processID: 4208, moz:profile: C:\Users\Liora\AppData\Loca..., moz:shutdownTimeout: 60000, moz:useNonSpecCompliantPointerOrigin: false, moz:webdriverClick: true, moz:windowless: false, pageLoadStrategy: normal, platform: WINDOWS, platformName: WINDOWS, proxy: Proxy(), setWindowRect: true, strictFileInteractability: false, timeouts: {implicit: 0, pageLoad: 300000, script: 30000}, unhandledPromptBehavior: dismiss and notify}
Session ID: 39bd569f-62f9-4df1-8c88-a55388c3311a
*** Element info: {Using=xpath, value=//input[1]}
01:51:10.402  INFO  tests.TestBase       ###### Finished  #########
01:51:10.406  INFO  tests.TestBase             ############### Start  test loginNegativeTestWrongEmail
01:51:10.407  INFO  manager.NGListener  Start of the test: loginNegativeTestWrongEmail
01:51:10.407  INFO  manager.MyListener  Start searching element by By.xpath: //a[@href='/login']
01:51:10.412  INFO  manager.MyListener  The element with locator by By.xpath: //a[@href='/login'] is found successfully
01:51:11.144  INFO  manager.MyListener  Start searching element by By.xpath: //input[1]
01:51:11.151  INFO  manager.MyListener  The element with locator by By.xpath: //input[1] is found successfully
01:51:11.705  INFO  manager.MyListener  Start searching element by By.xpath: //input[2]
01:51:11.711  INFO  manager.MyListener  The element with locator by By.xpath: //input[2] is found successfully
01:51:12.480  INFO  manager.MyListener  Start searching element by By.xpath: //button[1]
01:51:12.499  INFO  manager.MyListener  The element with locator by By.xpath: //button[1] is found successfully
01:51:12.919  INFO  manager.NGListener  Test Success: loginNegativeTestWrongEmail
01:51:12.919  INFO  tests.TestBase       ###### Finished  #########
01:51:12.920  INFO  tests.TestBase             ############### Start  test loginPositiveTest
01:51:12.920  INFO  manager.NGListener  Start of the test: loginPositiveTest
01:51:12.920  INFO  manager.MyListener  Start searching element by By.xpath: //a[@href='/login']
01:51:14.188  INFO  manager.MyListener  Something went wrong!
01:51:14.188  INFO  manager.MyListener  Dismissed user prompt dialog: Wrong email or password: 
Build info: version: '3.141.59', revision: 'e82be7d358', time: '2018-11-14T08:17:03'
System info: host: 'LAPTOP-QKHLCVKT', ip: '192.168.88.107', os.name: 'Windows 11', os.arch: 'amd64', os.version: '10.0', java.version: '1.8.0_333'
Driver info: org.openqa.selenium.firefox.FirefoxDriver
Capabilities {acceptInsecureCerts: true, browserName: firefox, browserVersion: 113.0.1, javascriptEnabled: true, moz:accessibilityChecks: false, moz:buildID: 20230511191846, moz:geckodriverVersion: 0.32.0, moz:headless: false, moz:platformVersion: 10.0, moz:processID: 4208, moz:profile: C:\Users\Liora\AppData\Loca..., moz:shutdownTimeout: 60000, moz:useNonSpecCompliantPointerOrigin: false, moz:webdriverClick: true, moz:windowless: false, pageLoadStrategy: normal, platform: WINDOWS, platformName: WINDOWS, proxy: Proxy(), setWindowRect: true, strictFileInteractability: false, timeouts: {implicit: 0, pageLoad: 300000, script: 30000}, unhandledPromptBehavior: dismiss and notify}
Session ID: 39bd569f-62f9-4df1-8c88-a55388c3311a
*** Element info: {Using=xpath, value=//a[@href='/login']}
01:51:14.189  INFO  manager.MyListener  org.openqa.selenium.UnhandledAlertException: Dismissed user prompt dialog: Wrong email or password: 
Build info: version: '3.141.59', revision: 'e82be7d358', time: '2018-11-14T08:17:03'
System info: host: 'LAPTOP-QKHLCVKT', ip: '192.168.88.107', os.name: 'Windows 11', os.arch: 'amd64', os.version: '10.0', java.version: '1.8.0_333'
Driver info: org.openqa.selenium.firefox.FirefoxDriver
Capabilities {acceptInsecureCerts: true, browserName: firefox, browserVersion: 113.0.1, javascriptEnabled: true, moz:accessibilityChecks: false, moz:buildID: 20230511191846, moz:geckodriverVersion: 0.32.0, moz:headless: false, moz:platformVersion: 10.0, moz:processID: 4208, moz:profile: C:\Users\Liora\AppData\Loca..., moz:shutdownTimeout: 60000, moz:useNonSpecCompliantPointerOrigin: false, moz:webdriverClick: true, moz:windowless: false, pageLoadStrategy: normal, platform: WINDOWS, platformName: WINDOWS, proxy: Proxy(), setWindowRect: true, strictFileInteractability: false, timeouts: {implicit: 0, pageLoad: 300000, script: 30000}, unhandledPromptBehavior: dismiss and notify}
Session ID: 39bd569f-62f9-4df1-8c88-a55388c3311a
*** Element info: {Using=xpath, value=//a[@href='/login']}
01:51:14.431  INFO  manager.MyListener  Here is the link to screenshot with error: src/test/screenshots/screenshot - 3074.png
01:51:14.431  INFO  manager.NGListener  Test Failure: org.openqa.selenium.UnhandledAlertException: Dismissed user prompt dialog: Wrong email or password: 
Build info: version: '3.141.59', revision: 'e82be7d358', time: '2018-11-14T08:17:03'
System info: host: 'LAPTOP-QKHLCVKT', ip: '192.168.88.107', os.name: 'Windows 11', os.arch: 'amd64', os.version: '10.0', java.version: '1.8.0_333'
Driver info: org.openqa.selenium.firefox.FirefoxDriver
Capabilities {acceptInsecureCerts: true, browserName: firefox, browserVersion: 113.0.1, javascriptEnabled: true, moz:accessibilityChecks: false, moz:buildID: 20230511191846, moz:geckodriverVersion: 0.32.0, moz:headless: false, moz:platformVersion: 10.0, moz:processID: 4208, moz:profile: C:\Users\Liora\AppData\Loca..., moz:shutdownTimeout: 60000, moz:useNonSpecCompliantPointerOrigin: false, moz:webdriverClick: true, moz:windowless: false, pageLoadStrategy: normal, platform: WINDOWS, platformName: WINDOWS, proxy: Proxy(), setWindowRect: true, strictFileInteractability: false, timeouts: {implicit: 0, pageLoad: 300000, script: 30000}, unhandledPromptBehavior: dismiss and notify}
Session ID: 39bd569f-62f9-4df1-8c88-a55388c3311a
*** Element info: {Using=xpath, value=//a[@href='/login']}
01:51:14.432  INFO  tests.TestBase       ###### Finished  #########
01:51:14.432  INFO  tests.TestBase             ############### Start  test regPositiveTest
01:51:14.433  INFO  manager.MyListener  Start searching element by By.xpath: //button[.='Sign Out']
01:51:24.462  INFO  manager.MyListener  The element with locator by By.xpath: //button[.='Sign Out'] is found successfully
01:51:24.463  INFO  manager.NGListener  Start of the test: regPositiveTest
01:51:24.464  INFO  manager.MyListener  Start searching element by By.xpath: //a[@href='/login']
01:51:24.578  INFO  manager.MyListener  The element with locator by By.xpath: //a[@href='/login'] is found successfully
01:51:25.305  INFO  manager.MyListener  Start searching element by By.xpath: //input[1]
01:51:25.322  INFO  manager.MyListener  The element with locator by By.xpath: //input[1] is found successfully
01:51:25.889  INFO  manager.MyListener  Start searching element by By.xpath: //input[2]
01:51:25.902  INFO  manager.MyListener  The element with locator by By.xpath: //input[2] is found successfully
01:51:26.676  INFO  manager.MyListener  Start searching element by By.xpath: //button[2]
01:51:26.696  INFO  manager.MyListener  The element with locator by By.xpath: //button[2] is found successfully
01:51:27.134  INFO  manager.MyListener  Start searching element by By.xpath: //a[text()='ADD']
01:51:27.169  INFO  manager.MyListener  The element with locator by By.xpath: //a[text()='ADD'] is found successfully
01:51:27.175  INFO  manager.NGListener  Test Success: regPositiveTest
01:51:27.176  INFO  tests.TestBase       ###### Finished  #########
01:51:27.178  INFO  tests.TestBase             ############### Start  test registrationWrongEmail
01:51:27.178  INFO  manager.MyListener  Start searching element by By.xpath: //button[.='Sign Out']
01:51:27.195  INFO  manager.MyListener  The element with locator by By.xpath: //button[.='Sign Out'] is found successfully
01:51:27.195  INFO  manager.MyListener  Start searching element by By.xpath: //button[.='Sign Out']
01:51:27.209  INFO  manager.MyListener  The element with locator by By.xpath: //button[.='Sign Out'] is found successfully
01:51:27.945  INFO  manager.NGListener  Start of the test: registrationWrongEmail
01:51:27.946  INFO  manager.MyListener  Start searching element by By.xpath: //a[@href='/login']
01:51:27.966  INFO  manager.MyListener  The element with locator by By.xpath: //a[@href='/login'] is found successfully
01:51:28.442  INFO  tests.TestBase  registrationWrongEmail starts with name3088mail.com & $Abcd1234
01:51:28.442  INFO  manager.MyListener  Start searching element by By.xpath: //input[1]
01:51:28.459  INFO  manager.MyListener  The element with locator by By.xpath: //input[1] is found successfully
01:51:29.236  INFO  manager.MyListener  Start searching element by By.xpath: //input[2]
01:51:29.252  INFO  manager.MyListener  The element with locator by By.xpath: //input[2] is found successfully
01:51:29.754  INFO  manager.MyListener  Start searching element by By.xpath: //button[2]
01:51:29.767  INFO  manager.MyListener  The element with locator by By.xpath: //button[2] is found successfully
01:51:31.066  INFO  manager.NGListener  Test Success: registrationWrongEmail
01:51:31.069  INFO  tests.TestBase       ###### Finished  #########
