15:27:00.120  INFO  manager.ApplicationManager  Testing on Firefox Driver
15:27:00.583  INFO  tests.TestBase             ############### Start  test loginNegativeTestWrongEmail
15:27:00.585  INFO  manager.NGListener  Start of the test: loginNegativeTestWrongEmail
15:27:00.586  INFO  manager.MyListener  Start searching element by By.xpath: //a[@href='/login']
15:27:00.615  INFO  manager.MyListener  The element with locator by By.xpath: //a[@href='/login'] is found successfully
15:27:00.885  INFO  manager.MyListener  Start searching element by By.xpath: //input[1]
15:27:00.902  INFO  manager.MyListener  The element with locator by By.xpath: //input[1] is found successfully
15:27:01.182  INFO  manager.MyListener  Start searching element by By.xpath: //input[2]
15:27:01.195  INFO  manager.MyListener  The element with locator by By.xpath: //input[2] is found successfully
15:27:01.487  INFO  manager.MyListener  Start searching element by By.xpath: //button[1]
15:27:01.491  INFO  manager.MyListener  The element with locator by By.xpath: //button[1] is found successfully
15:27:01.734  INFO  manager.NGListener  Test Success: loginNegativeTestWrongEmail
15:27:01.734  INFO  tests.TestBase       ###### Finished  #########
15:27:01.737  INFO  tests.TestBase             ############### Start  test loginNegativeTestWrongPassword
15:27:01.738  INFO  manager.NGListener  Start of the test: loginNegativeTestWrongPassword
15:27:01.738  INFO  manager.MyListener  Start searching element by By.xpath: //a[@href='/login']
15:27:01.753  INFO  manager.MyListener  The element with locator by By.xpath: //a[@href='/login'] is found successfully
15:27:01.975  INFO  manager.MyListener  Start searching element by By.xpath: //input[1]
15:27:02.640  INFO  manager.MyListener  Something went wrong!
15:27:02.640  INFO  manager.MyListener  Failed to convert data to an object
Build info: version: '3.141.59', revision: 'e82be7d358', time: '2018-11-14T08:17:03'
System info: host: 'LAPTOP-QKHLCVKT', ip: '192.168.88.107', os.name: 'Windows 11', os.arch: 'amd64', os.version: '10.0', java.version: '1.8.0_333'
Driver info: org.openqa.selenium.firefox.FirefoxDriver
Capabilities {acceptInsecureCerts: true, browserName: firefox, browserVersion: 113.0.1, javascriptEnabled: true, moz:accessibilityChecks: false, moz:buildID: 20230511191846, moz:geckodriverVersion: 0.32.0, moz:headless: false, moz:platformVersion: 10.0, moz:processID: 18828, moz:profile: C:\Users\Liora\AppData\Loca..., moz:shutdownTimeout: 60000, moz:useNonSpecCompliantPointerOrigin: false, moz:webdriverClick: true, moz:windowless: false, pageLoadStrategy: normal, platform: WINDOWS, platformName: WINDOWS, proxy: Proxy(), setWindowRect: true, strictFileInteractability: false, timeouts: {implicit: 0, pageLoad: 300000, script: 30000}, unhandledPromptBehavior: dismiss and notify}
Session ID: d6c0bf2e-f659-447b-9f8c-d471c06700fe
*** Element info: {Using=xpath, value=//input[1]}
15:27:02.641  INFO  manager.MyListener  org.openqa.selenium.WebDriverException: Failed to convert data to an object
Build info: version: '3.141.59', revision: 'e82be7d358', time: '2018-11-14T08:17:03'
System info: host: 'LAPTOP-QKHLCVKT', ip: '192.168.88.107', os.name: 'Windows 11', os.arch: 'amd64', os.version: '10.0', java.version: '1.8.0_333'
Driver info: org.openqa.selenium.firefox.FirefoxDriver
Capabilities {acceptInsecureCerts: true, browserName: firefox, browserVersion: 113.0.1, javascriptEnabled: true, moz:accessibilityChecks: false, moz:buildID: 20230511191846, moz:geckodriverVersion: 0.32.0, moz:headless: false, moz:platformVersion: 10.0, moz:processID: 18828, moz:profile: C:\Users\Liora\AppData\Loca..., moz:shutdownTimeout: 60000, moz:useNonSpecCompliantPointerOrigin: false, moz:webdriverClick: true, moz:windowless: false, pageLoadStrategy: normal, platform: WINDOWS, platformName: WINDOWS, proxy: Proxy(), setWindowRect: true, strictFileInteractability: false, timeouts: {implicit: 0, pageLoad: 300000, script: 30000}, unhandledPromptBehavior: dismiss and notify}
Session ID: d6c0bf2e-f659-447b-9f8c-d471c06700fe
*** Element info: {Using=xpath, value=//input[1]}
15:27:02.654  INFO  manager.NGListener  Test Failure: org.openqa.selenium.UnhandledAlertException: Dismissed user prompt dialog: Wrong email or password: 
Build info: version: '3.141.59', revision: 'e82be7d358', time: '2018-11-14T08:17:03'
System info: host: 'LAPTOP-QKHLCVKT', ip: '192.168.88.107', os.name: 'Windows 11', os.arch: 'amd64', os.version: '10.0', java.version: '1.8.0_333'
Driver info: org.openqa.selenium.firefox.FirefoxDriver
Capabilities {acceptInsecureCerts: true, browserName: firefox, browserVersion: 113.0.1, javascriptEnabled: true, moz:accessibilityChecks: false, moz:buildID: 20230511191846, moz:geckodriverVersion: 0.32.0, moz:headless: false, moz:platformVersion: 10.0, moz:processID: 18828, moz:profile: C:\Users\Liora\AppData\Loca..., moz:shutdownTimeout: 60000, moz:useNonSpecCompliantPointerOrigin: false, moz:webdriverClick: true, moz:windowless: false, pageLoadStrategy: normal, platform: WINDOWS, platformName: WINDOWS, proxy: Proxy(), setWindowRect: true, strictFileInteractability: false, timeouts: {implicit: 0, pageLoad: 300000, script: 30000}, unhandledPromptBehavior: dismiss and notify}
Session ID: d6c0bf2e-f659-447b-9f8c-d471c06700fe
15:27:02.654  INFO  tests.TestBase       ###### Finished  #########
