20:19:26.079  INFO  manager.ApplicationManager  Testing on Firefox Driver
20:19:26.554  INFO  tests.TestBase             ############### Start  test loginNegativeTestWrongEmail
20:19:26.556  INFO  manager.NGListener  Start of the test: loginNegativeTestWrongEmail
20:19:26.557  INFO  manager.MyListener  Start searching element by By.xpath: //a[@href='/login']
20:19:26.579  INFO  manager.MyListener  The element with locator by By.xpath: //a[@href='/login'] is found successfully
20:19:26.845  INFO  manager.MyListener  Start searching element by By.xpath: //input[1]
20:19:26.862  INFO  manager.MyListener  The element with locator by By.xpath: //input[1] is found successfully
20:19:27.142  INFO  manager.MyListener  Start searching element by By.xpath: //input[2]
20:19:27.158  INFO  manager.MyListener  The element with locator by By.xpath: //input[2] is found successfully
20:19:27.438  INFO  manager.MyListener  Start searching element by By.xpath: //button[1]
20:19:27.456  INFO  manager.MyListener  The element with locator by By.xpath: //button[1] is found successfully
20:19:27.697  INFO  manager.NGListener  Test Success: loginNegativeTestWrongEmail
20:19:27.698  INFO  tests.TestBase       ###### Finished  #########
20:19:27.698  INFO  tests.TestBase             ############### Start  test loginPositiveTest
20:19:27.698  INFO  manager.NGListener  Start of the test: loginPositiveTest
20:19:27.698  INFO  manager.MyListener  Start searching element by By.xpath: //a[@href='/login']
20:19:27.717  INFO  manager.MyListener  The element with locator by By.xpath: //a[@href='/login'] is found successfully
20:19:27.939  INFO  manager.MyListener  Start searching element by By.xpath: //input[1]
20:19:28.721  INFO  manager.MyListener  Something went wrong!
20:19:28.721  INFO  manager.MyListener  Failed to convert data to an object
Build info: version: '3.141.59', revision: 'e82be7d358', time: '2018-11-14T08:17:03'
System info: host: 'LAPTOP-QKHLCVKT', ip: '192.168.88.107', os.name: 'Windows 11', os.arch: 'amd64', os.version: '10.0', java.version: '1.8.0_333'
Driver info: org.openqa.selenium.firefox.FirefoxDriver
Capabilities {acceptInsecureCerts: true, browserName: firefox, browserVersion: 113.0.1, javascriptEnabled: true, moz:accessibilityChecks: false, moz:buildID: 20230511191846, moz:geckodriverVersion: 0.32.0, moz:headless: false, moz:platformVersion: 10.0, moz:processID: 22268, moz:profile: C:\Users\Liora\AppData\Loca..., moz:shutdownTimeout: 60000, moz:useNonSpecCompliantPointerOrigin: false, moz:webdriverClick: true, moz:windowless: false, pageLoadStrategy: normal, platform: WINDOWS, platformName: WINDOWS, proxy: Proxy(), setWindowRect: true, strictFileInteractability: false, timeouts: {implicit: 0, pageLoad: 300000, script: 30000}, unhandledPromptBehavior: dismiss and notify}
Session ID: 80ebde04-77c7-4d00-8257-2765c96a14fc
*** Element info: {Using=xpath, value=//input[1]}
20:19:28.721  INFO  manager.MyListener  org.openqa.selenium.WebDriverException: Failed to convert data to an object
Build info: version: '3.141.59', revision: 'e82be7d358', time: '2018-11-14T08:17:03'
System info: host: 'LAPTOP-QKHLCVKT', ip: '192.168.88.107', os.name: 'Windows 11', os.arch: 'amd64', os.version: '10.0', java.version: '1.8.0_333'
Driver info: org.openqa.selenium.firefox.FirefoxDriver
Capabilities {acceptInsecureCerts: true, browserName: firefox, browserVersion: 113.0.1, javascriptEnabled: true, moz:accessibilityChecks: false, moz:buildID: 20230511191846, moz:geckodriverVersion: 0.32.0, moz:headless: false, moz:platformVersion: 10.0, moz:processID: 22268, moz:profile: C:\Users\Liora\AppData\Loca..., moz:shutdownTimeout: 60000, moz:useNonSpecCompliantPointerOrigin: false, moz:webdriverClick: true, moz:windowless: false, pageLoadStrategy: normal, platform: WINDOWS, platformName: WINDOWS, proxy: Proxy(), setWindowRect: true, strictFileInteractability: false, timeouts: {implicit: 0, pageLoad: 300000, script: 30000}, unhandledPromptBehavior: dismiss and notify}
Session ID: 80ebde04-77c7-4d00-8257-2765c96a14fc
*** Element info: {Using=xpath, value=//input[1]}
20:19:28.732  INFO  manager.NGListener  Test Failure: org.openqa.selenium.UnhandledAlertException: Dismissed user prompt dialog: Wrong email or password: 
Build info: version: '3.141.59', revision: 'e82be7d358', time: '2018-11-14T08:17:03'
System info: host: 'LAPTOP-QKHLCVKT', ip: '192.168.88.107', os.name: 'Windows 11', os.arch: 'amd64', os.version: '10.0', java.version: '1.8.0_333'
Driver info: org.openqa.selenium.firefox.FirefoxDriver
Capabilities {acceptInsecureCerts: true, browserName: firefox, browserVersion: 113.0.1, javascriptEnabled: true, moz:accessibilityChecks: false, moz:buildID: 20230511191846, moz:geckodriverVersion: 0.32.0, moz:headless: false, moz:platformVersion: 10.0, moz:processID: 22268, moz:profile: C:\Users\Liora\AppData\Loca..., moz:shutdownTimeout: 60000, moz:useNonSpecCompliantPointerOrigin: false, moz:webdriverClick: true, moz:windowless: false, pageLoadStrategy: normal, platform: WINDOWS, platformName: WINDOWS, proxy: Proxy(), setWindowRect: true, strictFileInteractability: false, timeouts: {implicit: 0, pageLoad: 300000, script: 30000}, unhandledPromptBehavior: dismiss and notify}
Session ID: 80ebde04-77c7-4d00-8257-2765c96a14fc
20:19:28.732  INFO  tests.TestBase       ###### Finished  #########
20:19:28.735  INFO  tests.TestBase             ############### Start  test loginNegativeTestWrongEmail
20:19:28.736  INFO  manager.NGListener  Start of the test: loginNegativeTestWrongEmail
20:19:28.736  INFO  manager.MyListener  Start searching element by By.xpath: //a[@href='/login']
20:19:28.744  INFO  manager.MyListener  The element with locator by By.xpath: //a[@href='/login'] is found successfully
20:19:28.984  INFO  manager.MyListener  Start searching element by By.xpath: //input[1]
20:19:28.990  INFO  manager.MyListener  The element with locator by By.xpath: //input[1] is found successfully
20:19:29.247  INFO  manager.MyListener  Start searching element by By.xpath: //input[2]
20:19:29.253  INFO  manager.MyListener  The element with locator by By.xpath: //input[2] is found successfully
20:19:29.529  INFO  manager.MyListener  Start searching element by By.xpath: //button[1]
20:19:29.535  INFO  manager.MyListener  The element with locator by By.xpath: //button[1] is found successfully
20:19:29.759  INFO  manager.NGListener  Test Success: loginNegativeTestWrongEmail
20:19:29.759  INFO  tests.TestBase       ###### Finished  #########
20:19:29.760  INFO  tests.TestBase             ############### Start  test loginPositiveTest
20:19:29.760  INFO  manager.NGListener  Start of the test: loginPositiveTest
20:19:29.760  INFO  manager.MyListener  Start searching element by By.xpath: //a[@href='/login']
20:19:29.768  INFO  manager.MyListener  The element with locator by By.xpath: //a[@href='/login'] is found successfully
20:19:29.943  INFO  manager.MyListener  Start searching element by By.xpath: //input[1]
20:19:30.966  INFO  manager.MyListener  Something went wrong!
20:19:30.966  INFO  manager.MyListener  Dismissed user prompt dialog: Wrong email or password: 
Build info: version: '3.141.59', revision: 'e82be7d358', time: '2018-11-14T08:17:03'
System info: host: 'LAPTOP-QKHLCVKT', ip: '192.168.88.107', os.name: 'Windows 11', os.arch: 'amd64', os.version: '10.0', java.version: '1.8.0_333'
Driver info: org.openqa.selenium.firefox.FirefoxDriver
Capabilities {acceptInsecureCerts: true, browserName: firefox, browserVersion: 113.0.1, javascriptEnabled: true, moz:accessibilityChecks: false, moz:buildID: 20230511191846, moz:geckodriverVersion: 0.32.0, moz:headless: false, moz:platformVersion: 10.0, moz:processID: 22268, moz:profile: C:\Users\Liora\AppData\Loca..., moz:shutdownTimeout: 60000, moz:useNonSpecCompliantPointerOrigin: false, moz:webdriverClick: true, moz:windowless: false, pageLoadStrategy: normal, platform: WINDOWS, platformName: WINDOWS, proxy: Proxy(), setWindowRect: true, strictFileInteractability: false, timeouts: {implicit: 0, pageLoad: 300000, script: 30000}, unhandledPromptBehavior: dismiss and notify}
Session ID: 80ebde04-77c7-4d00-8257-2765c96a14fc
*** Element info: {Using=xpath, value=//input[1]}
20:19:30.966  INFO  manager.MyListener  org.openqa.selenium.UnhandledAlertException: Dismissed user prompt dialog: Wrong email or password: 
Build info: version: '3.141.59', revision: 'e82be7d358', time: '2018-11-14T08:17:03'
System info: host: 'LAPTOP-QKHLCVKT', ip: '192.168.88.107', os.name: 'Windows 11', os.arch: 'amd64', os.version: '10.0', java.version: '1.8.0_333'
Driver info: org.openqa.selenium.firefox.FirefoxDriver
Capabilities {acceptInsecureCerts: true, browserName: firefox, browserVersion: 113.0.1, javascriptEnabled: true, moz:accessibilityChecks: false, moz:buildID: 20230511191846, moz:geckodriverVersion: 0.32.0, moz:headless: false, moz:platformVersion: 10.0, moz:processID: 22268, moz:profile: C:\Users\Liora\AppData\Loca..., moz:shutdownTimeout: 60000, moz:useNonSpecCompliantPointerOrigin: false, moz:webdriverClick: true, moz:windowless: false, pageLoadStrategy: normal, platform: WINDOWS, platformName: WINDOWS, proxy: Proxy(), setWindowRect: true, strictFileInteractability: false, timeouts: {implicit: 0, pageLoad: 300000, script: 30000}, unhandledPromptBehavior: dismiss and notify}
Session ID: 80ebde04-77c7-4d00-8257-2765c96a14fc
*** Element info: {Using=xpath, value=//input[1]}
20:19:31.257  INFO  manager.MyListener  Here is the link to screenshot with error: src/test/screenshots/screenshot - 1170.png
20:19:31.257  INFO  manager.NGListener  Test Failure: org.openqa.selenium.UnhandledAlertException: Dismissed user prompt dialog: Wrong email or password: 
Build info: version: '3.141.59', revision: 'e82be7d358', time: '2018-11-14T08:17:03'
System info: host: 'LAPTOP-QKHLCVKT', ip: '192.168.88.107', os.name: 'Windows 11', os.arch: 'amd64', os.version: '10.0', java.version: '1.8.0_333'
Driver info: org.openqa.selenium.firefox.FirefoxDriver
Capabilities {acceptInsecureCerts: true, browserName: firefox, browserVersion: 113.0.1, javascriptEnabled: true, moz:accessibilityChecks: false, moz:buildID: 20230511191846, moz:geckodriverVersion: 0.32.0, moz:headless: false, moz:platformVersion: 10.0, moz:processID: 22268, moz:profile: C:\Users\Liora\AppData\Loca..., moz:shutdownTimeout: 60000, moz:useNonSpecCompliantPointerOrigin: false, moz:webdriverClick: true, moz:windowless: false, pageLoadStrategy: normal, platform: WINDOWS, platformName: WINDOWS, proxy: Proxy(), setWindowRect: true, strictFileInteractability: false, timeouts: {implicit: 0, pageLoad: 300000, script: 30000}, unhandledPromptBehavior: dismiss and notify}
Session ID: 80ebde04-77c7-4d00-8257-2765c96a14fc
*** Element info: {Using=xpath, value=//input[1]}
20:19:31.258  INFO  tests.TestBase       ###### Finished  #########
20:19:31.258  INFO  tests.TestBase             ############### Start  test regPositiveTest
20:19:31.260  INFO  manager.MyListener  Start searching element by By.xpath: //button[.='Sign Out']
20:19:41.299  INFO  manager.MyListener  The element with locator by By.xpath: //button[.='Sign Out'] is found successfully
20:19:41.300  INFO  manager.NGListener  Start of the test: regPositiveTest
20:19:41.300  INFO  manager.MyListener  Start searching element by By.xpath: //a[@href='/login']
20:19:41.324  INFO  manager.MyListener  The element with locator by By.xpath: //a[@href='/login'] is found successfully
20:19:42.052  INFO  manager.MyListener  Start searching element by By.xpath: //input[1]
20:19:42.074  INFO  manager.MyListener  The element with locator by By.xpath: //input[1] is found successfully
20:19:42.624  INFO  manager.MyListener  Start searching element by By.xpath: //input[2]
20:19:42.644  INFO  manager.MyListener  The element with locator by By.xpath: //input[2] is found successfully
20:19:43.445  INFO  manager.MyListener  Start searching element by By.xpath: //button[2]
20:19:43.459  INFO  manager.MyListener  The element with locator by By.xpath: //button[2] is found successfully
20:19:43.882  INFO  manager.MyListener  Start searching element by By.xpath: //a[text()='ADD']
20:19:43.943  INFO  manager.MyListener  The element with locator by By.xpath: //a[text()='ADD'] is found successfully
20:19:43.945  INFO  manager.NGListener  Test Success: regPositiveTest
20:19:43.946  INFO  tests.TestBase       ###### Finished  #########
20:19:43.946  INFO  tests.TestBase             ############### Start  test registrationWrongEmail
20:19:43.947  INFO  manager.MyListener  Start searching element by By.xpath: //button[.='Sign Out']
20:19:43.955  INFO  manager.MyListener  The element with locator by By.xpath: //button[.='Sign Out'] is found successfully
20:19:43.956  INFO  manager.MyListener  Start searching element by By.xpath: //button[.='Sign Out']
20:19:43.971  INFO  manager.MyListener  The element with locator by By.xpath: //button[.='Sign Out'] is found successfully
20:19:44.702  INFO  manager.NGListener  Start of the test: registrationWrongEmail
20:19:44.703  INFO  manager.MyListener  Start searching element by By.xpath: //a[@href='/login']
20:19:44.719  INFO  manager.MyListener  The element with locator by By.xpath: //a[@href='/login'] is found successfully
20:19:45.203  INFO  tests.TestBase  registrationWrongEmail starts with name1185mail.com & $Abcd1234
20:19:45.203  INFO  manager.MyListener  Start searching element by By.xpath: //input[1]
20:19:45.221  INFO  manager.MyListener  The element with locator by By.xpath: //input[1] is found successfully
20:19:45.998  INFO  manager.MyListener  Start searching element by By.xpath: //input[2]
20:19:46.017  INFO  manager.MyListener  The element with locator by By.xpath: //input[2] is found successfully
20:19:46.503  INFO  manager.MyListener  Start searching element by By.xpath: //button[2]
20:19:46.517  INFO  manager.MyListener  The element with locator by By.xpath: //button[2] is found successfully
20:20:01.984  INFO  manager.NGListener  Test Success: registrationWrongEmail
20:20:01.988  INFO  tests.TestBase       ###### Finished  #########
