15:23:00.240  INFO  manager.ApplicationManager  Testing on Firefox Driver
15:23:00.722  INFO  tests.TestBase             ############### Start  test loginNegativeTestWrongEmail
15:23:00.722  INFO  manager.NGListener  Start of the test: loginNegativeTestWrongEmail
15:23:00.727  INFO  manager.MyListener  Start searching element by By.xpath: //a[@href='/login']
15:23:00.757  INFO  manager.MyListener  The element with locator by By.xpath: //a[@href='/login'] is found successfully
15:23:01.019  INFO  manager.MyListener  Start searching element by By.xpath: //input[1]
15:23:01.037  INFO  manager.MyListener  The element with locator by By.xpath: //input[1] is found successfully
15:23:01.324  INFO  manager.MyListener  Start searching element by By.xpath: //input[2]
15:23:01.328  INFO  manager.MyListener  The element with locator by By.xpath: //input[2] is found successfully
15:23:01.655  INFO  manager.MyListener  Start searching element by By.xpath: //button[1]
15:23:01.672  INFO  manager.MyListener  The element with locator by By.xpath: //button[1] is found successfully
15:23:01.902  INFO  manager.NGListener  Test Success: loginNegativeTestWrongEmail
15:23:01.903  INFO  tests.TestBase       ###### Finished  #########
15:23:01.904  INFO  tests.TestBase             ############### Start  test loginNegativeTestWrongPassword
15:23:01.904  INFO  manager.NGListener  Start of the test: loginNegativeTestWrongPassword
15:23:01.904  INFO  manager.MyListener  Start searching element by By.xpath: //a[@href='/login']
15:23:01.916  INFO  manager.MyListener  The element with locator by By.xpath: //a[@href='/login'] is found successfully
15:23:02.643  INFO  manager.MyListener  Start searching element by By.xpath: //input[1]
15:23:02.827  INFO  manager.MyListener  Something went wrong!
15:23:02.828  INFO  manager.MyListener  Failed to convert data to an object
Build info: version: '3.141.59', revision: 'e82be7d358', time: '2018-11-14T08:17:03'
System info: host: 'LAPTOP-QKHLCVKT', ip: '192.168.88.107', os.name: 'Windows 11', os.arch: 'amd64', os.version: '10.0', java.version: '1.8.0_333'
Driver info: org.openqa.selenium.firefox.FirefoxDriver
Capabilities {acceptInsecureCerts: true, browserName: firefox, browserVersion: 113.0.1, javascriptEnabled: true, moz:accessibilityChecks: false, moz:buildID: 20230511191846, moz:geckodriverVersion: 0.32.0, moz:headless: false, moz:platformVersion: 10.0, moz:processID: 20576, moz:profile: C:\Users\Liora\AppData\Loca..., moz:shutdownTimeout: 60000, moz:useNonSpecCompliantPointerOrigin: false, moz:webdriverClick: true, moz:windowless: false, pageLoadStrategy: normal, platform: WINDOWS, platformName: WINDOWS, proxy: Proxy(), setWindowRect: true, strictFileInteractability: false, timeouts: {implicit: 0, pageLoad: 300000, script: 30000}, unhandledPromptBehavior: dismiss and notify}
Session ID: a1de1377-d0ef-4578-858e-cbef90a20da7
*** Element info: {Using=xpath, value=//input[1]}
15:23:02.828  INFO  manager.MyListener  org.openqa.selenium.WebDriverException: Failed to convert data to an object
Build info: version: '3.141.59', revision: 'e82be7d358', time: '2018-11-14T08:17:03'
System info: host: 'LAPTOP-QKHLCVKT', ip: '192.168.88.107', os.name: 'Windows 11', os.arch: 'amd64', os.version: '10.0', java.version: '1.8.0_333'
Driver info: org.openqa.selenium.firefox.FirefoxDriver
Capabilities {acceptInsecureCerts: true, browserName: firefox, browserVersion: 113.0.1, javascriptEnabled: true, moz:accessibilityChecks: false, moz:buildID: 20230511191846, moz:geckodriverVersion: 0.32.0, moz:headless: false, moz:platformVersion: 10.0, moz:processID: 20576, moz:profile: C:\Users\Liora\AppData\Loca..., moz:shutdownTimeout: 60000, moz:useNonSpecCompliantPointerOrigin: false, moz:webdriverClick: true, moz:windowless: false, pageLoadStrategy: normal, platform: WINDOWS, platformName: WINDOWS, proxy: Proxy(), setWindowRect: true, strictFileInteractability: false, timeouts: {implicit: 0, pageLoad: 300000, script: 30000}, unhandledPromptBehavior: dismiss and notify}
Session ID: a1de1377-d0ef-4578-858e-cbef90a20da7
*** Element info: {Using=xpath, value=//input[1]}
15:23:05.619  INFO  manager.NGListener  Test Failure: org.openqa.selenium.UnhandledAlertException: Dismissed user prompt dialog: Wrong email or password: 
Build info: version: '3.141.59', revision: 'e82be7d358', time: '2018-11-14T08:17:03'
System info: host: 'LAPTOP-QKHLCVKT', ip: '192.168.88.107', os.name: 'Windows 11', os.arch: 'amd64', os.version: '10.0', java.version: '1.8.0_333'
Driver info: org.openqa.selenium.firefox.FirefoxDriver
Capabilities {acceptInsecureCerts: true, browserName: firefox, browserVersion: 113.0.1, javascriptEnabled: true, moz:accessibilityChecks: false, moz:buildID: 20230511191846, moz:geckodriverVersion: 0.32.0, moz:headless: false, moz:platformVersion: 10.0, moz:processID: 20576, moz:profile: C:\Users\Liora\AppData\Loca..., moz:shutdownTimeout: 60000, moz:useNonSpecCompliantPointerOrigin: false, moz:webdriverClick: true, moz:windowless: false, pageLoadStrategy: normal, platform: WINDOWS, platformName: WINDOWS, proxy: Proxy(), setWindowRect: true, strictFileInteractability: false, timeouts: {implicit: 0, pageLoad: 300000, script: 30000}, unhandledPromptBehavior: dismiss and notify}
Session ID: a1de1377-d0ef-4578-858e-cbef90a20da7
15:23:05.621  INFO  tests.TestBase       ###### Finished  #########
