01:56:53.650  INFO  manager.ApplicationManager  Testing on Firefox Driver
01:56:54.097  INFO  tests.TestBase             ############### Start  test loginNegativeTestWrongEmail
01:56:54.098  INFO  manager.NGListener  Start of the test: loginNegativeTestWrongEmail
01:56:54.100  INFO  manager.MyListener  Start searching element by By.xpath: //a[@href='/login']
01:56:54.128  INFO  manager.MyListener  The element with locator by By.xpath: //a[@href='/login'] is found successfully
01:56:54.376  INFO  manager.MyListener  Start searching element by By.xpath: //input[1]
01:56:54.387  INFO  manager.MyListener  The element with locator by By.xpath: //input[1] is found successfully
01:56:54.666  INFO  manager.MyListener  Start searching element by By.xpath: //input[2]
01:56:54.682  INFO  manager.MyListener  The element with locator by By.xpath: //input[2] is found successfully
01:56:54.960  INFO  manager.MyListener  Start searching element by By.xpath: //button[1]
01:56:54.977  INFO  manager.MyListener  The element with locator by By.xpath: //button[1] is found successfully
01:56:55.209  INFO  manager.NGListener  Test Success: loginNegativeTestWrongEmail
01:56:55.210  INFO  tests.TestBase       ###### Finished  #########
01:56:55.211  INFO  tests.TestBase             ############### Start  test loginPositiveTest
01:56:55.212  INFO  manager.NGListener  Start of the test: loginPositiveTest
01:56:55.212  INFO  manager.MyListener  Start searching element by By.xpath: //a[@href='/login']
01:56:55.223  INFO  manager.MyListener  The element with locator by By.xpath: //a[@href='/login'] is found successfully
01:56:55.445  INFO  manager.MyListener  Start searching element by By.xpath: //input[1]
01:56:56.073  INFO  manager.MyListener  Something went wrong!
01:56:56.073  INFO  manager.MyListener  Failed to convert data to an object
Build info: version: '3.141.59', revision: 'e82be7d358', time: '2018-11-14T08:17:03'
System info: host: 'LAPTOP-QKHLCVKT', ip: '192.168.88.107', os.name: 'Windows 11', os.arch: 'amd64', os.version: '10.0', java.version: '1.8.0_333'
Driver info: org.openqa.selenium.firefox.FirefoxDriver
Capabilities {acceptInsecureCerts: true, browserName: firefox, browserVersion: 113.0.1, javascriptEnabled: true, moz:accessibilityChecks: false, moz:buildID: 20230511191846, moz:geckodriverVersion: 0.32.0, moz:headless: false, moz:platformVersion: 10.0, moz:processID: 22140, moz:profile: C:\Users\Liora\AppData\Loca..., moz:shutdownTimeout: 60000, moz:useNonSpecCompliantPointerOrigin: false, moz:webdriverClick: true, moz:windowless: false, pageLoadStrategy: normal, platform: WINDOWS, platformName: WINDOWS, proxy: Proxy(), setWindowRect: true, strictFileInteractability: false, timeouts: {implicit: 0, pageLoad: 300000, script: 30000}, unhandledPromptBehavior: dismiss and notify}
Session ID: 23c49cf0-7387-4259-96ad-1cf60c704c44
*** Element info: {Using=xpath, value=//input[1]}
01:56:56.074  INFO  manager.MyListener  org.openqa.selenium.WebDriverException: Failed to convert data to an object
Build info: version: '3.141.59', revision: 'e82be7d358', time: '2018-11-14T08:17:03'
System info: host: 'LAPTOP-QKHLCVKT', ip: '192.168.88.107', os.name: 'Windows 11', os.arch: 'amd64', os.version: '10.0', java.version: '1.8.0_333'
Driver info: org.openqa.selenium.firefox.FirefoxDriver
Capabilities {acceptInsecureCerts: true, browserName: firefox, browserVersion: 113.0.1, javascriptEnabled: true, moz:accessibilityChecks: false, moz:buildID: 20230511191846, moz:geckodriverVersion: 0.32.0, moz:headless: false, moz:platformVersion: 10.0, moz:processID: 22140, moz:profile: C:\Users\Liora\AppData\Loca..., moz:shutdownTimeout: 60000, moz:useNonSpecCompliantPointerOrigin: false, moz:webdriverClick: true, moz:windowless: false, pageLoadStrategy: normal, platform: WINDOWS, platformName: WINDOWS, proxy: Proxy(), setWindowRect: true, strictFileInteractability: false, timeouts: {implicit: 0, pageLoad: 300000, script: 30000}, unhandledPromptBehavior: dismiss and notify}
Session ID: 23c49cf0-7387-4259-96ad-1cf60c704c44
*** Element info: {Using=xpath, value=//input[1]}
01:56:56.089  INFO  manager.NGListener  Test Failure: org.openqa.selenium.UnhandledAlertException: Dismissed user prompt dialog: Wrong email or password: 
Build info: version: '3.141.59', revision: 'e82be7d358', time: '2018-11-14T08:17:03'
System info: host: 'LAPTOP-QKHLCVKT', ip: '192.168.88.107', os.name: 'Windows 11', os.arch: 'amd64', os.version: '10.0', java.version: '1.8.0_333'
Driver info: org.openqa.selenium.firefox.FirefoxDriver
Capabilities {acceptInsecureCerts: true, browserName: firefox, browserVersion: 113.0.1, javascriptEnabled: true, moz:accessibilityChecks: false, moz:buildID: 20230511191846, moz:geckodriverVersion: 0.32.0, moz:headless: false, moz:platformVersion: 10.0, moz:processID: 22140, moz:profile: C:\Users\Liora\AppData\Loca..., moz:shutdownTimeout: 60000, moz:useNonSpecCompliantPointerOrigin: false, moz:webdriverClick: true, moz:windowless: false, pageLoadStrategy: normal, platform: WINDOWS, platformName: WINDOWS, proxy: Proxy(), setWindowRect: true, strictFileInteractability: false, timeouts: {implicit: 0, pageLoad: 300000, script: 30000}, unhandledPromptBehavior: dismiss and notify}
Session ID: 23c49cf0-7387-4259-96ad-1cf60c704c44
01:56:56.091  INFO  tests.TestBase       ###### Finished  #########
