15:26:33.681  INFO  manager.ApplicationManager  Testing on Firefox Driver
15:26:34.350  INFO  tests.TestBase             ############### Start  test loginNegativeTestWrongEmail
15:26:34.351  INFO  manager.NGListener  Start of the test: loginNegativeTestWrongEmail
15:26:34.354  INFO  manager.MyListener  Start searching element by By.xpath: //a[@href='/login']
15:26:34.402  INFO  manager.MyListener  The element with locator by By.xpath: //a[@href='/login'] is found successfully
15:26:34.689  INFO  manager.MyListener  Start searching element by By.xpath: //input[1]
15:26:34.724  INFO  manager.MyListener  The element with locator by By.xpath: //input[1] is found successfully
15:26:35.536  INFO  manager.MyListener  Start searching element by By.xpath: //input[2]
15:26:35.545  INFO  manager.MyListener  The element with locator by By.xpath: //input[2] is found successfully
15:26:36.108  INFO  manager.MyListener  Start searching element by By.xpath: //button[1]
15:26:36.125  INFO  manager.MyListener  The element with locator by By.xpath: //button[1] is found successfully
15:26:36.874  INFO  manager.NGListener  Test Success: loginNegativeTestWrongEmail
15:26:36.875  INFO  tests.TestBase       ###### Finished  #########
15:26:36.878  INFO  tests.TestBase             ############### Start  test loginNegativeTestWrongPassword
15:26:36.878  INFO  manager.NGListener  Start of the test: loginNegativeTestWrongPassword
15:26:36.879  INFO  manager.MyListener  Start searching element by By.xpath: //a[@href='/login']
15:26:36.895  INFO  manager.MyListener  The element with locator by By.xpath: //a[@href='/login'] is found successfully
15:26:37.313  INFO  manager.MyListener  Start searching element by By.xpath: //input[1]
15:26:37.898  INFO  manager.MyListener  Something went wrong!
15:26:37.898  INFO  manager.MyListener  Dismissed user prompt dialog: Wrong email or password: 
Build info: version: '3.141.59', revision: 'e82be7d358', time: '2018-11-14T08:17:03'
System info: host: 'LAPTOP-QKHLCVKT', ip: '192.168.88.107', os.name: 'Windows 11', os.arch: 'amd64', os.version: '10.0', java.version: '1.8.0_333'
Driver info: org.openqa.selenium.firefox.FirefoxDriver
Capabilities {acceptInsecureCerts: true, browserName: firefox, browserVersion: 113.0.1, javascriptEnabled: true, moz:accessibilityChecks: false, moz:buildID: 20230511191846, moz:geckodriverVersion: 0.32.0, moz:headless: false, moz:platformVersion: 10.0, moz:processID: 29132, moz:profile: C:\Users\Liora\AppData\Loca..., moz:shutdownTimeout: 60000, moz:useNonSpecCompliantPointerOrigin: false, moz:webdriverClick: true, moz:windowless: false, pageLoadStrategy: normal, platform: WINDOWS, platformName: WINDOWS, proxy: Proxy(), setWindowRect: true, strictFileInteractability: false, timeouts: {implicit: 0, pageLoad: 300000, script: 30000}, unhandledPromptBehavior: dismiss and notify}
Session ID: 46e1227d-d625-46da-86d3-d85412c32507
*** Element info: {Using=xpath, value=//input[1]}
15:26:37.898  INFO  manager.MyListener  org.openqa.selenium.UnhandledAlertException: Dismissed user prompt dialog: Wrong email or password: 
Build info: version: '3.141.59', revision: 'e82be7d358', time: '2018-11-14T08:17:03'
System info: host: 'LAPTOP-QKHLCVKT', ip: '192.168.88.107', os.name: 'Windows 11', os.arch: 'amd64', os.version: '10.0', java.version: '1.8.0_333'
Driver info: org.openqa.selenium.firefox.FirefoxDriver
Capabilities {acceptInsecureCerts: true, browserName: firefox, browserVersion: 113.0.1, javascriptEnabled: true, moz:accessibilityChecks: false, moz:buildID: 20230511191846, moz:geckodriverVersion: 0.32.0, moz:headless: false, moz:platformVersion: 10.0, moz:processID: 29132, moz:profile: C:\Users\Liora\AppData\Loca..., moz:shutdownTimeout: 60000, moz:useNonSpecCompliantPointerOrigin: false, moz:webdriverClick: true, moz:windowless: false, pageLoadStrategy: normal, platform: WINDOWS, platformName: WINDOWS, proxy: Proxy(), setWindowRect: true, strictFileInteractability: false, timeouts: {implicit: 0, pageLoad: 300000, script: 30000}, unhandledPromptBehavior: dismiss and notify}
Session ID: 46e1227d-d625-46da-86d3-d85412c32507
*** Element info: {Using=xpath, value=//input[1]}
15:26:38.240  INFO  manager.MyListener  Here is the link to screenshot with error: src/test/screenshots/screenshot - 1597.png
15:26:38.241  INFO  manager.NGListener  Test Failure: org.openqa.selenium.UnhandledAlertException: Dismissed user prompt dialog: Wrong email or password: 
Build info: version: '3.141.59', revision: 'e82be7d358', time: '2018-11-14T08:17:03'
System info: host: 'LAPTOP-QKHLCVKT', ip: '192.168.88.107', os.name: 'Windows 11', os.arch: 'amd64', os.version: '10.0', java.version: '1.8.0_333'
Driver info: org.openqa.selenium.firefox.FirefoxDriver
Capabilities {acceptInsecureCerts: true, browserName: firefox, browserVersion: 113.0.1, javascriptEnabled: true, moz:accessibilityChecks: false, moz:buildID: 20230511191846, moz:geckodriverVersion: 0.32.0, moz:headless: false, moz:platformVersion: 10.0, moz:processID: 29132, moz:profile: C:\Users\Liora\AppData\Loca..., moz:shutdownTimeout: 60000, moz:useNonSpecCompliantPointerOrigin: false, moz:webdriverClick: true, moz:windowless: false, pageLoadStrategy: normal, platform: WINDOWS, platformName: WINDOWS, proxy: Proxy(), setWindowRect: true, strictFileInteractability: false, timeouts: {implicit: 0, pageLoad: 300000, script: 30000}, unhandledPromptBehavior: dismiss and notify}
Session ID: 46e1227d-d625-46da-86d3-d85412c32507
*** Element info: {Using=xpath, value=//input[1]}
15:26:38.241  INFO  tests.TestBase       ###### Finished  #########
